{"meta": {"format": 3, "version": "7.10.7", "timestamp": "2025-09-30T04:16:38.890317", "branch_coverage": true, "show_contexts": false}, "files": {"loan_avengers/__init__.py": {"executed_lines": [1, 48, 49, 50, 53, 60], "summary": {"covered_lines": 5, "num_statements": 5, "percent_covered": 100.0, "percent_covered_display": "100.00", "missing_lines": 0, "excluded_lines": 0, "num_branches": 0, "num_partial_branches": 0, "covered_branches": 0, "missing_branches": 0}, "missing_lines": [], "excluded_lines": [], "executed_branches": [], "missing_branches": [], "functions": {"": {"executed_lines": [1, 48, 49, 50, 53, 60], "summary": {"covered_lines": 5, "num_statements": 5, "percent_covered": 100.0, "percent_covered_display": "100.00", "missing_lines": 0, "excluded_lines": 0, "num_branches": 0, "num_partial_branches": 0, "covered_branches": 0, "missing_branches": 0}, "missing_lines": [], "excluded_lines": [], "executed_branches": [], "missing_branches": []}}, "classes": {"": {"executed_lines": [1, 48, 49, 50, 53, 60], "summary": {"covered_lines": 5, "num_statements": 5, "percent_covered": 100.0, "percent_covered_display": "100.00", "missing_lines": 0, "excluded_lines": 0, "num_branches": 0, "num_partial_branches": 0, "covered_branches": 0, "missing_branches": 0}, "missing_lines": [], "excluded_lines": [], "executed_branches": [], "missing_branches": []}}}, "loan_avengers/agents/__init__.py": {"executed_lines": [1, 11, 20, 28, 33], "summary": {"covered_lines": 4, "num_statements": 8, "percent_covered": 40.0, "percent_covered_display": "40.00", "missing_lines": 4, "excluded_lines": 0, "num_branches": 2, "num_partial_branches": 0, "covered_branches": 0, "missing_branches": 2}, "missing_lines": [22, 23, 25, 30], "excluded_lines": [], "executed_branches": [], "missing_branches": [[22, 23], [22, 25]], "functions": {"get_persona_path": {"executed_lines": [], "summary": {"covered_lines": 0, "num_statements": 3, "percent_covered": 0.0, "percent_covered_display": "0.00", "missing_lines": 3, "excluded_lines": 0, "num_branches": 2, "num_partial_branches": 0, "covered_branches": 0, "missing_branches": 2}, "missing_lines": [22, 23, 25], "excluded_lines": [], "executed_branches": [], "missing_branches": [[22, 23], [22, 25]]}, "get_available_agents": {"executed_lines": [], "summary": {"covered_lines": 0, "num_statements": 1, "percent_covered": 0.0, "percent_covered_display": "0.00", "missing_lines": 1, "excluded_lines": 0, "num_branches": 0, "num_partial_branches": 0, "covered_branches": 0, "missing_branches": 0}, "missing_lines": [30], "excluded_lines": [], "executed_branches": [], "missing_branches": []}, "": {"executed_lines": [1, 11, 20, 28, 33], "summary": {"covered_lines": 4, "num_statements": 4, "percent_covered": 100.0, "percent_covered_display": "100.00", "missing_lines": 0, "excluded_lines": 0, "num_branches": 0, "num_partial_branches": 0, "covered_branches": 0, "missing_branches": 0}, "missing_lines": [], "excluded_lines": [], "executed_branches": [], "missing_branches": []}}, "classes": {"": {"executed_lines": [1, 11, 20, 28, 33], "summary": {"covered_lines": 4, "num_statements": 8, "percent_covered": 40.0, "percent_covered_display": "40.00", "missing_lines": 4, "excluded_lines": 0, "num_branches": 2, "num_partial_branches": 0, "covered_branches": 0, "missing_branches": 2}, "missing_lines": [22, 23, 25, 30], "excluded_lines": [], "executed_branches": [], "missing_branches": [[22, 23], [22, 25]]}}}, "loan_avengers/agents/intake_agent.py": {"executed_lines": [1, 8, 10, 12, 13, 14, 15, 17, 18, 19, 20, 22, 25, 26, 43, 65, 66, 68, 71, 75, 76, 85, 86, 88, 90, 115, 117, 119, 128, 140, 147, 155, 158, 159, 169, 171, 173, 174, 175, 184, 199, 205, 214, 225, 227, 228, 237, 252, 262], "summary": {"covered_lines": 47, "num_statements": 48, "percent_covered": 96.29629629629629, "percent_covered_display": "96.30", "missing_lines": 1, "excluded_lines": 0, "num_branches": 6, "num_partial_branches": 1, "covered_branches": 5, "missing_branches": 1}, "missing_lines": [160], "excluded_lines": [], "executed_branches": [[65, 66], [65, 68], [159, 169], [171, 173], [171, 199]], "missing_branches": [[159, 160]], "functions": {"IntakeAgent.__init__": {"executed_lines": [65, 66, 68, 71, 75, 76, 85, 86, 88], "summary": {"covered_lines": 9, "num_statements": 9, "percent_covered": 100.0, "percent_covered_display": "100.00", "missing_lines": 0, "excluded_lines": 0, "num_branches": 2, "num_partial_branches": 0, "covered_branches": 2, "missing_branches": 0}, "missing_lines": [], "excluded_lines": [], "executed_branches": [[65, 66], [65, 68]], "missing_branches": []}, "IntakeAgent.process_application": {"executed_lines": [115, 117, 119, 128, 140, 147, 155, 158, 159, 169, 171, 173, 174, 175, 184, 199, 205, 214, 225, 227, 228, 237, 252], "summary": {"covered_lines": 23, "num_statements": 24, "percent_covered": 92.85714285714286, "percent_covered_display": "92.86", "missing_lines": 1, "excluded_lines": 0, "num_branches": 4, "num_partial_branches": 1, "covered_branches": 3, "missing_branches": 1}, "missing_lines": [160], "excluded_lines": [], "executed_branches": [[159, 169], [171, 173], [171, 199]], "missing_branches": [[159, 160]]}, "": {"executed_lines": [1, 8, 10, 12, 13, 14, 15, 17, 18, 19, 20, 22, 25, 26, 43, 90, 262], "summary": {"covered_lines": 15, "num_statements": 15, "percent_covered": 100.0, "percent_covered_display": "100.00", "missing_lines": 0, "excluded_lines": 0, "num_branches": 0, "num_partial_branches": 0, "covered_branches": 0, "missing_branches": 0}, "missing_lines": [], "excluded_lines": [], "executed_branches": [], "missing_branches": []}}, "classes": {"IntakeAgent": {"executed_lines": [65, 66, 68, 71, 75, 76, 85, 86, 88, 115, 117, 119, 128, 140, 147, 155, 158, 159, 169, 171, 173, 174, 175, 184, 199, 205, 214, 225, 227, 228, 237, 252], "summary": {"covered_lines": 32, "num_statements": 33, "percent_covered": 94.87179487179488, "percent_covered_display": "94.87", "missing_lines": 1, "excluded_lines": 0, "num_branches": 6, "num_partial_branches": 1, "covered_branches": 5, "missing_branches": 1}, "missing_lines": [160], "excluded_lines": [], "executed_branches": [[65, 66], [65, 68], [159, 169], [171, 173], [171, 199]], "missing_branches": [[159, 160]]}, "": {"executed_lines": [1, 8, 10, 12, 13, 14, 15, 17, 18, 19, 20, 22, 25, 26, 43, 90, 262], "summary": {"covered_lines": 15, "num_statements": 15, "percent_covered": 100.0, "percent_covered_display": "100.00", "missing_lines": 0, "excluded_lines": 0, "num_branches": 0, "num_partial_branches": 0, "covered_branches": 0, "missing_branches": 0}, "missing_lines": [], "excluded_lines": [], "executed_branches": [], "missing_branches": []}}}, "loan_avengers/agents/loan_coordinator.py": {"executed_lines": [], "summary": {"covered_lines": 0, "num_statements": 63, "percent_covered": 0.0, "percent_covered_display": "0.00", "missing_lines": 63, "excluded_lines": 0, "num_branches": 4, "num_partial_branches": 0, "covered_branches": 0, "missing_branches": 4}, "missing_lines": [8, 10, 11, 13, 14, 15, 16, 18, 19, 20, 21, 23, 26, 29, 30, 31, 32, 33, 34, 37, 54, 69, 70, 72, 75, 78, 79, 81, 83, 101, 103, 114, 115, 122, 132, 135, 137, 139, 140, 144, 152, 162, 169, 178, 188, 190, 191, 198, 207, 216, 218, 229, 230, 232, 245, 247, 268, 270, 279, 281, 282, 287, 290], "excluded_lines": [], "executed_branches": [], "missing_branches": [[69, 70], [69, 72], [137, 139], [137, 162]], "functions": {"LoanCoordinator.__init__": {"executed_lines": [], "summary": {"covered_lines": 0, "num_statements": 7, "percent_covered": 0.0, "percent_covered_display": "0.00", "missing_lines": 7, "excluded_lines": 0, "num_branches": 2, "num_partial_branches": 0, "covered_branches": 0, "missing_branches": 2}, "missing_lines": [69, 70, 72, 75, 78, 79, 81], "excluded_lines": [], "executed_branches": [], "missing_branches": [[69, 70], [69, 72]]}, "LoanCoordinator.process_conversation": {"executed_lines": [], "summary": {"covered_lines": 0, "num_statements": 20, "percent_covered": 0.0, "percent_covered_display": "0.00", "missing_lines": 20, "excluded_lines": 0, "num_branches": 2, "num_partial_branches": 0, "covered_branches": 0, "missing_branches": 2}, "missing_lines": [101, 103, 114, 115, 122, 132, 135, 137, 139, 140, 144, 152, 162, 169, 178, 188, 190, 191, 198, 207], "excluded_lines": [], "executed_branches": [], "missing_branches": [[137, 139], [137, 162]]}, "LoanCoordinator._calculate_completion": {"executed_lines": [], "summary": {"covered_lines": 0, "num_statements": 3, "percent_covered": 0.0, "percent_covered_display": "0.00", "missing_lines": 3, "excluded_lines": 0, "num_branches": 0, "num_partial_branches": 0, "covered_branches": 0, "missing_branches": 0}, "missing_lines": [218, 229, 230], "excluded_lines": [], "executed_branches": [], "missing_branches": []}, "LoanCoordinator.create_loan_application": {"executed_lines": [], "summary": {"covered_lines": 0, "num_statements": 8, "percent_covered": 0.0, "percent_covered_display": "0.00", "missing_lines": 8, "excluded_lines": 0, "num_branches": 0, "num_partial_branches": 0, "covered_branches": 0, "missing_branches": 0}, "missing_lines": [245, 247, 268, 270, 279, 281, 282, 287], "excluded_lines": [], "executed_branches": [], "missing_branches": []}, "": {"executed_lines": [], "summary": {"covered_lines": 0, "num_statements": 25, "percent_covered": 0.0, "percent_covered_display": "0.00", "missing_lines": 25, "excluded_lines": 0, "num_branches": 0, "num_partial_branches": 0, "covered_branches": 0, "missing_branches": 0}, "missing_lines": [8, 10, 11, 13, 14, 15, 16, 18, 19, 20, 21, 23, 26, 29, 30, 31, 32, 33, 34, 37, 54, 83, 216, 232, 290], "excluded_lines": [], "executed_branches": [], "missing_branches": []}}, "classes": {"CoordinatorResponse": {"executed_lines": [], "summary": {"covered_lines": 0, "num_statements": 0, "percent_covered": 100.0, "percent_covered_display": "100.00", "missing_lines": 0, "excluded_lines": 0, "num_branches": 0, "num_partial_branches": 0, "covered_branches": 0, "missing_branches": 0}, "missing_lines": [], "excluded_lines": [], "executed_branches": [], "missing_branches": []}, "LoanCoordinator": {"executed_lines": [], "summary": {"covered_lines": 0, "num_statements": 38, "percent_covered": 0.0, "percent_covered_display": "0.00", "missing_lines": 38, "excluded_lines": 0, "num_branches": 4, "num_partial_branches": 0, "covered_branches": 0, "missing_branches": 4}, "missing_lines": [69, 70, 72, 75, 78, 79, 81, 101, 103, 114, 115, 122, 132, 135, 137, 139, 140, 144, 152, 162, 169, 178, 188, 190, 191, 198, 207, 218, 229, 230, 245, 247, 268, 270, 279, 281, 282, 287], "excluded_lines": [], "executed_branches": [], "missing_branches": [[69, 70], [69, 72], [137, 139], [137, 162]]}, "": {"executed_lines": [], "summary": {"covered_lines": 0, "num_statements": 25, "percent_covered": 0.0, "percent_covered_display": "0.00", "missing_lines": 25, "excluded_lines": 0, "num_branches": 0, "num_partial_branches": 0, "covered_branches": 0, "missing_branches": 0}, "missing_lines": [8, 10, 11, 13, 14, 15, 16, 18, 19, 20, 21, 23, 26, 29, 30, 31, 32, 33, 34, 37, 54, 83, 216, 232, 290], "excluded_lines": [], "executed_branches": [], "missing_branches": []}}}, "loan_avengers/agents/mock_sequential_workflow.py": {"executed_lines": [], "summary": {"covered_lines": 0, "num_statements": 166, "percent_covered": 0.0, "percent_covered_display": "0.00", "missing_lines": 166, "excluded_lines": 0, "num_branches": 80, "num_partial_branches": 0, "covered_branches": 0, "missing_branches": 80}, "missing_lines": [8, 10, 11, 12, 13, 15, 17, 20, 23, 24, 25, 27, 28, 31, 34, 35, 37, 38, 40, 41, 44, 47, 57, 58, 59, 60, 61, 62, 63, 66, 69, 71, 73, 78, 79, 82, 85, 88, 89, 92, 94, 97, 109, 111, 113, 114, 115, 116, 117, 118, 119, 122, 123, 124, 125, 126, 127, 128, 130, 133, 134, 135, 136, 137, 138, 139, 141, 144, 146, 148, 149, 151, 152, 153, 154, 156, 157, 159, 161, 164, 167, 169, 170, 171, 172, 173, 174, 175, 176, 178, 181, 182, 183, 186, 196, 199, 201, 203, 204, 206, 210, 211, 212, 213, 214, 215, 217, 218, 219, 220, 221, 224, 227, 228, 229, 230, 233, 236, 237, 238, 239, 240, 243, 245, 246, 248, 271, 272, 273, 274, 277, 280, 281, 282, 283, 284, 285, 286, 287, 288, 289, 290, 291, 295, 296, 297, 298, 299, 300, 301, 302, 303, 304, 305, 306, 309, 311, 312, 313, 316, 317, 318, 321, 323, 327, 330], "excluded_lines": [], "executed_branches": [], "missing_branches": [[78, 79], [78, 82], [92, 94], [92, 97], [109, -73], [109, 111], [111, 113], [111, 146], [114, 115], [114, 116], [116, 117], [116, 118], [118, 119], [118, 122], [123, 124], [123, 125], [125, 126], [125, 127], [127, 128], [127, 130], [133, 134], [133, 141], [134, 135], [134, 136], [136, 137], [136, 138], [138, 139], [138, 144], [146, 148], [146, 161], [151, 152], [151, 156], [167, 169], [167, 171], [171, 172], [171, 173], [173, 174], [173, 175], [175, 176], [175, 178], [182, 183], [182, 186], [210, 211], [210, 233], [211, 212], [211, 224], [213, 214], [213, 233], [217, 218], [217, 219], [224, 227], [224, 233], [236, 237], [236, 243], [238, 239], [238, 243], [243, 245], [243, 277], [246, 248], [246, 277], [272, 273], [272, 277], [280, 281], [280, 295], [282, 283], [282, 295], [285, 286], [285, 287], [295, 296], [295, 309], [296, 297], [296, 309], [299, 300], [299, 301], [301, 302], [301, 303], [312, 313], [312, 316], [317, 318], [317, 321]], "functions": {"MockAgentThread.__init__": {"executed_lines": [], "summary": {"covered_lines": 0, "num_statements": 2, "percent_covered": 0.0, "percent_covered_display": "0.00", "missing_lines": 2, "excluded_lines": 0, "num_branches": 0, "num_partial_branches": 0, "covered_branches": 0, "missing_branches": 0}, "missing_lines": [24, 25], "excluded_lines": [], "executed_branches": [], "missing_branches": []}, "MockAgentThread.add_message": {"executed_lines": [], "summary": {"covered_lines": 0, "num_statements": 1, "percent_covered": 0.0, "percent_covered_display": "0.00", "missing_lines": 1, "excluded_lines": 0, "num_branches": 0, "num_partial_branches": 0, "covered_branches": 0, "missing_branches": 0}, "missing_lines": [28], "excluded_lines": [], "executed_branches": [], "missing_branches": []}, "MockSharedState.__init__": {"executed_lines": [], "summary": {"covered_lines": 0, "num_statements": 1, "percent_covered": 0.0, "percent_covered_display": "0.00", "missing_lines": 1, "excluded_lines": 0, "num_branches": 0, "num_partial_branches": 0, "covered_branches": 0, "missing_branches": 0}, "missing_lines": [35], "excluded_lines": [], "executed_branches": [], "missing_branches": []}, "MockSharedState.set": {"executed_lines": [], "summary": {"covered_lines": 0, "num_statements": 1, "percent_covered": 0.0, "percent_covered_display": "0.00", "missing_lines": 1, "excluded_lines": 0, "num_branches": 0, "num_partial_branches": 0, "covered_branches": 0, "missing_branches": 0}, "missing_lines": [38], "excluded_lines": [], "executed_branches": [], "missing_branches": []}, "MockSharedState.get": {"executed_lines": [], "summary": {"covered_lines": 0, "num_statements": 1, "percent_covered": 0.0, "percent_covered_display": "0.00", "missing_lines": 1, "excluded_lines": 0, "num_branches": 0, "num_partial_branches": 0, "covered_branches": 0, "missing_branches": 0}, "missing_lines": [41], "excluded_lines": [], "executed_branches": [], "missing_branches": []}, "WorkflowResponse.__init__": {"executed_lines": [], "summary": {"covered_lines": 0, "num_statements": 7, "percent_covered": 0.0, "percent_covered_display": "0.00", "missing_lines": 7, "excluded_lines": 0, "num_branches": 0, "num_partial_branches": 0, "covered_branches": 0, "missing_branches": 0}, "missing_lines": [57, 58, 59, 60, 61, 62, 63], "excluded_lines": [], "executed_branches": [], "missing_branches": []}, "MockSequentialLoanWorkflow.__init__": {"executed_lines": [], "summary": {"covered_lines": 0, "num_statements": 1, "percent_covered": 0.0, "percent_covered_display": "0.00", "missing_lines": 1, "excluded_lines": 0, "num_branches": 0, "num_partial_branches": 0, "covered_branches": 0, "missing_branches": 0}, "missing_lines": [71], "excluded_lines": [], "executed_branches": [], "missing_branches": []}, "MockSequentialLoanWorkflow.process_conversation": {"executed_lines": [], "summary": {"covered_lines": 0, "num_statements": 63, "percent_covered": 0.0, "percent_covered_display": "0.00", "missing_lines": 63, "excluded_lines": 0, "num_branches": 42, "num_partial_branches": 0, "covered_branches": 0, "missing_branches": 42}, "missing_lines": [78, 79, 82, 85, 88, 89, 92, 94, 97, 109, 111, 113, 114, 115, 116, 117, 118, 119, 122, 123, 124, 125, 126, 127, 128, 130, 133, 134, 135, 136, 137, 138, 139, 141, 144, 146, 148, 149, 151, 152, 153, 154, 156, 157, 159, 161, 164, 167, 169, 170, 171, 172, 173, 174, 175, 176, 178, 181, 182, 183, 186, 196, 199], "excluded_lines": [], "executed_branches": [], "missing_branches": [[78, 79], [78, 82], [92, 94], [92, 97], [109, -73], [109, 111], [111, 113], [111, 146], [114, 115], [114, 116], [116, 117], [116, 118], [118, 119], [118, 122], [123, 124], [123, 125], [125, 126], [125, 127], [127, 128], [127, 130], [133, 134], [133, 141], [134, 135], [134, 136], [136, 137], [136, 138], [138, 139], [138, 144], [146, 148], [146, 161], [151, 152], [151, 156], [167, 169], [167, 171], [171, 172], [171, 173], [173, 174], [173, 175], [175, 176], [175, 178], [182, 183], [182, 186]]}, "MockSequentialLoanWorkflow._extract_application_data": {"executed_lines": [], "summary": {"covered_lines": 0, "num_statements": 67, "percent_covered": 0.0, "percent_covered_display": "0.00", "missing_lines": 67, "excluded_lines": 0, "num_branches": 38, "num_partial_branches": 0, "covered_branches": 0, "missing_branches": 38}, "missing_lines": [203, 204, 206, 210, 211, 212, 213, 214, 215, 217, 218, 219, 220, 221, 224, 227, 228, 229, 230, 233, 236, 237, 238, 239, 240, 243, 245, 246, 248, 271, 272, 273, 274, 277, 280, 281, 282, 283, 284, 285, 286, 287, 288, 289, 290, 291, 295, 296, 297, 298, 299, 300, 301, 302, 303, 304, 305, 306, 309, 311, 312, 313, 316, 317, 318, 321, 323], "excluded_lines": [], "executed_branches": [], "missing_branches": [[210, 211], [210, 233], [211, 212], [211, 224], [213, 214], [213, 233], [217, 218], [217, 219], [224, 227], [224, 233], [236, 237], [236, 243], [238, 239], [238, 243], [243, 245], [243, 277], [246, 248], [246, 277], [272, 273], [272, 277], [280, 281], [280, 295], [282, 283], [282, 295], [285, 286], [285, 287], [295, 296], [295, 309], [296, 297], [296, 309], [299, 300], [299, 301], [301, 302], [301, 303], [312, 313], [312, 316], [317, 318], [317, 321]]}, "": {"executed_lines": [], "summary": {"covered_lines": 0, "num_statements": 22, "percent_covered": 0.0, "percent_covered_display": "0.00", "missing_lines": 22, "excluded_lines": 0, "num_branches": 0, "num_partial_branches": 0, "covered_branches": 0, "missing_branches": 0}, "missing_lines": [8, 10, 11, 12, 13, 15, 17, 20, 23, 27, 31, 34, 37, 40, 44, 47, 66, 69, 73, 201, 327, 330], "excluded_lines": [], "executed_branches": [], "missing_branches": []}}, "classes": {"MockAgentThread": {"executed_lines": [], "summary": {"covered_lines": 0, "num_statements": 3, "percent_covered": 0.0, "percent_covered_display": "0.00", "missing_lines": 3, "excluded_lines": 0, "num_branches": 0, "num_partial_branches": 0, "covered_branches": 0, "missing_branches": 0}, "missing_lines": [24, 25, 28], "excluded_lines": [], "executed_branches": [], "missing_branches": []}, "MockSharedState": {"executed_lines": [], "summary": {"covered_lines": 0, "num_statements": 3, "percent_covered": 0.0, "percent_covered_display": "0.00", "missing_lines": 3, "excluded_lines": 0, "num_branches": 0, "num_partial_branches": 0, "covered_branches": 0, "missing_branches": 0}, "missing_lines": [35, 38, 41], "excluded_lines": [], "executed_branches": [], "missing_branches": []}, "WorkflowResponse": {"executed_lines": [], "summary": {"covered_lines": 0, "num_statements": 7, "percent_covered": 0.0, "percent_covered_display": "0.00", "missing_lines": 7, "excluded_lines": 0, "num_branches": 0, "num_partial_branches": 0, "covered_branches": 0, "missing_branches": 0}, "missing_lines": [57, 58, 59, 60, 61, 62, 63], "excluded_lines": [], "executed_branches": [], "missing_branches": []}, "MockSequentialLoanWorkflow": {"executed_lines": [], "summary": {"covered_lines": 0, "num_statements": 131, "percent_covered": 0.0, "percent_covered_display": "0.00", "missing_lines": 131, "excluded_lines": 0, "num_branches": 80, "num_partial_branches": 0, "covered_branches": 0, "missing_branches": 80}, "missing_lines": [71, 78, 79, 82, 85, 88, 89, 92, 94, 97, 109, 111, 113, 114, 115, 116, 117, 118, 119, 122, 123, 124, 125, 126, 127, 128, 130, 133, 134, 135, 136, 137, 138, 139, 141, 144, 146, 148, 149, 151, 152, 153, 154, 156, 157, 159, 161, 164, 167, 169, 170, 171, 172, 173, 174, 175, 176, 178, 181, 182, 183, 186, 196, 199, 203, 204, 206, 210, 211, 212, 213, 214, 215, 217, 218, 219, 220, 221, 224, 227, 228, 229, 230, 233, 236, 237, 238, 239, 240, 243, 245, 246, 248, 271, 272, 273, 274, 277, 280, 281, 282, 283, 284, 285, 286, 287, 288, 289, 290, 291, 295, 296, 297, 298, 299, 300, 301, 302, 303, 304, 305, 306, 309, 311, 312, 313, 316, 317, 318, 321, 323], "excluded_lines": [], "executed_branches": [], "missing_branches": [[78, 79], [78, 82], [92, 94], [92, 97], [109, -73], [109, 111], [111, 113], [111, 146], [114, 115], [114, 116], [116, 117], [116, 118], [118, 119], [118, 122], [123, 124], [123, 125], [125, 126], [125, 127], [127, 128], [127, 130], [133, 134], [133, 141], [134, 135], [134, 136], [136, 137], [136, 138], [138, 139], [138, 144], [146, 148], [146, 161], [151, 152], [151, 156], [167, 169], [167, 171], [171, 172], [171, 173], [173, 174], [173, 175], [175, 176], [175, 178], [182, 183], [182, 186], [210, 211], [210, 233], [211, 212], [211, 224], [213, 214], [213, 233], [217, 218], [217, 219], [224, 227], [224, 233], [236, 237], [236, 243], [238, 239], [238, 243], [243, 245], [243, 277], [246, 248], [246, 277], [272, 273], [272, 277], [280, 281], [280, 295], [282, 283], [282, 295], [285, 286], [285, 287], [295, 296], [295, 309], [296, 297], [296, 309], [299, 300], [299, 301], [301, 302], [301, 303], [312, 313], [312, 316], [317, 318], [317, 321]]}, "": {"executed_lines": [], "summary": {"covered_lines": 0, "num_statements": 22, "percent_covered": 0.0, "percent_covered_display": "0.00", "missing_lines": 22, "excluded_lines": 0, "num_branches": 0, "num_partial_branches": 0, "covered_branches": 0, "missing_branches": 0}, "missing_lines": [8, 10, 11, 12, 13, 15, 17, 20, 23, 27, 31, 34, 37, 40, 44, 47, 66, 69, 73, 201, 327, 330], "excluded_lines": [], "executed_branches": [], "missing_branches": []}}}, "loan_avengers/agents/sequential_workflow.py": {"executed_lines": [], "summary": {"covered_lines": 0, "num_statements": 115, "percent_covered": 0.0, "percent_covered_display": "0.00", "missing_lines": 115, "excluded_lines": 0, "num_branches": 34, "num_partial_branches": 0, "covered_branches": 0, "missing_branches": 34}, "missing_lines": [15, 17, 18, 20, 21, 22, 23, 25, 26, 27, 29, 32, 35, 36, 37, 38, 39, 40, 41, 44, 65, 76, 77, 79, 82, 83, 84, 85, 86, 89, 91, 93, 95, 97, 106, 108, 110, 119, 122, 134, 143, 146, 158, 167, 170, 183, 192, 194, 208, 225, 226, 227, 230, 231, 233, 243, 244, 246, 248, 252, 253, 256, 257, 258, 259, 260, 261, 262, 263, 264, 265, 266, 268, 270, 271, 274, 283, 287, 289, 290, 293, 294, 296, 297, 298, 299, 300, 301, 302, 304, 307, 308, 309, 310, 313, 321, 324, 325, 326, 327, 328, 330, 340, 341, 344, 346, 362, 365, 381, 383, 391, 393, 394, 399, 402], "excluded_lines": [], "executed_branches": [], "missing_branches": [[76, 77], [76, 79], [226, 227], [226, 230], [246, 248], [246, 268], [252, 246], [252, 253], [256, 246], [256, 257], [257, 258], [257, 259], [259, 260], [259, 261], [261, 262], [261, 263], [263, 264], [263, 265], [265, 246], [265, 266], [293, 294], [293, 296], [296, 297], [296, 307], [297, 298], [297, 299], [299, 300], [299, 301], [301, 302], [301, 304], [325, 326], [325, 327], [327, 328], [327, 330]], "functions": {"SequentialLoanWorkflow.__init__": {"executed_lines": [], "summary": {"covered_lines": 0, "num_statements": 10, "percent_covered": 0.0, "percent_covered_display": "0.00", "missing_lines": 10, "excluded_lines": 0, "num_branches": 2, "num_partial_branches": 0, "covered_branches": 0, "missing_branches": 2}, "missing_lines": [76, 77, 79, 82, 83, 84, 85, 86, 89, 91], "excluded_lines": [], "executed_branches": [], "missing_branches": [[76, 77], [76, 79]]}, "SequentialLoanWorkflow._create_coordinator_collector": {"executed_lines": [], "summary": {"covered_lines": 0, "num_statements": 2, "percent_covered": 0.0, "percent_covered_display": "0.00", "missing_lines": 2, "excluded_lines": 0, "num_branches": 0, "num_partial_branches": 0, "covered_branches": 0, "missing_branches": 0}, "missing_lines": [95, 97], "excluded_lines": [], "executed_branches": [], "missing_branches": []}, "SequentialLoanWorkflow._create_intake_validator": {"executed_lines": [], "summary": {"covered_lines": 0, "num_statements": 2, "percent_covered": 0.0, "percent_covered_display": "0.00", "missing_lines": 2, "excluded_lines": 0, "num_branches": 0, "num_partial_branches": 0, "covered_branches": 0, "missing_branches": 0}, "missing_lines": [108, 110], "excluded_lines": [], "executed_branches": [], "missing_branches": []}, "SequentialLoanWorkflow._create_credit_assessor": {"executed_lines": [], "summary": {"covered_lines": 0, "num_statements": 2, "percent_covered": 0.0, "percent_covered_display": "0.00", "missing_lines": 2, "excluded_lines": 0, "num_branches": 0, "num_partial_branches": 0, "covered_branches": 0, "missing_branches": 0}, "missing_lines": [122, 134], "excluded_lines": [], "executed_branches": [], "missing_branches": []}, "SequentialLoanWorkflow._create_income_verifier": {"executed_lines": [], "summary": {"covered_lines": 0, "num_statements": 2, "percent_covered": 0.0, "percent_covered_display": "0.00", "missing_lines": 2, "excluded_lines": 0, "num_branches": 0, "num_partial_branches": 0, "covered_branches": 0, "missing_branches": 0}, "missing_lines": [146, 158], "excluded_lines": [], "executed_branches": [], "missing_branches": []}, "SequentialLoanWorkflow._create_risk_analyzer": {"executed_lines": [], "summary": {"covered_lines": 0, "num_statements": 2, "percent_covered": 0.0, "percent_covered_display": "0.00", "missing_lines": 2, "excluded_lines": 0, "num_branches": 0, "num_partial_branches": 0, "covered_branches": 0, "missing_branches": 0}, "missing_lines": [170, 183], "excluded_lines": [], "executed_branches": [], "missing_branches": []}, "SequentialLoanWorkflow._build_sequential_workflow": {"executed_lines": [], "summary": {"covered_lines": 0, "num_statements": 1, "percent_covered": 0.0, "percent_covered_display": "0.00", "missing_lines": 1, "excluded_lines": 0, "num_branches": 0, "num_partial_branches": 0, "covered_branches": 0, "missing_branches": 0}, "missing_lines": [194], "excluded_lines": [], "executed_branches": [], "missing_branches": []}, "SequentialLoanWorkflow.process_conversation": {"executed_lines": [], "summary": {"covered_lines": 0, "num_statements": 27, "percent_covered": 0.0, "percent_covered_display": "0.00", "missing_lines": 27, "excluded_lines": 0, "num_branches": 18, "num_partial_branches": 0, "covered_branches": 0, "missing_branches": 18}, "missing_lines": [225, 226, 227, 230, 231, 233, 243, 244, 246, 248, 252, 253, 256, 257, 258, 259, 260, 261, 262, 263, 264, 265, 266, 268, 270, 271, 274], "excluded_lines": [], "executed_branches": [], "missing_branches": [[226, 227], [226, 230], [246, 248], [246, 268], [252, 246], [252, 253], [256, 246], [256, 257], [257, 258], [257, 259], [259, 260], [259, 261], [261, 262], [261, 263], [263, 264], [263, 265], [265, 246], [265, 266]]}, "SequentialLoanWorkflow._transform_workflow_event": {"executed_lines": [], "summary": {"covered_lines": 0, "num_statements": 28, "percent_covered": 0.0, "percent_covered_display": "0.00", "missing_lines": 28, "excluded_lines": 0, "num_branches": 14, "num_partial_branches": 0, "covered_branches": 0, "missing_branches": 14}, "missing_lines": [287, 289, 290, 293, 294, 296, 297, 298, 299, 300, 301, 302, 304, 307, 308, 309, 310, 313, 321, 324, 325, 326, 327, 328, 330, 340, 341, 344], "excluded_lines": [], "executed_branches": [], "missing_branches": [[293, 294], [293, 296], [296, 297], [296, 307], [297, 298], [297, 299], [299, 300], [299, 301], [301, 302], [301, 304], [325, 326], [325, 327], [327, 328], [327, 330]]}, "SequentialLoanWorkflow.create_loan_application": {"executed_lines": [], "summary": {"covered_lines": 0, "num_statements": 8, "percent_covered": 0.0, "percent_covered_display": "0.00", "missing_lines": 8, "excluded_lines": 0, "num_branches": 0, "num_partial_branches": 0, "covered_branches": 0, "missing_branches": 0}, "missing_lines": [362, 365, 381, 383, 391, 393, 394, 399], "excluded_lines": [], "executed_branches": [], "missing_branches": []}, "": {"executed_lines": [], "summary": {"covered_lines": 0, "num_statements": 31, "percent_covered": 0.0, "percent_covered_display": "0.00", "missing_lines": 31, "excluded_lines": 0, "num_branches": 0, "num_partial_branches": 0, "covered_branches": 0, "missing_branches": 0}, "missing_lines": [15, 17, 18, 20, 21, 22, 23, 25, 26, 27, 29, 32, 35, 36, 37, 38, 39, 40, 41, 44, 65, 93, 106, 119, 143, 167, 192, 208, 283, 346, 402], "excluded_lines": [], "executed_branches": [], "missing_branches": []}}, "classes": {"WorkflowResponse": {"executed_lines": [], "summary": {"covered_lines": 0, "num_statements": 0, "percent_covered": 100.0, "percent_covered_display": "100.00", "missing_lines": 0, "excluded_lines": 0, "num_branches": 0, "num_partial_branches": 0, "covered_branches": 0, "missing_branches": 0}, "missing_lines": [], "excluded_lines": [], "executed_branches": [], "missing_branches": []}, "SequentialLoanWorkflow": {"executed_lines": [], "summary": {"covered_lines": 0, "num_statements": 84, "percent_covered": 0.0, "percent_covered_display": "0.00", "missing_lines": 84, "excluded_lines": 0, "num_branches": 34, "num_partial_branches": 0, "covered_branches": 0, "missing_branches": 34}, "missing_lines": [76, 77, 79, 82, 83, 84, 85, 86, 89, 91, 95, 97, 108, 110, 122, 134, 146, 158, 170, 183, 194, 225, 226, 227, 230, 231, 233, 243, 244, 246, 248, 252, 253, 256, 257, 258, 259, 260, 261, 262, 263, 264, 265, 266, 268, 270, 271, 274, 287, 289, 290, 293, 294, 296, 297, 298, 299, 300, 301, 302, 304, 307, 308, 309, 310, 313, 321, 324, 325, 326, 327, 328, 330, 340, 341, 344, 362, 365, 381, 383, 391, 393, 394, 399], "excluded_lines": [], "executed_branches": [], "missing_branches": [[76, 77], [76, 79], [226, 227], [226, 230], [246, 248], [246, 268], [252, 246], [252, 253], [256, 246], [256, 257], [257, 258], [257, 259], [259, 260], [259, 261], [261, 262], [261, 263], [263, 264], [263, 265], [265, 246], [265, 266], [293, 294], [293, 296], [296, 297], [296, 307], [297, 298], [297, 299], [299, 300], [299, 301], [301, 302], [301, 304], [325, 326], [325, 327], [327, 328], [327, 330]]}, "": {"executed_lines": [], "summary": {"covered_lines": 0, "num_statements": 31, "percent_covered": 0.0, "percent_covered_display": "0.00", "missing_lines": 31, "excluded_lines": 0, "num_branches": 0, "num_partial_branches": 0, "covered_branches": 0, "missing_branches": 0}, "missing_lines": [15, 17, 18, 20, 21, 22, 23, 25, 26, 27, 29, 32, 35, 36, 37, 38, 39, 40, 41, 44, 65, 93, 106, 119, 143, 167, 192, 208, 283, 346, 402], "excluded_lines": [], "executed_branches": [], "missing_branches": []}}}, "loan_avengers/api/__init__.py": {"executed_lines": [], "summary": {"covered_lines": 0, "num_statements": 1, "percent_covered": 0.0, "percent_covered_display": "0.00", "missing_lines": 1, "excluded_lines": 0, "num_branches": 0, "num_partial_branches": 0, "covered_branches": 0, "missing_branches": 0}, "missing_lines": [11], "excluded_lines": [], "executed_branches": [], "missing_branches": [], "functions": {"": {"executed_lines": [], "summary": {"covered_lines": 0, "num_statements": 1, "percent_covered": 0.0, "percent_covered_display": "0.00", "missing_lines": 1, "excluded_lines": 0, "num_branches": 0, "num_partial_branches": 0, "covered_branches": 0, "missing_branches": 0}, "missing_lines": [11], "excluded_lines": [], "executed_branches": [], "missing_branches": []}}, "classes": {"": {"executed_lines": [], "summary": {"covered_lines": 0, "num_statements": 1, "percent_covered": 0.0, "percent_covered_display": "0.00", "missing_lines": 1, "excluded_lines": 0, "num_branches": 0, "num_partial_branches": 0, "covered_branches": 0, "missing_branches": 0}, "missing_lines": [11], "excluded_lines": [], "executed_branches": [], "missing_branches": []}}}, "loan_avengers/api/app.py": {"executed_lines": [], "summary": {"covered_lines": 0, "num_statements": 67, "percent_covered": 0.0, "percent_covered_display": "0.00", "missing_lines": 67, "excluded_lines": 3, "num_branches": 10, "num_partial_branches": 0, "covered_branches": 0, "missing_branches": 10}, "missing_lines": [11, 13, 15, 16, 18, 19, 21, 23, 24, 26, 27, 29, 30, 36, 37, 39, 42, 51, 60, 63, 64, 66, 77, 78, 89, 91, 94, 97, 98, 100, 112, 113, 116, 119, 120, 123, 126, 129, 130, 132, 142, 153, 163, 164, 173, 181, 182, 184, 185, 186, 188, 191, 192, 194, 195, 197, 200, 201, 203, 206, 207, 209, 210, 214, 215, 217, 227], "excluded_lines": [230, 231, 233], "executed_branches": [], "missing_branches": [[113, 116], [113, 119], [119, 120], [119, 153], [129, 130], [129, 132], [185, 186], [185, 188], [194, 195], [194, 197]], "functions": {"health_check": {"executed_lines": [], "summary": {"covered_lines": 0, "num_statements": 1, "percent_covered": 0.0, "percent_covered_display": "0.00", "missing_lines": 1, "excluded_lines": 0, "num_branches": 0, "num_partial_branches": 0, "covered_branches": 0, "missing_branches": 0}, "missing_lines": [66], "excluded_lines": [], "executed_branches": [], "missing_branches": []}, "handle_unified_chat": {"executed_lines": [], "summary": {"covered_lines": 0, "num_statements": 21, "percent_covered": 0.0, "percent_covered_display": "0.00", "missing_lines": 21, "excluded_lines": 0, "num_branches": 6, "num_partial_branches": 0, "covered_branches": 0, "missing_branches": 6}, "missing_lines": [89, 91, 94, 97, 98, 100, 112, 113, 116, 119, 120, 123, 126, 129, 130, 132, 142, 153, 163, 164, 173], "excluded_lines": [], "executed_branches": [], "missing_branches": [[113, 116], [113, 119], [119, 120], [119, 153], [129, 130], [129, 132]]}, "get_session_info": {"executed_lines": [], "summary": {"covered_lines": 0, "num_statements": 4, "percent_covered": 0.0, "percent_covered_display": "0.00", "missing_lines": 4, "excluded_lines": 0, "num_branches": 2, "num_partial_branches": 0, "covered_branches": 0, "missing_branches": 2}, "missing_lines": [184, 185, 186, 188], "excluded_lines": [], "executed_branches": [], "missing_branches": [[185, 186], [185, 188]]}, "delete_session": {"executed_lines": [], "summary": {"covered_lines": 0, "num_statements": 3, "percent_covered": 0.0, "percent_covered_display": "0.00", "missing_lines": 3, "excluded_lines": 0, "num_branches": 2, "num_partial_branches": 0, "covered_branches": 0, "missing_branches": 2}, "missing_lines": [194, 195, 197], "excluded_lines": [], "executed_branches": [], "missing_branches": [[194, 195], [194, 197]]}, "list_sessions": {"executed_lines": [], "summary": {"covered_lines": 0, "num_statements": 1, "percent_covered": 0.0, "percent_covered_display": "0.00", "missing_lines": 1, "excluded_lines": 0, "num_branches": 0, "num_partial_branches": 0, "covered_branches": 0, "missing_branches": 0}, "missing_lines": [203], "excluded_lines": [], "executed_branches": [], "missing_branches": []}, "cleanup_old_sessions": {"executed_lines": [], "summary": {"covered_lines": 0, "num_statements": 2, "percent_covered": 0.0, "percent_covered_display": "0.00", "missing_lines": 2, "excluded_lines": 0, "num_branches": 0, "num_partial_branches": 0, "covered_branches": 0, "missing_branches": 0}, "missing_lines": [209, 210], "excluded_lines": [], "executed_branches": [], "missing_branches": []}, "global_exception_handler": {"executed_lines": [], "summary": {"covered_lines": 0, "num_statements": 2, "percent_covered": 0.0, "percent_covered_display": "0.00", "missing_lines": 2, "excluded_lines": 0, "num_branches": 0, "num_partial_branches": 0, "covered_branches": 0, "missing_branches": 0}, "missing_lines": [217, 227], "excluded_lines": [], "executed_branches": [], "missing_branches": []}, "": {"executed_lines": [], "summary": {"covered_lines": 0, "num_statements": 33, "percent_covered": 0.0, "percent_covered_display": "0.00", "missing_lines": 33, "excluded_lines": 3, "num_branches": 0, "num_partial_branches": 0, "covered_branches": 0, "missing_branches": 0}, "missing_lines": [11, 13, 15, 16, 18, 19, 21, 23, 24, 26, 27, 29, 30, 36, 37, 39, 42, 51, 60, 63, 64, 77, 78, 181, 182, 191, 192, 200, 201, 206, 207, 214, 215], "excluded_lines": [230, 231, 233], "executed_branches": [], "missing_branches": []}}, "classes": {"": {"executed_lines": [], "summary": {"covered_lines": 0, "num_statements": 67, "percent_covered": 0.0, "percent_covered_display": "0.00", "missing_lines": 67, "excluded_lines": 3, "num_branches": 10, "num_partial_branches": 0, "covered_branches": 0, "missing_branches": 10}, "missing_lines": [11, 13, 15, 16, 18, 19, 21, 23, 24, 26, 27, 29, 30, 36, 37, 39, 42, 51, 60, 63, 64, 66, 77, 78, 89, 91, 94, 97, 98, 100, 112, 113, 116, 119, 120, 123, 126, 129, 130, 132, 142, 153, 163, 164, 173, 181, 182, 184, 185, 186, 188, 191, 192, 194, 195, 197, 200, 201, 203, 206, 207, 209, 210, 214, 215, 217, 227], "excluded_lines": [230, 231, 233], "executed_branches": [], "missing_branches": [[113, 116], [113, 119], [119, 120], [119, 153], [129, 130], [129, 132], [185, 186], [185, 188], [194, 195], [194, 197]]}}}, "loan_avengers/api/models.py": {"executed_lines": [], "summary": {"covered_lines": 0, "num_statements": 39, "percent_covered": 0.0, "percent_covered_display": "0.00", "missing_lines": 39, "excluded_lines": 0, "num_branches": 0, "num_partial_branches": 0, "covered_branches": 0, "missing_branches": 0}, "missing_lines": [8, 10, 12, 15, 18, 19, 20, 25, 28, 29, 30, 31, 32, 33, 34, 37, 40, 41, 44, 47, 48, 49, 50, 53, 56, 57, 58, 59, 60, 61, 62, 67, 70, 71, 72, 75, 78, 79, 80], "excluded_lines": [], "executed_branches": [], "missing_branches": [], "functions": {"": {"executed_lines": [], "summary": {"covered_lines": 0, "num_statements": 39, "percent_covered": 0.0, "percent_covered_display": "0.00", "missing_lines": 39, "excluded_lines": 0, "num_branches": 0, "num_partial_branches": 0, "covered_branches": 0, "missing_branches": 0}, "missing_lines": [8, 10, 12, 15, 18, 19, 20, 25, 28, 29, 30, 31, 32, 33, 34, 37, 40, 41, 44, 47, 48, 49, 50, 53, 56, 57, 58, 59, 60, 61, 62, 67, 70, 71, 72, 75, 78, 79, 80], "excluded_lines": [], "executed_branches": [], "missing_branches": []}}, "classes": {"ConversationRequest": {"executed_lines": [], "summary": {"covered_lines": 0, "num_statements": 0, "percent_covered": 100.0, "percent_covered_display": "100.00", "missing_lines": 0, "excluded_lines": 0, "num_branches": 0, "num_partial_branches": 0, "covered_branches": 0, "missing_branches": 0}, "missing_lines": [], "excluded_lines": [], "executed_branches": [], "missing_branches": []}, "ConversationResponse": {"executed_lines": [], "summary": {"covered_lines": 0, "num_statements": 0, "percent_covered": 100.0, "percent_covered_display": "100.00", "missing_lines": 0, "excluded_lines": 0, "num_branches": 0, "num_partial_branches": 0, "covered_branches": 0, "missing_branches": 0}, "missing_lines": [], "excluded_lines": [], "executed_branches": [], "missing_branches": []}, "ProcessingRequest": {"executed_lines": [], "summary": {"covered_lines": 0, "num_statements": 0, "percent_covered": 100.0, "percent_covered_display": "100.00", "missing_lines": 0, "excluded_lines": 0, "num_branches": 0, "num_partial_branches": 0, "covered_branches": 0, "missing_branches": 0}, "missing_lines": [], "excluded_lines": [], "executed_branches": [], "missing_branches": []}, "WorkflowEvent": {"executed_lines": [], "summary": {"covered_lines": 0, "num_statements": 0, "percent_covered": 100.0, "percent_covered_display": "100.00", "missing_lines": 0, "excluded_lines": 0, "num_branches": 0, "num_partial_branches": 0, "covered_branches": 0, "missing_branches": 0}, "missing_lines": [], "excluded_lines": [], "executed_branches": [], "missing_branches": []}, "SessionInfo": {"executed_lines": [], "summary": {"covered_lines": 0, "num_statements": 0, "percent_covered": 100.0, "percent_covered_display": "100.00", "missing_lines": 0, "excluded_lines": 0, "num_branches": 0, "num_partial_branches": 0, "covered_branches": 0, "missing_branches": 0}, "missing_lines": [], "excluded_lines": [], "executed_branches": [], "missing_branches": []}, "ErrorResponse": {"executed_lines": [], "summary": {"covered_lines": 0, "num_statements": 0, "percent_covered": 100.0, "percent_covered_display": "100.00", "missing_lines": 0, "excluded_lines": 0, "num_branches": 0, "num_partial_branches": 0, "covered_branches": 0, "missing_branches": 0}, "missing_lines": [], "excluded_lines": [], "executed_branches": [], "missing_branches": []}, "HealthResponse": {"executed_lines": [], "summary": {"covered_lines": 0, "num_statements": 0, "percent_covered": 100.0, "percent_covered_display": "100.00", "missing_lines": 0, "excluded_lines": 0, "num_branches": 0, "num_partial_branches": 0, "covered_branches": 0, "missing_branches": 0}, "missing_lines": [], "excluded_lines": [], "executed_branches": [], "missing_branches": []}, "": {"executed_lines": [], "summary": {"covered_lines": 0, "num_statements": 39, "percent_covered": 0.0, "percent_covered_display": "0.00", "missing_lines": 39, "excluded_lines": 0, "num_branches": 0, "num_partial_branches": 0, "covered_branches": 0, "missing_branches": 0}, "missing_lines": [8, 10, 12, 15, 18, 19, 20, 25, 28, 29, 30, 31, 32, 33, 34, 37, 40, 41, 44, 47, 48, 49, 50, 53, 56, 57, 58, 59, 60, 61, 62, 67, 70, 71, 72, 75, 78, 79, 80], "excluded_lines": [], "executed_branches": [], "missing_branches": []}}}, "loan_avengers/api/session_manager.py": {"executed_lines": [], "summary": {"covered_lines": 0, "num_statements": 84, "percent_covered": 0.0, "percent_covered_display": "0.00", "missing_lines": 84, "excluded_lines": 0, "num_branches": 10, "num_partial_branches": 0, "covered_branches": 0, "missing_branches": 10}, "missing_lines": [8, 10, 11, 12, 14, 15, 16, 17, 19, 21, 24, 34, 41, 42, 43, 44, 45, 46, 47, 50, 52, 60, 67, 68, 69, 77, 79, 87, 88, 89, 91, 100, 102, 103, 105, 113, 115, 116, 118, 120, 122, 123, 125, 127, 129, 130, 132, 140, 142, 153, 161, 163, 164, 166, 176, 177, 179, 187, 189, 199, 201, 202, 204, 206, 208, 218, 219, 221, 223, 233, 234, 235, 242, 244, 246, 253, 255, 265, 267, 271, 272, 274, 283, 287], "excluded_lines": [], "executed_branches": [], "missing_branches": [[67, 68], [67, 77], [201, 202], [201, 204], [218, 219], [218, 221], [233, 234], [233, 244], [271, 272], [271, 274]], "functions": {"ConversationSession.__init__": {"executed_lines": [], "summary": {"covered_lines": 0, "num_statements": 9, "percent_covered": 0.0, "percent_covered_display": "0.00", "missing_lines": 9, "excluded_lines": 0, "num_branches": 0, "num_partial_branches": 0, "covered_branches": 0, "missing_branches": 0}, "missing_lines": [41, 42, 43, 44, 45, 46, 47, 50, 52], "excluded_lines": [], "executed_branches": [], "missing_branches": []}, "ConversationSession.get_or_create_thread": {"executed_lines": [], "summary": {"covered_lines": 0, "num_statements": 4, "percent_covered": 0.0, "percent_covered_display": "0.00", "missing_lines": 4, "excluded_lines": 0, "num_branches": 2, "num_partial_branches": 0, "covered_branches": 0, "missing_branches": 2}, "missing_lines": [67, 68, 69, 77], "excluded_lines": [], "executed_branches": [], "missing_branches": [[67, 68], [67, 77]]}, "ConversationSession.update_data": {"executed_lines": [], "summary": {"covered_lines": 0, "num_statements": 4, "percent_covered": 0.0, "percent_covered_display": "0.00", "missing_lines": 4, "excluded_lines": 0, "num_branches": 0, "num_partial_branches": 0, "covered_branches": 0, "missing_branches": 0}, "missing_lines": [87, 88, 89, 91], "excluded_lines": [], "executed_branches": [], "missing_branches": []}, "ConversationSession.mark_ready_for_processing": {"executed_lines": [], "summary": {"covered_lines": 0, "num_statements": 3, "percent_covered": 0.0, "percent_covered_display": "0.00", "missing_lines": 3, "excluded_lines": 0, "num_branches": 0, "num_partial_branches": 0, "covered_branches": 0, "missing_branches": 0}, "missing_lines": [102, 103, 105], "excluded_lines": [], "executed_branches": [], "missing_branches": []}, "ConversationSession.mark_processing": {"executed_lines": [], "summary": {"covered_lines": 0, "num_statements": 3, "percent_covered": 0.0, "percent_covered_display": "0.00", "missing_lines": 3, "excluded_lines": 0, "num_branches": 0, "num_partial_branches": 0, "covered_branches": 0, "missing_branches": 0}, "missing_lines": [115, 116, 118], "excluded_lines": [], "executed_branches": [], "missing_branches": []}, "ConversationSession.mark_completed": {"executed_lines": [], "summary": {"covered_lines": 0, "num_statements": 3, "percent_covered": 0.0, "percent_covered_display": "0.00", "missing_lines": 3, "excluded_lines": 0, "num_branches": 0, "num_partial_branches": 0, "covered_branches": 0, "missing_branches": 0}, "missing_lines": [122, 123, 125], "excluded_lines": [], "executed_branches": [], "missing_branches": []}, "ConversationSession.mark_error": {"executed_lines": [], "summary": {"covered_lines": 0, "num_statements": 3, "percent_covered": 0.0, "percent_covered_display": "0.00", "missing_lines": 3, "excluded_lines": 0, "num_branches": 0, "num_partial_branches": 0, "covered_branches": 0, "missing_branches": 0}, "missing_lines": [129, 130, 132], "excluded_lines": [], "executed_branches": [], "missing_branches": []}, "ConversationSession.to_dict": {"executed_lines": [], "summary": {"covered_lines": 0, "num_statements": 1, "percent_covered": 0.0, "percent_covered_display": "0.00", "missing_lines": 1, "excluded_lines": 0, "num_branches": 0, "num_partial_branches": 0, "covered_branches": 0, "missing_branches": 0}, "missing_lines": [142], "excluded_lines": [], "executed_branches": [], "missing_branches": []}, "SessionManager.__init__": {"executed_lines": [], "summary": {"covered_lines": 0, "num_statements": 2, "percent_covered": 0.0, "percent_covered_display": "0.00", "missing_lines": 2, "excluded_lines": 0, "num_branches": 0, "num_partial_branches": 0, "covered_branches": 0, "missing_branches": 0}, "missing_lines": [163, 164], "excluded_lines": [], "executed_branches": [], "missing_branches": []}, "SessionManager.create_session": {"executed_lines": [], "summary": {"covered_lines": 0, "num_statements": 4, "percent_covered": 0.0, "percent_covered_display": "0.00", "missing_lines": 4, "excluded_lines": 0, "num_branches": 0, "num_partial_branches": 0, "covered_branches": 0, "missing_branches": 0}, "missing_lines": [176, 177, 179, 187], "excluded_lines": [], "executed_branches": [], "missing_branches": []}, "SessionManager.get_session": {"executed_lines": [], "summary": {"covered_lines": 0, "num_statements": 5, "percent_covered": 0.0, "percent_covered_display": "0.00", "missing_lines": 5, "excluded_lines": 0, "num_branches": 2, "num_partial_branches": 0, "covered_branches": 0, "missing_branches": 2}, "missing_lines": [199, 201, 202, 204, 206], "excluded_lines": [], "executed_branches": [], "missing_branches": [[201, 202], [201, 204]]}, "SessionManager.get_or_create_session": {"executed_lines": [], "summary": {"covered_lines": 0, "num_statements": 3, "percent_covered": 0.0, "percent_covered_display": "0.00", "missing_lines": 3, "excluded_lines": 0, "num_branches": 2, "num_partial_branches": 0, "covered_branches": 0, "missing_branches": 2}, "missing_lines": [218, 219, 221], "excluded_lines": [], "executed_branches": [], "missing_branches": [[218, 219], [218, 221]]}, "SessionManager.delete_session": {"executed_lines": [], "summary": {"covered_lines": 0, "num_statements": 5, "percent_covered": 0.0, "percent_covered_display": "0.00", "missing_lines": 5, "excluded_lines": 0, "num_branches": 2, "num_partial_branches": 0, "covered_branches": 0, "missing_branches": 2}, "missing_lines": [233, 234, 235, 242, 244], "excluded_lines": [], "executed_branches": [], "missing_branches": [[233, 234], [233, 244]]}, "SessionManager.list_sessions": {"executed_lines": [], "summary": {"covered_lines": 0, "num_statements": 1, "percent_covered": 0.0, "percent_covered_display": "0.00", "missing_lines": 1, "excluded_lines": 0, "num_branches": 0, "num_partial_branches": 0, "covered_branches": 0, "missing_branches": 0}, "missing_lines": [253], "excluded_lines": [], "executed_branches": [], "missing_branches": []}, "SessionManager.cleanup_old_sessions": {"executed_lines": [], "summary": {"covered_lines": 0, "num_statements": 6, "percent_covered": 0.0, "percent_covered_display": "0.00", "missing_lines": 6, "excluded_lines": 0, "num_branches": 2, "num_partial_branches": 0, "covered_branches": 0, "missing_branches": 2}, "missing_lines": [265, 267, 271, 272, 274, 283], "excluded_lines": [], "executed_branches": [], "missing_branches": [[271, 272], [271, 274]]}, "": {"executed_lines": [], "summary": {"covered_lines": 0, "num_statements": 28, "percent_covered": 0.0, "percent_covered_display": "0.00", "missing_lines": 28, "excluded_lines": 0, "num_branches": 0, "num_partial_branches": 0, "covered_branches": 0, "missing_branches": 0}, "missing_lines": [8, 10, 11, 12, 14, 15, 16, 17, 19, 21, 24, 34, 60, 79, 100, 113, 120, 127, 140, 153, 161, 166, 189, 208, 223, 246, 255, 287], "excluded_lines": [], "executed_branches": [], "missing_branches": []}}, "classes": {"ConversationSession": {"executed_lines": [], "summary": {"covered_lines": 0, "num_statements": 30, "percent_covered": 0.0, "percent_covered_display": "0.00", "missing_lines": 30, "excluded_lines": 0, "num_branches": 2, "num_partial_branches": 0, "covered_branches": 0, "missing_branches": 2}, "missing_lines": [41, 42, 43, 44, 45, 46, 47, 50, 52, 67, 68, 69, 77, 87, 88, 89, 91, 102, 103, 105, 115, 116, 118, 122, 123, 125, 129, 130, 132, 142], "excluded_lines": [], "executed_branches": [], "missing_branches": [[67, 68], [67, 77]]}, "SessionManager": {"executed_lines": [], "summary": {"covered_lines": 0, "num_statements": 26, "percent_covered": 0.0, "percent_covered_display": "0.00", "missing_lines": 26, "excluded_lines": 0, "num_branches": 8, "num_partial_branches": 0, "covered_branches": 0, "missing_branches": 8}, "missing_lines": [163, 164, 176, 177, 179, 187, 199, 201, 202, 204, 206, 218, 219, 221, 233, 234, 235, 242, 244, 253, 265, 267, 271, 272, 274, 283], "excluded_lines": [], "executed_branches": [], "missing_branches": [[201, 202], [201, 204], [218, 219], [218, 221], [233, 234], [233, 244], [271, 272], [271, 274]]}, "": {"executed_lines": [], "summary": {"covered_lines": 0, "num_statements": 28, "percent_covered": 0.0, "percent_covered_display": "0.00", "missing_lines": 28, "excluded_lines": 0, "num_branches": 0, "num_partial_branches": 0, "covered_branches": 0, "missing_branches": 0}, "missing_lines": [8, 10, 11, 12, 14, 15, 16, 17, 19, 21, 24, 34, 60, 79, 100, 113, 120, 127, 140, 153, 161, 166, 189, 208, 223, 246, 255, 287], "excluded_lines": [], "executed_branches": [], "missing_branches": []}}}, "loan_avengers/config/__init__.py": {"executed_lines": [], "summary": {"covered_lines": 0, "num_statements": 0, "percent_covered": 100.0, "percent_covered_display": "100.00", "missing_lines": 0, "excluded_lines": 0, "num_branches": 0, "num_partial_branches": 0, "covered_branches": 0, "missing_branches": 0}, "missing_lines": [], "excluded_lines": [], "executed_branches": [], "missing_branches": [], "functions": {"": {"executed_lines": [], "summary": {"covered_lines": 0, "num_statements": 0, "percent_covered": 100.0, "percent_covered_display": "100.00", "missing_lines": 0, "excluded_lines": 0, "num_branches": 0, "num_partial_branches": 0, "covered_branches": 0, "missing_branches": 0}, "missing_lines": [], "excluded_lines": [], "executed_branches": [], "missing_branches": []}}, "classes": {"": {"executed_lines": [], "summary": {"covered_lines": 0, "num_statements": 0, "percent_covered": 100.0, "percent_covered_display": "100.00", "missing_lines": 0, "excluded_lines": 0, "num_branches": 0, "num_partial_branches": 0, "covered_branches": 0, "missing_branches": 0}, "missing_lines": [], "excluded_lines": [], "executed_branches": [], "missing_branches": []}}}, "loan_avengers/config/settings.py": {"executed_lines": [], "summary": {"covered_lines": 0, "num_statements": 46, "percent_covered": 0.0, "percent_covered_display": "0.00", "missing_lines": 46, "excluded_lines": 0, "num_branches": 12, "num_partial_branches": 0, "covered_branches": 0, "missing_branches": 12}, "missing_lines": [8, 9, 10, 12, 15, 16, 18, 19, 21, 24, 27, 29, 30, 32, 33, 35, 36, 38, 39, 41, 42, 44, 47, 49, 50, 51, 54, 55, 56, 58, 60, 62, 64, 65, 67, 69, 71, 72, 74, 76, 78, 80, 81, 84, 86, 89], "excluded_lines": [], "executed_branches": [], "missing_branches": [[35, 36], [35, 38], [38, 39], [38, 41], [47, 49], [47, 60], [50, 51], [50, 54], [55, 47], [55, 56], [64, 65], [64, 67]], "functions": {"MCPServerConfig.__init__": {"executed_lines": [], "summary": {"covered_lines": 0, "num_statements": 2, "percent_covered": 0.0, "percent_covered_display": "0.00", "missing_lines": 2, "excluded_lines": 0, "num_branches": 0, "num_partial_branches": 0, "covered_branches": 0, "missing_branches": 0}, "missing_lines": [29, 30], "excluded_lines": [], "executed_branches": [], "missing_branches": []}, "MCPServerConfig.load_from_yaml": {"executed_lines": [], "summary": {"covered_lines": 0, "num_statements": 16, "percent_covered": 0.0, "percent_covered_display": "0.00", "missing_lines": 16, "excluded_lines": 0, "num_branches": 10, "num_partial_branches": 0, "covered_branches": 0, "missing_branches": 10}, "missing_lines": [35, 36, 38, 39, 41, 42, 44, 47, 49, 50, 51, 54, 55, 56, 58, 60], "excluded_lines": [], "executed_branches": [], "missing_branches": [[35, 36], [35, 38], [38, 39], [38, 41], [47, 49], [47, 60], [50, 51], [50, 54], [55, 47], [55, 56]]}, "MCPServerConfig.get_server_config": {"executed_lines": [], "summary": {"covered_lines": 0, "num_statements": 3, "percent_covered": 0.0, "percent_covered_display": "0.00", "missing_lines": 3, "excluded_lines": 0, "num_branches": 2, "num_partial_branches": 0, "covered_branches": 0, "missing_branches": 2}, "missing_lines": [64, 65, 67], "excluded_lines": [], "executed_branches": [], "missing_branches": [[64, 65], [64, 67]]}, "MCPServerConfig.get_server_url": {"executed_lines": [], "summary": {"covered_lines": 0, "num_statements": 2, "percent_covered": 0.0, "percent_covered_display": "0.00", "missing_lines": 2, "excluded_lines": 0, "num_branches": 0, "num_partial_branches": 0, "covered_branches": 0, "missing_branches": 0}, "missing_lines": [71, 72], "excluded_lines": [], "executed_branches": [], "missing_branches": []}, "MCPServerConfig.get_available_servers": {"executed_lines": [], "summary": {"covered_lines": 0, "num_statements": 1, "percent_covered": 0.0, "percent_covered_display": "0.00", "missing_lines": 1, "excluded_lines": 0, "num_branches": 0, "num_partial_branches": 0, "covered_branches": 0, "missing_branches": 0}, "missing_lines": [76], "excluded_lines": [], "executed_branches": [], "missing_branches": []}, "MCPServerConfig.get_server_tools": {"executed_lines": [], "summary": {"covered_lines": 0, "num_statements": 2, "percent_covered": 0.0, "percent_covered_display": "0.00", "missing_lines": 2, "excluded_lines": 0, "num_branches": 0, "num_partial_branches": 0, "covered_branches": 0, "missing_branches": 0}, "missing_lines": [80, 81], "excluded_lines": [], "executed_branches": [], "missing_branches": []}, "get_mcp_config": {"executed_lines": [], "summary": {"covered_lines": 0, "num_statements": 1, "percent_covered": 0.0, "percent_covered_display": "0.00", "missing_lines": 1, "excluded_lines": 0, "num_branches": 0, "num_partial_branches": 0, "covered_branches": 0, "missing_branches": 0}, "missing_lines": [86], "excluded_lines": [], "executed_branches": [], "missing_branches": []}, "": {"executed_lines": [], "summary": {"covered_lines": 0, "num_statements": 19, "percent_covered": 0.0, "percent_covered_display": "0.00", "missing_lines": 19, "excluded_lines": 0, "num_branches": 0, "num_partial_branches": 0, "covered_branches": 0, "missing_branches": 0}, "missing_lines": [8, 9, 10, 12, 15, 16, 18, 19, 21, 24, 27, 32, 33, 62, 69, 74, 78, 84, 89], "excluded_lines": [], "executed_branches": [], "missing_branches": []}}, "classes": {"MCPServerConfig": {"executed_lines": [], "summary": {"covered_lines": 0, "num_statements": 26, "percent_covered": 0.0, "percent_covered_display": "0.00", "missing_lines": 26, "excluded_lines": 0, "num_branches": 12, "num_partial_branches": 0, "covered_branches": 0, "missing_branches": 12}, "missing_lines": [29, 30, 35, 36, 38, 39, 41, 42, 44, 47, 49, 50, 51, 54, 55, 56, 58, 60, 64, 65, 67, 71, 72, 76, 80, 81], "excluded_lines": [], "executed_branches": [], "missing_branches": [[35, 36], [35, 38], [38, 39], [38, 41], [47, 49], [47, 60], [50, 51], [50, 54], [55, 47], [55, 56], [64, 65], [64, 67]]}, "": {"executed_lines": [], "summary": {"covered_lines": 0, "num_statements": 20, "percent_covered": 0.0, "percent_covered_display": "0.00", "missing_lines": 20, "excluded_lines": 0, "num_branches": 0, "num_partial_branches": 0, "covered_branches": 0, "missing_branches": 0}, "missing_lines": [8, 9, 10, 12, 15, 16, 18, 19, 21, 24, 27, 32, 33, 62, 69, 74, 78, 84, 86, 89], "excluded_lines": [], "executed_branches": [], "missing_branches": []}}}, "loan_avengers/models/__init__.py": {"executed_lines": [1, 17, 22, 31, 37], "summary": {"covered_lines": 4, "num_statements": 4, "percent_covered": 100.0, "percent_covered_display": "100.00", "missing_lines": 0, "excluded_lines": 0, "num_branches": 0, "num_partial_branches": 0, "covered_branches": 0, "missing_branches": 0}, "missing_lines": [], "excluded_lines": [], "executed_branches": [], "missing_branches": [], "functions": {"": {"executed_lines": [1, 17, 22, 31, 37], "summary": {"covered_lines": 4, "num_statements": 4, "percent_covered": 100.0, "percent_covered_display": "100.00", "missing_lines": 0, "excluded_lines": 0, "num_branches": 0, "num_partial_branches": 0, "covered_branches": 0, "missing_branches": 0}, "missing_lines": [], "excluded_lines": [], "executed_branches": [], "missing_branches": []}}, "classes": {"": {"executed_lines": [1, 17, 22, 31, 37], "summary": {"covered_lines": 4, "num_statements": 4, "percent_covered": 100.0, "percent_covered_display": "100.00", "missing_lines": 0, "excluded_lines": 0, "num_branches": 0, "num_partial_branches": 0, "covered_branches": 0, "missing_branches": 0}, "missing_lines": [], "excluded_lines": [], "executed_branches": [], "missing_branches": []}}}, "loan_avengers/models/application.py": {"executed_lines": [1, 8, 10, 11, 12, 13, 15, 18, 19, 21, 22, 23, 24, 25, 28, 29, 31, 32, 33, 34, 35, 36, 37, 40, 41, 49, 55, 57, 62, 64, 69, 72, 74, 76, 83, 85, 87, 89, 92, 96, 100, 102, 107, 110, 114, 125, 129, 130, 137, 138, 144, 148, 153], "summary": {"covered_lines": 49, "num_statements": 59, "percent_covered": 77.77777777777777, "percent_covered_display": "77.78", "missing_lines": 10, "excluded_lines": 0, "num_branches": 4, "num_partial_branches": 0, "covered_branches": 0, "missing_branches": 4}, "missing_lines": [127, 132, 133, 134, 135, 140, 141, 142, 146, 150], "excluded_lines": [], "executed_branches": [], "missing_branches": [[132, 133], [132, 134], [140, 141], [140, 142]], "functions": {"LoanApplication.__hash__": {"executed_lines": [], "summary": {"covered_lines": 0, "num_statements": 1, "percent_covered": 0.0, "percent_covered_display": "0.00", "missing_lines": 1, "excluded_lines": 0, "num_branches": 0, "num_partial_branches": 0, "covered_branches": 0, "missing_branches": 0}, "missing_lines": [127], "excluded_lines": [], "executed_branches": [], "missing_branches": []}, "LoanApplication.debt_to_income_ratio": {"executed_lines": [], "summary": {"covered_lines": 0, "num_statements": 4, "percent_covered": 0.0, "percent_covered_display": "0.00", "missing_lines": 4, "excluded_lines": 0, "num_branches": 2, "num_partial_branches": 0, "covered_branches": 0, "missing_branches": 2}, "missing_lines": [132, 133, 134, 135], "excluded_lines": [], "executed_branches": [], "missing_branches": [[132, 133], [132, 134]]}, "LoanApplication.loan_to_income_ratio": {"executed_lines": [], "summary": {"covered_lines": 0, "num_statements": 3, "percent_covered": 0.0, "percent_covered_display": "0.00", "missing_lines": 3, "excluded_lines": 0, "num_branches": 2, "num_partial_branches": 0, "covered_branches": 0, "missing_branches": 2}, "missing_lines": [140, 141, 142], "excluded_lines": [], "executed_branches": [], "missing_branches": [[140, 141], [140, 142]]}, "LoanApplication.add_custom_field": {"executed_lines": [], "summary": {"covered_lines": 0, "num_statements": 1, "percent_covered": 0.0, "percent_covered_display": "0.00", "missing_lines": 1, "excluded_lines": 0, "num_branches": 0, "num_partial_branches": 0, "covered_branches": 0, "missing_branches": 0}, "missing_lines": [146], "excluded_lines": [], "executed_branches": [], "missing_branches": []}, "LoanApplication.get_custom_field": {"executed_lines": [], "summary": {"covered_lines": 0, "num_statements": 1, "percent_covered": 0.0, "percent_covered_display": "0.00", "missing_lines": 1, "excluded_lines": 0, "num_branches": 0, "num_partial_branches": 0, "covered_branches": 0, "missing_branches": 0}, "missing_lines": [150], "excluded_lines": [], "executed_branches": [], "missing_branches": []}, "": {"executed_lines": [1, 8, 10, 11, 12, 13, 15, 18, 19, 21, 22, 23, 24, 25, 28, 29, 31, 32, 33, 34, 35, 36, 37, 40, 41, 49, 55, 57, 62, 64, 69, 72, 74, 76, 83, 85, 87, 89, 92, 96, 100, 102, 107, 110, 114, 125, 129, 130, 137, 138, 144, 148, 153], "summary": {"covered_lines": 49, "num_statements": 49, "percent_covered": 100.0, "percent_covered_display": "100.00", "missing_lines": 0, "excluded_lines": 0, "num_branches": 0, "num_partial_branches": 0, "covered_branches": 0, "missing_branches": 0}, "missing_lines": [], "excluded_lines": [], "executed_branches": [], "missing_branches": []}}, "classes": {"EmploymentStatus": {"executed_lines": [], "summary": {"covered_lines": 0, "num_statements": 0, "percent_covered": 100.0, "percent_covered_display": "100.00", "missing_lines": 0, "excluded_lines": 0, "num_branches": 0, "num_partial_branches": 0, "covered_branches": 0, "missing_branches": 0}, "missing_lines": [], "excluded_lines": [], "executed_branches": [], "missing_branches": []}, "LoanPurpose": {"executed_lines": [], "summary": {"covered_lines": 0, "num_statements": 0, "percent_covered": 100.0, "percent_covered_display": "100.00", "missing_lines": 0, "excluded_lines": 0, "num_branches": 0, "num_partial_branches": 0, "covered_branches": 0, "missing_branches": 0}, "missing_lines": [], "excluded_lines": [], "executed_branches": [], "missing_branches": []}, "LoanApplication": {"executed_lines": [], "summary": {"covered_lines": 0, "num_statements": 10, "percent_covered": 0.0, "percent_covered_display": "0.00", "missing_lines": 10, "excluded_lines": 0, "num_branches": 4, "num_partial_branches": 0, "covered_branches": 0, "missing_branches": 4}, "missing_lines": [127, 132, 133, 134, 135, 140, 141, 142, 146, 150], "excluded_lines": [], "executed_branches": [], "missing_branches": [[132, 133], [132, 134], [140, 141], [140, 142]]}, "": {"executed_lines": [1, 8, 10, 11, 12, 13, 15, 18, 19, 21, 22, 23, 24, 25, 28, 29, 31, 32, 33, 34, 35, 36, 37, 40, 41, 49, 55, 57, 62, 64, 69, 72, 74, 76, 83, 85, 87, 89, 92, 96, 100, 102, 107, 110, 114, 125, 129, 130, 137, 138, 144, 148, 153], "summary": {"covered_lines": 49, "num_statements": 49, "percent_covered": 100.0, "percent_covered_display": "100.00", "missing_lines": 0, "excluded_lines": 0, "num_branches": 0, "num_partial_branches": 0, "covered_branches": 0, "missing_branches": 0}, "missing_lines": [], "excluded_lines": [], "executed_branches": [], "missing_branches": []}}}, "loan_avengers/models/assessment.py": {"executed_lines": [1, 8, 10, 11, 12, 13, 15, 18, 19, 21, 22, 23, 24, 25, 28, 29, 31, 32, 33, 34, 37, 38, 40, 42, 44, 46, 48, 50, 52, 54, 57, 58, 60, 63, 65, 68, 70, 72, 74, 76, 78, 81, 83, 85, 88, 89, 91, 94, 96, 98, 100, 103, 105, 107, 110, 112, 115, 119, 121, 124, 125, 127, 130, 132, 135, 137, 139, 141, 143, 146, 148, 151, 153, 157, 159, 162, 163, 170, 173, 175, 177, 180, 184, 186, 191, 193, 198], "summary": {"covered_lines": 79, "num_statements": 79, "percent_covered": 100.0, "percent_covered_display": "100.00", "missing_lines": 0, "excluded_lines": 0, "num_branches": 0, "num_partial_branches": 0, "covered_branches": 0, "missing_branches": 0}, "missing_lines": [], "excluded_lines": [], "executed_branches": [], "missing_branches": [], "functions": {"": {"executed_lines": [1, 8, 10, 11, 12, 13, 15, 18, 19, 21, 22, 23, 24, 25, 28, 29, 31, 32, 33, 34, 37, 38, 40, 42, 44, 46, 48, 50, 52, 54, 57, 58, 60, 63, 65, 68, 70, 72, 74, 76, 78, 81, 83, 85, 88, 89, 91, 94, 96, 98, 100, 103, 105, 107, 110, 112, 115, 119, 121, 124, 125, 127, 130, 132, 135, 137, 139, 141, 143, 146, 148, 151, 153, 157, 159, 162, 163, 170, 173, 175, 177, 180, 184, 186, 191, 193, 198], "summary": {"covered_lines": 79, "num_statements": 79, "percent_covered": 100.0, "percent_covered_display": "100.00", "missing_lines": 0, "excluded_lines": 0, "num_branches": 0, "num_partial_branches": 0, "covered_branches": 0, "missing_branches": 0}, "missing_lines": [], "excluded_lines": [], "executed_branches": [], "missing_branches": []}}, "classes": {"AssessmentStatus": {"executed_lines": [], "summary": {"covered_lines": 0, "num_statements": 0, "percent_covered": 100.0, "percent_covered_display": "100.00", "missing_lines": 0, "excluded_lines": 0, "num_branches": 0, "num_partial_branches": 0, "covered_branches": 0, "missing_branches": 0}, "missing_lines": [], "excluded_lines": [], "executed_branches": [], "missing_branches": []}, "RiskLevel": {"executed_lines": [], "summary": {"covered_lines": 0, "num_statements": 0, "percent_covered": 100.0, "percent_covered_display": "100.00", "missing_lines": 0, "excluded_lines": 0, "num_branches": 0, "num_partial_branches": 0, "covered_branches": 0, "missing_branches": 0}, "missing_lines": [], "excluded_lines": [], "executed_branches": [], "missing_branches": []}, "BaseAssessment": {"executed_lines": [], "summary": {"covered_lines": 0, "num_statements": 0, "percent_covered": 100.0, "percent_covered_display": "100.00", "missing_lines": 0, "excluded_lines": 0, "num_branches": 0, "num_partial_branches": 0, "covered_branches": 0, "missing_branches": 0}, "missing_lines": [], "excluded_lines": [], "executed_branches": [], "missing_branches": []}, "CreditAssessment": {"executed_lines": [], "summary": {"covered_lines": 0, "num_statements": 0, "percent_covered": 100.0, "percent_covered_display": "100.00", "missing_lines": 0, "excluded_lines": 0, "num_branches": 0, "num_partial_branches": 0, "covered_branches": 0, "missing_branches": 0}, "missing_lines": [], "excluded_lines": [], "executed_branches": [], "missing_branches": []}, "IncomeVerification": {"executed_lines": [], "summary": {"covered_lines": 0, "num_statements": 0, "percent_covered": 100.0, "percent_covered_display": "100.00", "missing_lines": 0, "excluded_lines": 0, "num_branches": 0, "num_partial_branches": 0, "covered_branches": 0, "missing_branches": 0}, "missing_lines": [], "excluded_lines": [], "executed_branches": [], "missing_branches": []}, "RiskAssessment": {"executed_lines": [], "summary": {"covered_lines": 0, "num_statements": 0, "percent_covered": 100.0, "percent_covered_display": "100.00", "missing_lines": 0, "excluded_lines": 0, "num_branches": 0, "num_partial_branches": 0, "covered_branches": 0, "missing_branches": 0}, "missing_lines": [], "excluded_lines": [], "executed_branches": [], "missing_branches": []}, "ComprehensiveAssessment": {"executed_lines": [], "summary": {"covered_lines": 0, "num_statements": 0, "percent_covered": 100.0, "percent_covered_display": "100.00", "missing_lines": 0, "excluded_lines": 0, "num_branches": 0, "num_partial_branches": 0, "covered_branches": 0, "missing_branches": 0}, "missing_lines": [], "excluded_lines": [], "executed_branches": [], "missing_branches": []}, "": {"executed_lines": [1, 8, 10, 11, 12, 13, 15, 18, 19, 21, 22, 23, 24, 25, 28, 29, 31, 32, 33, 34, 37, 38, 40, 42, 44, 46, 48, 50, 52, 54, 57, 58, 60, 63, 65, 68, 70, 72, 74, 76, 78, 81, 83, 85, 88, 89, 91, 94, 96, 98, 100, 103, 105, 107, 110, 112, 115, 119, 121, 124, 125, 127, 130, 132, 135, 137, 139, 141, 143, 146, 148, 151, 153, 157, 159, 162, 163, 170, 173, 175, 177, 180, 184, 186, 191, 193, 198], "summary": {"covered_lines": 79, "num_statements": 79, "percent_covered": 100.0, "percent_covered_display": "100.00", "missing_lines": 0, "excluded_lines": 0, "num_branches": 0, "num_partial_branches": 0, "covered_branches": 0, "missing_branches": 0}, "missing_lines": [], "excluded_lines": [], "executed_branches": [], "missing_branches": []}}}, "loan_avengers/models/decision.py": {"executed_lines": [1, 8, 10, 11, 12, 14, 17, 18, 20, 21, 22, 23, 24, 27, 28, 35, 38, 40, 42, 45, 49, 51, 54, 56, 59, 61, 63, 65, 70, 72, 74, 77, 79, 81, 83, 84, 88, 89, 97, 102, 108, 109, 116, 118, 120, 122, 124, 126, 128, 131], "summary": {"covered_lines": 46, "num_statements": 52, "percent_covered": 82.14285714285714, "percent_covered_display": "82.14", "missing_lines": 6, "excluded_lines": 0, "num_branches": 4, "num_partial_branches": 0, "covered_branches": 0, "missing_branches": 4}, "missing_lines": [86, 91, 99, 100, 104, 105], "excluded_lines": [], "executed_branches": [], "missing_branches": [[99, -97], [99, 100], [104, -102], [104, 105]], "functions": {"LoanDecision.is_approved": {"executed_lines": [], "summary": {"covered_lines": 0, "num_statements": 1, "percent_covered": 0.0, "percent_covered_display": "0.00", "missing_lines": 1, "excluded_lines": 0, "num_branches": 0, "num_partial_branches": 0, "covered_branches": 0, "missing_branches": 0}, "missing_lines": [86], "excluded_lines": [], "executed_branches": [], "missing_branches": []}, "LoanDecision.requires_action": {"executed_lines": [], "summary": {"covered_lines": 0, "num_statements": 1, "percent_covered": 0.0, "percent_covered_display": "0.00", "missing_lines": 1, "excluded_lines": 0, "num_branches": 0, "num_partial_branches": 0, "covered_branches": 0, "missing_branches": 0}, "missing_lines": [91], "excluded_lines": [], "executed_branches": [], "missing_branches": []}, "LoanDecision.add_condition": {"executed_lines": [], "summary": {"covered_lines": 0, "num_statements": 2, "percent_covered": 0.0, "percent_covered_display": "0.00", "missing_lines": 2, "excluded_lines": 0, "num_branches": 2, "num_partial_branches": 0, "covered_branches": 0, "missing_branches": 2}, "missing_lines": [99, 100], "excluded_lines": [], "executed_branches": [], "missing_branches": [[99, -97], [99, 100]]}, "LoanDecision.add_required_document": {"executed_lines": [], "summary": {"covered_lines": 0, "num_statements": 2, "percent_covered": 0.0, "percent_covered_display": "0.00", "missing_lines": 2, "excluded_lines": 0, "num_branches": 2, "num_partial_branches": 0, "covered_branches": 0, "missing_branches": 2}, "missing_lines": [104, 105], "excluded_lines": [], "executed_branches": [], "missing_branches": [[104, -102], [104, 105]]}, "": {"executed_lines": [1, 8, 10, 11, 12, 14, 17, 18, 20, 21, 22, 23, 24, 27, 28, 35, 38, 40, 42, 45, 49, 51, 54, 56, 59, 61, 63, 65, 70, 72, 74, 77, 79, 81, 83, 84, 88, 89, 97, 102, 108, 109, 116, 118, 120, 122, 124, 126, 128, 131], "summary": {"covered_lines": 46, "num_statements": 46, "percent_covered": 100.0, "percent_covered_display": "100.00", "missing_lines": 0, "excluded_lines": 0, "num_branches": 0, "num_partial_branches": 0, "covered_branches": 0, "missing_branches": 0}, "missing_lines": [], "excluded_lines": [], "executed_branches": [], "missing_branches": []}}, "classes": {"LoanDecisionStatus": {"executed_lines": [], "summary": {"covered_lines": 0, "num_statements": 0, "percent_covered": 100.0, "percent_covered_display": "100.00", "missing_lines": 0, "excluded_lines": 0, "num_branches": 0, "num_partial_branches": 0, "covered_branches": 0, "missing_branches": 0}, "missing_lines": [], "excluded_lines": [], "executed_branches": [], "missing_branches": []}, "LoanDecision": {"executed_lines": [], "summary": {"covered_lines": 0, "num_statements": 6, "percent_covered": 0.0, "percent_covered_display": "0.00", "missing_lines": 6, "excluded_lines": 0, "num_branches": 4, "num_partial_branches": 0, "covered_branches": 0, "missing_branches": 4}, "missing_lines": [86, 91, 99, 100, 104, 105], "excluded_lines": [], "executed_branches": [], "missing_branches": [[99, -97], [99, 100], [104, -102], [104, 105]]}, "DecisionAuditLog": {"executed_lines": [], "summary": {"covered_lines": 0, "num_statements": 0, "percent_covered": 100.0, "percent_covered_display": "100.00", "missing_lines": 0, "excluded_lines": 0, "num_branches": 0, "num_partial_branches": 0, "covered_branches": 0, "missing_branches": 0}, "missing_lines": [], "excluded_lines": [], "executed_branches": [], "missing_branches": []}, "": {"executed_lines": [1, 8, 10, 11, 12, 14, 17, 18, 20, 21, 22, 23, 24, 27, 28, 35, 38, 40, 42, 45, 49, 51, 54, 56, 59, 61, 63, 65, 70, 72, 74, 77, 79, 81, 83, 84, 88, 89, 97, 102, 108, 109, 116, 118, 120, 122, 124, 126, 128, 131], "summary": {"covered_lines": 46, "num_statements": 46, "percent_covered": 100.0, "percent_covered_display": "100.00", "missing_lines": 0, "excluded_lines": 0, "num_branches": 0, "num_partial_branches": 0, "covered_branches": 0, "missing_branches": 0}, "missing_lines": [], "excluded_lines": [], "executed_branches": [], "missing_branches": []}}}, "loan_avengers/models/responses.py": {"executed_lines": [1, 8, 10, 12, 15, 16, 24, 28, 32, 34, 36, 38, 41, 43, 45, 47, 50, 54, 59, 60, 66, 70, 72, 74, 76, 78, 80, 83, 84, 90, 92, 96, 100, 102, 104, 106, 109, 110, 116, 120, 122, 124, 128, 132, 134, 137, 138, 144, 148, 150, 152, 154, 156, 158, 160, 164, 169, 170, 172, 173, 174, 177, 178, 194, 195, 196, 197, 198, 199, 202], "summary": {"covered_lines": 62, "num_statements": 62, "percent_covered": 100.0, "percent_covered_display": "100.00", "missing_lines": 0, "excluded_lines": 0, "num_branches": 0, "num_partial_branches": 0, "covered_branches": 0, "missing_branches": 0}, "missing_lines": [], "excluded_lines": [], "executed_branches": [], "missing_branches": [], "functions": {"": {"executed_lines": [1, 8, 10, 12, 15, 16, 24, 28, 32, 34, 36, 38, 41, 43, 45, 47, 50, 54, 59, 60, 66, 70, 72, 74, 76, 78, 80, 83, 84, 90, 92, 96, 100, 102, 104, 106, 109, 110, 116, 120, 122, 124, 128, 132, 134, 137, 138, 144, 148, 150, 152, 154, 156, 158, 160, 164, 169, 170, 172, 173, 174, 177, 178, 194, 195, 196, 197, 198, 199, 202], "summary": {"covered_lines": 62, "num_statements": 62, "percent_covered": 100.0, "percent_covered_display": "100.00", "missing_lines": 0, "excluded_lines": 0, "num_branches": 0, "num_partial_branches": 0, "covered_branches": 0, "missing_branches": 0}, "missing_lines": [], "excluded_lines": [], "executed_branches": [], "missing_branches": []}}, "classes": {"IntakeAssessment": {"executed_lines": [], "summary": {"covered_lines": 0, "num_statements": 0, "percent_covered": 100.0, "percent_covered_display": "100.00", "missing_lines": 0, "excluded_lines": 0, "num_branches": 0, "num_partial_branches": 0, "covered_branches": 0, "missing_branches": 0}, "missing_lines": [], "excluded_lines": [], "executed_branches": [], "missing_branches": []}, "CreditAssessment": {"executed_lines": [], "summary": {"covered_lines": 0, "num_statements": 0, "percent_covered": 100.0, "percent_covered_display": "100.00", "missing_lines": 0, "excluded_lines": 0, "num_branches": 0, "num_partial_branches": 0, "covered_branches": 0, "missing_branches": 0}, "missing_lines": [], "excluded_lines": [], "executed_branches": [], "missing_branches": []}, "IncomeAssessment": {"executed_lines": [], "summary": {"covered_lines": 0, "num_statements": 0, "percent_covered": 100.0, "percent_covered_display": "100.00", "missing_lines": 0, "excluded_lines": 0, "num_branches": 0, "num_partial_branches": 0, "covered_branches": 0, "missing_branches": 0}, "missing_lines": [], "excluded_lines": [], "executed_branches": [], "missing_branches": []}, "RiskAssessment": {"executed_lines": [], "summary": {"covered_lines": 0, "num_statements": 0, "percent_covered": 100.0, "percent_covered_display": "100.00", "missing_lines": 0, "excluded_lines": 0, "num_branches": 0, "num_partial_branches": 0, "covered_branches": 0, "missing_branches": 0}, "missing_lines": [], "excluded_lines": [], "executed_branches": [], "missing_branches": []}, "LoanDecision": {"executed_lines": [], "summary": {"covered_lines": 0, "num_statements": 0, "percent_covered": 100.0, "percent_covered_display": "100.00", "missing_lines": 0, "excluded_lines": 0, "num_branches": 0, "num_partial_branches": 0, "covered_branches": 0, "missing_branches": 0}, "missing_lines": [], "excluded_lines": [], "executed_branches": [], "missing_branches": []}, "UsageStats": {"executed_lines": [], "summary": {"covered_lines": 0, "num_statements": 0, "percent_covered": 100.0, "percent_covered_display": "100.00", "missing_lines": 0, "excluded_lines": 0, "num_branches": 0, "num_partial_branches": 0, "covered_branches": 0, "missing_branches": 0}, "missing_lines": [], "excluded_lines": [], "executed_branches": [], "missing_branches": []}, "AgentResponse": {"executed_lines": [], "summary": {"covered_lines": 0, "num_statements": 0, "percent_covered": 100.0, "percent_covered_display": "100.00", "missing_lines": 0, "excluded_lines": 0, "num_branches": 0, "num_partial_branches": 0, "covered_branches": 0, "missing_branches": 0}, "missing_lines": [], "excluded_lines": [], "executed_branches": [], "missing_branches": []}, "": {"executed_lines": [1, 8, 10, 12, 15, 16, 24, 28, 32, 34, 36, 38, 41, 43, 45, 47, 50, 54, 59, 60, 66, 70, 72, 74, 76, 78, 80, 83, 84, 90, 92, 96, 100, 102, 104, 106, 109, 110, 116, 120, 122, 124, 128, 132, 134, 137, 138, 144, 148, 150, 152, 154, 156, 158, 160, 164, 169, 170, 172, 173, 174, 177, 178, 194, 195, 196, 197, 198, 199, 202], "summary": {"covered_lines": 62, "num_statements": 62, "percent_covered": 100.0, "percent_covered_display": "100.00", "missing_lines": 0, "excluded_lines": 0, "num_branches": 0, "num_partial_branches": 0, "covered_branches": 0, "missing_branches": 0}, "missing_lines": [], "excluded_lines": [], "executed_branches": [], "missing_branches": []}}}, "loan_avengers/tools/__init__.py": {"executed_lines": [1, 9, 11], "summary": {"covered_lines": 2, "num_statements": 2, "percent_covered": 100.0, "percent_covered_display": "100.00", "missing_lines": 0, "excluded_lines": 0, "num_branches": 0, "num_partial_branches": 0, "covered_branches": 0, "missing_branches": 0}, "missing_lines": [], "excluded_lines": [], "executed_branches": [], "missing_branches": [], "functions": {"": {"executed_lines": [1, 9, 11], "summary": {"covered_lines": 2, "num_statements": 2, "percent_covered": 100.0, "percent_covered_display": "100.00", "missing_lines": 0, "excluded_lines": 0, "num_branches": 0, "num_partial_branches": 0, "covered_branches": 0, "missing_branches": 0}, "missing_lines": [], "excluded_lines": [], "executed_branches": [], "missing_branches": []}}, "classes": {"": {"executed_lines": [1, 9, 11], "summary": {"covered_lines": 2, "num_statements": 2, "percent_covered": 100.0, "percent_covered_display": "100.00", "missing_lines": 0, "excluded_lines": 0, "num_branches": 0, "num_partial_branches": 0, "covered_branches": 0, "
[...]
 83, 84, 85, 86, 87, 88, 89, 90, 91, 92, 93, 94, 95, 96, 106, 107, 108, 109, 110, 111, 112, 113, 114, 115, 116, 117, 118, 119, 120, 121, 127, 128, 129, 130, 131, 132, 133, 134, 135, 136, 137, 138, 139, 140, 151, 152, 153, 154, 155, 156, 157, 158, 159, 160, 161, 162, 163, 164, 165, 166, 167], "executed_branches": [], "missing_branches": []}, "": {"executed_lines": [1, 8, 10, 11, 14, 15, 33, 34, 52, 53, 71, 72, 98, 99, 123, 124, 142, 143], "summary": {"covered_lines": 4, "num_statements": 4, "percent_covered": 100.0, "percent_covered_display": "100.00", "missing_lines": 0, "excluded_lines": 38, "num_branches": 0, "num_partial_branches": 0, "covered_branches": 0, "missing_branches": 0}, "missing_lines": [], "excluded_lines": [33, 34, 35, 36, 52, 53, 54, 55, 71, 72, 73, 74, 75, 76, 77, 78, 79, 98, 99, 100, 101, 102, 103, 104, 105, 123, 124, 125, 126, 142, 143, 144, 145, 146, 147, 148, 149, 150], "executed_branches": [], "missing_branches": []}}}, "loan_avengers/utils/__init__.py": {"executed_lines": [1, 12, 13, 14, 17], "summary": {"covered_lines": 4, "num_statements": 4, "percent_covered": 100.0, "percent_covered_display": "100.00", "missing_lines": 0, "excluded_lines": 0, "num_branches": 0, "num_partial_branches": 0, "covered_branches": 0, "missing_branches": 0}, "missing_lines": [], "excluded_lines": [], "executed_branches": [], "missing_branches": [], "functions": {"": {"executed_lines": [1, 12, 13, 14, 17], "summary": {"covered_lines": 4, "num_statements": 4, "percent_covered": 100.0, "percent_covered_display": "100.00", "missing_lines": 0, "excluded_lines": 0, "num_branches": 0, "num_partial_branches": 0, "covered_branches": 0, "missing_branches": 0}, "missing_lines": [], "excluded_lines": [], "executed_branches": [], "missing_branches": []}}, "classes": {"": {"executed_lines": [1, 12, 13, 14, 17], "summary": {"covered_lines": 4, "num_statements": 4, "percent_covered": 100.0, "percent_covered_display": "100.00", "missing_lines": 0, "excluded_lines": 0, "num_branches": 0, "num_partial_branches": 0, "covered_branches": 0, "missing_branches": 0}, "missing_lines": [], "excluded_lines": [], "executed_branches": [], "missing_branches": []}}}, "loan_avengers/utils/config_loader.py": {"executed_lines": [1, 9, 11, 12, 14, 17, 18, 20, 22, 23, 45, 46, 56, 57, 66, 67, 72, 73, 78, 79, 84, 85, 90], "summary": {"covered_lines": 21, "num_statements": 50, "percent_covered": 33.87096774193548, "percent_covered_display": "33.87", "missing_lines": 29, "excluded_lines": 0, "num_branches": 12, "num_partial_branches": 0, "covered_branches": 0, "missing_branches": 12}, "missing_lines": [25, 26, 28, 30, 31, 33, 34, 37, 38, 39, 40, 42, 43, 48, 50, 51, 52, 54, 59, 61, 62, 64, 69, 70, 75, 76, 81, 82, 87], "excluded_lines": [], "executed_branches": [], "missing_branches": [[25, 26], [25, 28], [30, 31], [30, 33], [38, 39], [38, 42], [39, 38], [39, 40], [50, 51], [50, 54], [61, 62], [61, 64]], "functions": {"ConfigurationLoader.load_config": {"executed_lines": [], "summary": {"covered_lines": 0, "num_statements": 13, "percent_covered": 0.0, "percent_covered_display": "0.00", "missing_lines": 13, "excluded_lines": 0, "num_branches": 8, "num_partial_branches": 0, "covered_branches": 0, "missing_branches": 8}, "missing_lines": [25, 26, 28, 30, 31, 33, 34, 37, 38, 39, 40, 42, 43], "excluded_lines": [], "executed_branches": [], "missing_branches": [[25, 26], [25, 28], [30, 31], [30, 33], [38, 39], [38, 42], [39, 38], [39, 40]]}, "ConfigurationLoader.get_agent_config": {"executed_lines": [], "summary": {"covered_lines": 0, "num_statements": 5, "percent_covered": 0.0, "percent_covered_display": "0.00", "missing_lines": 5, "excluded_lines": 0, "num_branches": 2, "num_partial_branches": 0, "covered_branches": 0, "missing_branches": 2}, "missing_lines": [48, 50, 51, 52, 54], "excluded_lines": [], "executed_branches": [], "missing_branches": [[50, 51], [50, 54]]}, "ConfigurationLoader.get_mcp_server_config": {"executed_lines": [], "summary": {"covered_lines": 0, "num_statements": 4, "percent_covered": 0.0, "percent_covered_display": "0.00", "missing_lines": 4, "excluded_lines": 0, "num_branches": 2, "num_partial_branches": 0, "covered_branches": 0, "missing_branches": 2}, "missing_lines": [59, 61, 62, 64], "excluded_lines": [], "executed_branches": [], "missing_branches": [[61, 62], [61, 64]]}, "ConfigurationLoader.list_agent_types": {"executed_lines": [], "summary": {"covered_lines": 0, "num_statements": 2, "percent_covered": 0.0, "percent_covered_display": "0.00", "missing_lines": 2, "excluded_lines": 0, "num_branches": 0, "num_partial_branches": 0, "covered_branches": 0, "missing_branches": 0}, "missing_lines": [69, 70], "excluded_lines": [], "executed_branches": [], "missing_branches": []}, "ConfigurationLoader.list_mcp_server_types": {"executed_lines": [], "summary": {"covered_lines": 0, "num_statements": 2, "percent_covered": 0.0, "percent_covered_display": "0.00", "missing_lines": 2, "excluded_lines": 0, "num_branches": 0, "num_partial_branches": 0, "covered_branches": 0, "missing_branches": 0}, "missing_lines": [75, 76], "excluded_lines": [], "executed_branches": [], "missing_branches": []}, "ConfigurationLoader.get_agent_capabilities": {"executed_lines": [], "summary": {"covered_lines": 0, "num_statements": 2, "percent_covered": 0.0, "percent_covered_display": "0.00", "missing_lines": 2, "excluded_lines": 0, "num_branches": 0, "num_partial_branches": 0, "covered_branches": 0, "missing_branches": 0}, "missing_lines": [81, 82], "excluded_lines": [], "executed_branches": [], "missing_branches": []}, "ConfigurationLoader.reload_configuration": {"executed_lines": [], "summary": {"covered_lines": 0, "num_statements": 1, "percent_covered": 0.0, "percent_covered_display": "0.00", "missing_lines": 1, "excluded_lines": 0, "num_branches": 0, "num_partial_branches": 0, "covered_branches": 0, "missing_branches": 0}, "missing_lines": [87], "excluded_lines": [], "executed_branches": [], "missing_branches": []}, "": {"executed_lines": [1, 9, 11, 12, 14, 17, 18, 20, 22, 23, 45, 46, 56, 57, 66, 67, 72, 73, 78, 79, 84, 85, 90], "summary": {"covered_lines": 21, "num_statements": 21, "percent_covered": 100.0, "percent_covered_display": "100.00", "missing_lines": 0, "excluded_lines": 0, "num_branches": 0, "num_partial_branches": 0, "covered_branches": 0, "missing_branches": 0}, "missing_lines": [], "excluded_lines": [], "executed_branches": [], "missing_branches": []}}, "classes": {"ConfigurationLoader": {"executed_lines": [], "summary": {"covered_lines": 0, "num_statements": 29, "percent_covered": 0.0, "percent_covered_display": "0.00", "missing_lines": 29, "excluded_lines": 0, "num_branches": 12, "num_partial_branches": 0, "covered_branches": 0, "missing_branches": 12}, "missing_lines": [25, 26, 28, 30, 31, 33, 34, 37, 38, 39, 40, 42, 43, 48, 50, 51, 52, 54, 59, 61, 62, 64, 69, 70, 75, 76, 81, 82, 87], "excluded_lines": [], "executed_branches": [], "missing_branches": [[25, 26], [25, 28], [30, 31], [30, 33], [38, 39], [38, 42], [39, 38], [39, 40], [50, 51], [50, 54], [61, 62], [61, 64]]}, "": {"executed_lines": [1, 9, 11, 12, 14, 17, 18, 20, 22, 23, 45, 46, 56, 57, 66, 67, 72, 73, 78, 79, 84, 85, 90], "summary": {"covered_lines": 21, "num_statements": 21, "percent_covered": 100.0, "percent_covered_display": "100.00", "missing_lines": 0, "excluded_lines": 0, "num_branches": 0, "num_partial_branches": 0, "covered_branches": 0, "missing_branches": 0}, "missing_lines": [], "excluded_lines": [], "executed_branches": [], "missing_branches": []}}}, "loan_avengers/utils/mcp_transport.py": {"executed_lines": [], "summary": {"covered_lines": 0, "num_statements": 23, "percent_covered": 0.0, "percent_covered_display": "0.00", "missing_lines": 23, "excluded_lines": 0, "num_branches": 12, "num_partial_branches": 0, "covered_branches": 0, "missing_branches": 12}, "missing_lines": [7, 8, 9, 11, 14, 36, 37, 38, 40, 42, 43, 44, 45, 46, 47, 50, 53, 64, 65, 66, 67, 69, 72], "excluded_lines": [], "executed_branches": [], "missing_branches": [[37, 38], [37, 40], [42, 43], [42, 50], [44, 45], [44, 46], [46, 47], [46, 50], [64, 65], [64, 66], [66, 67], [66, 69]], "functions": {"parse_mcp_transport_args": {"executed_lines": [], "summary": {"covered_lines": 0, "num_statements": 11, "percent_covered": 0.0, "percent_covered_display": "0.00", "missing_lines": 11, "excluded_lines": 0, "num_branches": 8, "num_partial_branches": 0, "covered_branches": 0, "missing_branches": 8}, "missing_lines": [36, 37, 38, 40, 42, 43, 44, 45, 46, 47, 50], "excluded_lines": [], "executed_branches": [], "missing_branches": [[37, 38], [37, 40], [42, 43], [42, 50], [44, 45], [44, 46], [46, 47], [46, 50]]}, "get_transport_info": {"executed_lines": [], "summary": {"covered_lines": 0, "num_statements": 5, "percent_covered": 0.0, "percent_covered_display": "0.00", "missing_lines": 5, "excluded_lines": 0, "num_branches": 4, "num_partial_branches": 0, "covered_branches": 0, "missing_branches": 4}, "missing_lines": [64, 65, 66, 67, 69], "excluded_lines": [], "executed_branches": [], "missing_branches": [[64, 65], [64, 66], [66, 67], [66, 69]]}, "": {"executed_lines": [], "summary": {"covered_lines": 0, "num_statements": 7, "percent_covered": 0.0, "percent_covered_display": "0.00", "missing_lines": 7, "excluded_lines": 0, "num_branches": 0, "num_partial_branches": 0, "covered_branches": 0, "missing_branches": 0}, "missing_lines": [7, 8, 9, 11, 14, 53, 72], "excluded_lines": [], "executed_branches": [], "missing_branches": []}}, "classes": {"": {"executed_lines": [], "summary": {"covered_lines": 0, "num_statements": 23, "percent_covered": 0.0, "percent_covered_display": "0.00", "missing_lines": 23, "excluded_lines": 0, "num_branches": 12, "num_partial_branches": 0, "covered_branches": 0, "missing_branches": 12}, "missing_lines": [7, 8, 9, 11, 14, 36, 37, 38, 40, 42, 43, 44, 45, 46, 47, 50, 53, 64, 65, 66, 67, 69, 72], "excluded_lines": [], "executed_branches": [], "missing_branches": [[37, 38], [37, 40], [42, 43], [42, 50], [44, 45], [44, 46], [46, 47], [46, 50], [64, 65], [64, 66], [66, 67], [66, 69]]}}}, "loan_avengers/utils/observability.py": {"executed_lines": [1, 8, 10, 11, 13, 14, 15, 17, 23, 24, 26, 28, 29, 36, 37, 40, 41, 42, 45, 52, 59, 60, 64, 66, 67, 78, 80, 84, 85, 91, 92, 96, 97, 101, 102, 118, 120, 121, 122, 123, 125, 126, 128, 129, 130, 133, 134, 136, 137, 144, 146, 148, 150, 151, 168, 169, 170, 173], "summary": {"covered_lines": 56, "num_statements": 68, "percent_covered": 82.95454545454545, "percent_covered_display": "82.95", "missing_lines": 12, "excluded_lines": 0, "num_branches": 20, "num_partial_branches": 3, "covered_branches": 17, "missing_branches": 3}, "missing_lines": [18, 20, 53, 58, 62, 88, 89, 94, 99, 139, 141, 142], "excluded_lines": [], "executed_branches": [[36, 37], [36, 40], [52, 59], [59, 60], [80, 84], [121, 122], [121, 148], [122, 123], [122, 125], [125, 121], [125, 126], [129, 130], [129, 133], [134, 125], [134, 136], [168, 169], [168, 170]], "missing_branches": [[52, 53], [59, 62], [80, 88]], "functions": {"Observability.initialize": {"executed_lines": [36, 37, 40, 41, 42, 45, 52, 59, 60, 64], "summary": {"covered_lines": 10, "num_statements": 13, "percent_covered": 73.6842105263158, "percent_covered_display": "73.68", "missing_lines": 3, "excluded_lines": 0, "num_branches": 6, "num_partial_branches": 2, "covered_branches": 4, "missing_branches": 2}, "missing_lines": [53, 58, 62], "excluded_lines": [], "executed_branches": [[36, 37], [36, 40], [52, 59], [59, 60]], "missing_branches": [[52, 53], [59, 62]]}, "Observability.get_logger": {"executed_lines": [78, 80, 84, 85], "summary": {"covered_lines": 4, "num_statements": 6, "percent_covered": 62.5, "percent_covered_display": "62.50", "missing_lines": 2, "excluded_lines": 0, "num_branches": 2, "num_partial_branches": 1, "covered_branches": 1, "missing_branches": 1}, "missing_lines": [88, 89], "excluded_lines": [], "executed_branches": [[80, 84]], "missing_branches": [[80, 88]]}, "Observability.is_application_insights_enabled": {"executed_lines": [], "summary": {"covered_lines": 0, "num_statements": 1, "percent_covered": 0.0, "percent_covered_display": "0.00", "missing_lines": 1, "excluded_lines": 0, "num_branches": 0, "num_partial_branches": 0, "covered_branches": 0, "missing_branches": 0}, "missing_lines": [94], "excluded_lines": [], "executed_branches": [], "missing_branches": []}, "Observability.get_log_level": {"executed_lines": [], "summary": {"covered_lines": 0, "num_statements": 1, "percent_covered": 0.0, "percent_covered_display": "0.00", "missing_lines": 1, "excluded_lines": 0, "num_branches": 0, "num_partial_branches": 0, "covered_branches": 0, "missing_branches": 0}, "missing_lines": [99], "excluded_lines": [], "executed_branches": [], "missing_branches": []}, "Observability.extract_tool_calls_from_response": {"executed_lines": [118, 120, 121, 122, 123, 125, 126, 128, 129, 130, 133, 134, 136, 137, 144, 146, 148], "summary": {"covered_lines": 17, "num_statements": 20, "percent_covered": 90.0, "percent_covered_display": "90.00", "missing_lines": 3, "excluded_lines": 0, "num_branches": 10, "num_partial_branches": 0, "covered_branches": 10, "missing_branches": 0}, "missing_lines": [139, 141, 142], "excluded_lines": [], "executed_branches": [[121, 122], [121, 148], [122, 123], [122, 125], [125, 121], [125, 126], [129, 130], [129, 133], [134, 125], [134, 136]], "missing_branches": []}, "Observability.mask_application_id": {"executed_lines": [168, 169, 170], "summary": {"covered_lines": 3, "num_statements": 3, "percent_covered": 100.0, "percent_covered_display": "100.00", "missing_lines": 0, "excluded_lines": 0, "num_branches": 2, "num_partial_branches": 0, "covered_branches": 2, "missing_branches": 0}, "missing_lines": [], "excluded_lines": [], "executed_branches": [[168, 169], [168, 170]], "missing_branches": []}, "": {"executed_lines": [1, 8, 10, 11, 13, 14, 15, 17, 23, 24, 26, 28, 29, 66, 67, 91, 92, 96, 97, 101, 102, 150, 151, 173], "summary": {"covered_lines": 22, "num_statements": 24, "percent_covered": 91.66666666666667, "percent_covered_display": "91.67", "missing_lines": 2, "excluded_lines": 0, "num_branches": 0, "num_partial_branches": 0, "covered_branches": 0, "missing_branches": 0}, "missing_lines": [18, 20], "excluded_lines": [], "executed_branches": [], "missing_branches": []}}, "classes": {"Observability": {"executed_lines": [36, 37, 40, 41, 42, 45, 52, 59, 60, 64, 78, 80, 84, 85, 118, 120, 121, 122, 123, 125, 126, 128, 129, 130, 133, 134, 136, 137, 144, 146, 148, 168, 169, 170], "summary": {"covered_lines": 34, "num_statements": 44, "percent_covered": 79.6875, "percent_covered_display": "79.69", "missing_lines": 10, "excluded_lines": 0, "num_branches": 20, "num_partial_branches": 3, "covered_branches": 17, "missing_branches": 3}, "missing_lines": [53, 58, 62, 88, 89, 94, 99, 139, 141, 142], "excluded_lines": [], "executed_branches": [[36, 37], [36, 40], [52, 59], [59, 60], [80, 84], [121, 122], [121, 148], [122, 123], [122, 125], [125, 121], [125, 126], [129, 130], [129, 133], [134, 125], [134, 136], [168, 169], [168, 170]], "missing_branches": [[52, 53], [59, 62], [80, 88]]}, "": {"executed_lines": [1, 8, 10, 11, 13, 14, 15, 17, 23, 24, 26, 28, 29, 66, 67, 91, 92, 96, 97, 101, 102, 150, 151, 173], "summary": {"covered_lines": 22, "num_statements": 24, "percent_covered": 91.66666666666667, "percent_covered_display": "91.67", "missing_lines": 2, "excluded_lines": 0, "num_branches": 0, "num_partial_branches": 0, "covered_branches": 0, "missing_branches": 0}, "missing_lines": [18, 20], "excluded_lines": [], "executed_branches": [], "missing_branches": []}}}, "loan_avengers/utils/persona_loader.py": {"executed_lines": [1, 8, 10, 11, 13, 16, 17, 19, 20, 27, 28, 29, 30, 36, 37, 49, 50, 61, 62, 81, 86], "summary": {"covered_lines": 19, "num_statements": 33, "percent_covered": 51.351351351351354, "percent_covered_display": "51.35", "missing_lines": 14, "excluded_lines": 0, "num_branches": 4, "num_partial_branches": 0, "covered_branches": 0, "missing_branches": 4}, "missing_lines": [31, 32, 46, 47, 59, 68, 69, 70, 72, 73, 74, 75, 77, 83], "excluded_lines": [], "executed_branches": [], "missing_branches": [[69, 70], [69, 72], [73, 74], [73, 77]], "functions": {"PersonaLoader.load_persona": {"executed_lines": [27, 28, 29, 30], "summary": {"covered_lines": 4, "num_statements": 6, "percent_covered": 66.66666666666667, "percent_covered_display": "66.67", "missing_lines": 2, "excluded_lines": 0, "num_branches": 0, "num_partial_branches": 0, "covered_branches": 0, "missing_branches": 0}, "missing_lines": [31, 32], "excluded_lines": [], "executed_branches": [], "missing_branches": []}, "PersonaLoader.get_persona_path": {"executed_lines": [], "summary": {"covered_lines": 0, "num_statements": 2, "percent_covered": 0.0, "percent_covered_display": "0.00", "missing_lines": 2, "excluded_lines": 0, "num_branches": 0, "num_partial_branches": 0, "covered_branches": 0, "missing_branches": 0}, "missing_lines": [46, 47], "excluded_lines": [], "executed_branches": [], "missing_branches": []}, "PersonaLoader.persona_exists": {"executed_lines": [], "summary": {"covered_lines": 0, "num_statements": 1, "percent_covered": 0.0, "percent_covered_display": "0.00", "missing_lines": 1, "excluded_lines": 0, "num_branches": 0, "num_partial_branches": 0, "covered_branches": 0, "missing_branches": 0}, "missing_lines": [59], "excluded_lines": [], "executed_branches": [], "missing_branches": []}, "PersonaLoader.list_available_personas": {"executed_lines": [], "summary": {"covered_lines": 0, "num_statements": 8, "percent_covered": 0.0, "percent_covered_display": "0.00", "missing_lines": 8, "excluded_lines": 0, "num_branches": 4, "num_partial_branches": 0, "covered_branches": 0, "missing_branches": 4}, "missing_lines": [68, 69, 70, 72, 73, 74, 75, 77], "excluded_lines": [], "executed_branches": [], "missing_branches": [[69, 70], [69, 72], [73, 74], [73, 77]]}, "load_persona": {"executed_lines": [], "summary": {"covered_lines": 0, "num_statements": 1, "percent_covered": 0.0, "percent_covered_display": "0.00", "missing_lines": 1, "excluded_lines": 0, "num_branches": 0, "num_partial_branches": 0, "covered_branches": 0, "missing_branches": 0}, "missing_lines": [83], "excluded_lines": [], "executed_branches": [], "missing_branches": []}, "": {"executed_lines": [1, 8, 10, 11, 13, 16, 17, 19, 20, 36, 37, 49, 50, 61, 62, 81, 86], "summary": {"covered_lines": 15, "num_statements": 15, "percent_covered": 100.0, "percent_covered_display": "100.00", "missing_lines": 0, "excluded_lines": 0, "num_branches": 0, "num_partial_branches": 0, "covered_branches": 0, "missing_branches": 0}, "missing_lines": [], "excluded_lines": [], "executed_branches": [], "missing_branches": []}}, "classes": {"PersonaLoader": {"executed_lines": [27, 28, 29, 30], "summary": {"covered_lines": 4, "num_statements": 17, "percent_covered": 19.047619047619047, "percent_covered_display": "19.05", "missing_lines": 13, "excluded_lines": 0, "num_branches": 4, "num_partial_branches": 0, "covered_branches": 0, "missing_branches": 4}, "missing_lines": [31, 32, 46, 47, 59, 68, 69, 70, 72, 73, 74, 75, 77], "excluded_lines": [], "executed_branches": [], "missing_branches": [[69, 70], [69, 72], [73, 74], [73, 77]]}, "": {"executed_lines": [1, 8, 10, 11, 13, 16, 17, 19, 20, 36, 37, 49, 50, 61, 62, 81, 86], "summary": {"covered_lines": 15, "num_statements": 16, "percent_covered": 93.75, "percent_covered_display": "93.75", "missing_lines": 1, "excluded_lines": 0, "num_branches": 0, "num_partial_branches": 0, "covered_branches": 0, "missing_branches": 0}, "missing_lines": [83], "excluded_lines": [], "executed_branches": [], "missing_branches": []}}}}, "totals": {"covered_lines": 785, "num_statements": 1556, "percent_covered": 47.365591397849464, "percent_covered_display": "47.37", "missing_lines": 771, "excluded_lines": 413, "num_branches": 304, "num_partial_branches": 20, "covered_branches": 96, "missing_branches": 208}}