{"meta": {"format": 3, "version": "7.10.7", "timestamp": "2025-09-25T21:54:56.703710", "branch_coverage": true, "show_contexts": false}, "files": {"loan_avengers/__init__.py": {"executed_lines": [1, 48, 49, 50, 53, 60], "summary": {"covered_lines": 5, "num_statements": 5, "percent_covered": 100.0, "percent_covered_display": "100.00", "missing_lines": 0, "excluded_lines": 0, "num_branches": 0, "num_partial_branches": 0, "covered_branches": 0, "missing_branches": 0}, "missing_lines": [], "excluded_lines": [], "executed_branches": [], "missing_branches": [], "functions": {"": {"executed_lines": [1, 48, 49, 50, 53, 60], "summary": {"covered_lines": 5, "num_statements": 5, "percent_covered": 100.0, "percent_covered_display": "100.00", "missing_lines": 0, "excluded_lines": 0, "num_branches": 0, "num_partial_branches": 0, "covered_branches": 0, "missing_branches": 0}, "missing_lines": [], "excluded_lines": [], "executed_branches": [], "missing_branches": []}}, "classes": {"": {"executed_lines": [1, 48, 49, 50, 53, 60], "summary": {"covered_lines": 5, "num_statements": 5, "percent_covered": 100.0, "percent_covered_display": "100.00", "missing_lines": 0, "excluded_lines": 0, "num_branches": 0, "num_partial_branches": 0, "covered_branches": 0, "missing_branches": 0}, "missing_lines": [], "excluded_lines": [], "executed_branches": [], "missing_branches": []}}}, "loan_avengers/agents/__init__.py": {"executed_lines": [], "summary": {"covered_lines": 0, "num_statements": 8, "percent_covered": 0.0, "percent_covered_display": "0.00", "missing_lines": 8, "excluded_lines": 0, "num_branches": 2, "num_partial_branches": 0, "covered_branches": 0, "missing_branches": 2}, "missing_lines": [11, 20, 22, 23, 25, 28, 30, 33], "excluded_lines": [], "executed_branches": [], "missing_branches": [[22, 23], [22, 25]], "functions": {"get_persona_path": {"executed_lines": [], "summary": {"covered_lines": 0, "num_statements": 3, "percent_covered": 0.0, "percent_covered_display": "0.00", "missing_lines": 3, "excluded_lines": 0, "num_branches": 2, "num_partial_branches": 0, "covered_branches": 0, "missing_branches": 2}, "missing_lines": [22, 23, 25], "excluded_lines": [], "executed_branches": [], "missing_branches": [[22, 23], [22, 25]]}, "get_available_agents": {"executed_lines": [], "summary": {"covered_lines": 0, "num_statements": 1, "percent_covered": 0.0, "percent_covered_display": "0.00", "missing_lines": 1, "excluded_lines": 0, "num_branches": 0, "num_partial_branches": 0, "covered_branches": 0, "missing_branches": 0}, "missing_lines": [30], "excluded_lines": [], "executed_branches": [], "missing_branches": []}, "": {"executed_lines": [], "summary": {"covered_lines": 0, "num_statements": 4, "percent_covered": 0.0, "percent_covered_display": "0.00", "missing_lines": 4, "excluded_lines": 0, "num_branches": 0, "num_partial_branches": 0, "covered_branches": 0, "missing_branches": 0}, "missing_lines": [11, 20, 28, 33], "excluded_lines": [], "executed_branches": [], "missing_branches": []}}, "classes": {"": {"executed_lines": [], "summary": {"covered_lines": 0, "num_statements": 8, "percent_covered": 0.0, "percent_covered_display": "0.00", "missing_lines": 8, "excluded_lines": 0, "num_branches": 2, "num_partial_branches": 0, "covered_branches": 0, "missing_branches": 2}, "missing_lines": [11, 20, 22, 23, 25, 28, 30, 33], "excluded_lines": [], "executed_branches": [], "missing_branches": [[22, 23], [22, 25]]}}}, "loan_avengers/agents/intake_agent.py": {"executed_lines": [], "summary": {"covered_lines": 0, "num_statements": 37, "percent_covered": 0.0, "percent_covered_display": "0.00", "missing_lines": 37, "excluded_lines": 0, "num_branches": 2, "num_partial_branches": 0, "covered_branches": 0, "missing_branches": 2}, "missing_lines": [8, 10, 12, 13, 14, 16, 17, 18, 19, 21, 24, 35, 50, 53, 56, 66, 77, 79, 95, 97, 100, 107, 109, 112, 114, 116, 117, 118, 121, 136, 149, 154, 156, 158, 160, 175, 185], "excluded_lines": [], "executed_branches": [], "missing_branches": [[114, 116], [114, 136]], "functions": {"IntakeAgent.__init__": {"executed_lines": [], "summary": {"covered_lines": 0, "num_statements": 5, "percent_covered": 0.0, "percent_covered_display": "0.00", "missing_lines": 5, "excluded_lines": 0, "num_branches": 0, "num_partial_branches": 0, "covered_branches": 0, "missing_branches": 0}, "missing_lines": [50, 53, 56, 66, 77], "excluded_lines": [], "executed_branches": [], "missing_branches": []}, "IntakeAgent.process_application": {"executed_lines": [], "summary": {"covered_lines": 0, "num_statements": 18, "percent_covered": 0.0, "percent_covered_display": "0.00", "missing_lines": 18, "excluded_lines": 0, "num_branches": 2, "num_partial_branches": 0, "covered_branches": 0, "missing_branches": 2}, "missing_lines": [95, 97, 100, 107, 109, 112, 114, 116, 117, 118, 121, 136, 149, 154, 156, 158, 160, 175], "excluded_lines": [], "executed_branches": [], "missing_branches": [[114, 116], [114, 136]]}, "": {"executed_lines": [], "summary": {"covered_lines": 0, "num_statements": 14, "percent_covered": 0.0, "percent_covered_display": "0.00", "missing_lines": 14, "excluded_lines": 0, "num_branches": 0, "num_partial_branches": 0, "covered_branches": 0, "missing_branches": 0}, "missing_lines": [8, 10, 12, 13, 14, 16, 17, 18, 19, 21, 24, 35, 79, 185], "excluded_lines": [], "executed_branches": [], "missing_branches": []}}, "classes": {"IntakeAgent": {"executed_lines": [], "summary": {"covered_lines": 0, "num_statements": 23, "percent_covered": 0.0, "percent_covered_display": "0.00", "missing_lines": 23, "excluded_lines": 0, "num_branches": 2, "num_partial_branches": 0, "covered_branches": 0, "missing_branches": 2}, "missing_lines": [50, 53, 56, 66, 77, 95, 97, 100, 107, 109, 112, 114, 116, 117, 118, 121, 136, 149, 154, 156, 158, 160, 175], "excluded_lines": [], "executed_branches": [], "missing_branches": [[114, 116], [114, 136]]}, "": {"executed_lines": [], "summary": {"covered_lines": 0, "num_statements": 14, "percent_covered": 0.0, "percent_covered_display": "0.00", "missing_lines": 14, "excluded_lines": 0, "num_branches": 0, "num_partial_branches": 0, "covered_branches": 0, "missing_branches": 0}, "missing_lines": [8, 10, 12, 13, 14, 16, 17, 18, 19, 21, 24, 35, 79, 185], "excluded_lines": [], "executed_branches": [], "missing_branches": []}}}, "loan_avengers/config/__init__.py": {"executed_lines": [], "summary": {"covered_lines": 0, "num_statements": 0, "percent_covered": 100.0, "percent_covered_display": "100.00", "missing_lines": 0, "excluded_lines": 0, "num_branches": 0, "num_partial_branches": 0, "covered_branches": 0, "missing_branches": 0}, "missing_lines": [], "excluded_lines": [], "executed_branches": [], "missing_branches": [], "functions": {"": {"executed_lines": [], "summary": {"covered_lines": 0, "num_statements": 0, "percent_covered": 100.0, "percent_covered_display": "100.00", "missing_lines": 0, "excluded_lines": 0, "num_branches": 0, "num_partial_branches": 0, "covered_branches": 0, "missing_branches": 0}, "missing_lines": [], "excluded_lines": [], "executed_branches": [], "missing_branches": []}}, "classes": {"": {"executed_lines": [], "summary": {"covered_lines": 0, "num_statements": 0, "percent_covered": 100.0, "percent_covered_display": "100.00", "missing_lines": 0, "excluded_lines": 0, "num_branches": 0, "num_partial_branches": 0, "covered_branches": 0, "missing_branches": 0}, "missing_lines": [], "excluded_lines": [], "executed_branches": [], "missing_branches": []}}}, "loan_avengers/config/settings.py": {"executed_lines": [], "summary": {"covered_lines": 0, "num_statements": 46, "percent_covered": 0.0, "percent_covered_display": "0.00", "missing_lines": 46, "excluded_lines": 0, "num_branches": 12, "num_partial_branches": 0, "covered_branches": 0, "missing_branches": 12}, "missing_lines": [8, 9, 10, 12, 15, 16, 18, 19, 21, 24, 27, 29, 30, 32, 33, 35, 36, 38, 39, 41, 42, 44, 47, 49, 50, 51, 54, 55, 56, 58, 60, 62, 64, 65, 67, 69, 71, 72, 74, 76, 78, 80, 81, 84, 86, 89], "excluded_lines": [], "executed_branches": [], "missing_branches": [[35, 36], [35, 38], [38, 39], [38, 41], [47, 49], [47, 60], [50, 51], [50, 54], [55, 47], [55, 56], [64, 65], [64, 67]], "functions": {"MCPServerConfig.__init__": {"executed_lines": [], "summary": {"covered_lines": 0, "num_statements": 2, "percent_covered": 0.0, "percent_covered_display": "0.00", "missing_lines": 2, "excluded_lines": 0, "num_branches": 0, "num_partial_branches": 0, "covered_branches": 0, "missing_branches": 0}, "missing_lines": [29, 30], "excluded_lines": [], "executed_branches": [], "missing_branches": []}, "MCPServerConfig.load_from_yaml": {"executed_lines": [], "summary": {"covered_lines": 0, "num_statements": 16, "percent_covered": 0.0, "percent_covered_display": "0.00", "missing_lines": 16, "excluded_lines": 0, "num_branches": 10, "num_partial_branches": 0, "covered_branches": 0, "missing_branches": 10}, "missing_lines": [35, 36, 38, 39, 41, 42, 44, 47, 49, 50, 51, 54, 55, 56, 58, 60], "excluded_lines": [], "executed_branches": [], "missing_branches": [[35, 36], [35, 38], [38, 39], [38, 41], [47, 49], [47, 60], [50, 51], [50, 54], [55, 47], [55, 56]]}, "MCPServerConfig.get_server_config": {"executed_lines": [], "summary": {"covered_lines": 0, "num_statements": 3, "percent_covered": 0.0, "percent_covered_display": "0.00", "missing_lines": 3, "excluded_lines": 0, "num_branches": 2, "num_partial_branches": 0, "covered_branches": 0, "missing_branches": 2}, "missing_lines": [64, 65, 67], "excluded_lines": [], "executed_branches": [], "missing_branches": [[64, 65], [64, 67]]}, "MCPServerConfig.get_server_url": {"executed_lines": [], "summary": {"covered_lines": 0, "num_statements": 2, "percent_covered": 0.0, "percent_covered_display": "0.00", "missing_lines": 2, "excluded_lines": 0, "num_branches": 0, "num_partial_branches": 0, "covered_branches": 0, "missing_branches": 0}, "missing_lines": [71, 72], "excluded_lines": [], "executed_branches": [], "missing_branches": []}, "MCPServerConfig.get_available_servers": {"executed_lines": [], "summary": {"covered_lines": 0, "num_statements": 1, "percent_covered": 0.0, "percent_covered_display": "0.00", "missing_lines": 1, "excluded_lines": 0, "num_branches": 0, "num_partial_branches": 0, "covered_branches": 0, "missing_branches": 0}, "missing_lines": [76], "excluded_lines": [], "executed_branches": [], "missing_branches": []}, "MCPServerConfig.get_server_tools": {"executed_lines": [], "summary": {"covered_lines": 0, "num_statements": 2, "percent_covered": 0.0, "percent_covered_display": "0.00", "missing_lines": 2, "excluded_lines": 0, "num_branches": 0, "num_partial_branches": 0, "covered_branches": 0, "missing_branches": 0}, "missing_lines": [80, 81], "excluded_lines": [], "executed_branches": [], "missing_branches": []}, "get_mcp_config": {"executed_lines": [], "summary": {"covered_lines": 0, "num_statements": 1, "percent_covered": 0.0, "percent_covered_display": "0.00", "missing_lines": 1, "excluded_lines": 0, "num_branches": 0, "num_partial_branches": 0, "covered_branches": 0, "missing_branches": 0}, "missing_lines": [86], "excluded_lines": [], "executed_branches": [], "missing_branches": []}, "": {"executed_lines": [], "summary": {"covered_lines": 0, "num_statements": 19, "percent_covered": 0.0, "percent_covered_display": "0.00", "missing_lines": 19, "excluded_lines": 0, "num_branches": 0, "num_partial_branches": 0, "covered_branches": 0, "missing_branches": 0}, "missing_lines": [8, 9, 10, 12, 15, 16, 18, 19, 21, 24, 27, 32, 33, 62, 69, 74, 78, 84, 89], "excluded_lines": [], "executed_branches": [], "missing_branches": []}}, "classes": {"MCPServerConfig": {"executed_lines": [], "summary": {"covered_lines": 0, "num_statements": 26, "percent_covered": 0.0, "percent_covered_display": "0.00", "missing_lines": 26, "excluded_lines": 0, "num_branches": 12, "num_partial_branches": 0, "covered_branches": 0, "missing_branches": 12}, "missing_lines": [29, 30, 35, 36, 38, 39, 41, 42, 44, 47, 49, 50, 51, 54, 55, 56, 58, 60, 64, 65, 67, 71, 72, 76, 80, 81], "excluded_lines": [], "executed_branches": [], "missing_branches": [[35, 36], [35, 38], [38, 39], [38, 41], [47, 49], [47, 60], [50, 51], [50, 54], [55, 47], [55, 56], [64, 65], [64, 67]]}, "": {"executed_lines": [], "summary": {"covered_lines": 0, "num_statements": 20, "percent_covered": 0.0, "percent_covered_display": "0.00", "missing_lines": 20, "excluded_lines": 0, "num_branches": 0, "num_partial_branches": 0, "covered_branches": 0, "missing_branches": 0}, "missing_lines": [8, 9, 10, 12, 15, 16, 18, 19, 21, 24, 27, 32, 33, 62, 69, 74, 78, 84, 86, 89], "excluded_lines": [], "executed_branches": [], "missing_branches": []}}}, "loan_avengers/models/__init__.py": {"executed_lines": [1, 17, 22, 31, 37], "summary": {"covered_lines": 4, "num_statements": 4, "percent_covered": 100.0, "percent_covered_display": "100.00", "missing_lines": 0, "excluded_lines": 0, "num_branches": 0, "num_partial_branches": 0, "covered_branches": 0, "missing_branches": 0}, "missing_lines": [], "excluded_lines": [], "executed_branches": [], "missing_branches": [], "functions": {"": {"executed_lines": [1, 17, 22, 31, 37], "summary": {"covered_lines": 4, "num_statements": 4, "percent_covered": 100.0, "percent_covered_display": "100.00", "missing_lines": 0, "excluded_lines": 0, "num_branches": 0, "num_partial_branches": 0, "covered_branches": 0, "missing_branches": 0}, "missing_lines": [], "excluded_lines": [], "executed_branches": [], "missing_branches": []}}, "classes": {"": {"executed_lines": [1, 17, 22, 31, 37], "summary": {"covered_lines": 4, "num_statements": 4, "percent_covered": 100.0, "percent_covered_display": "100.00", "missing_lines": 0, "excluded_lines": 0, "num_branches": 0, "num_partial_branches": 0, "covered_branches": 0, "missing_branches": 0}, "missing_lines": [], "excluded_lines": [], "executed_branches": [], "missing_branches": []}}}, "loan_avengers/models/application.py": {"executed_lines": [1, 8, 10, 11, 12, 13, 15, 18, 19, 21, 22, 23, 24, 25, 28, 29, 31, 32, 33, 34, 35, 36, 37, 40, 41, 49, 55, 57, 62, 64, 69, 72, 74, 76, 83, 85, 87, 89, 92, 96, 100, 102, 107, 110, 114, 125, 129, 130, 137, 138, 144, 148, 153], "summary": {"covered_lines": 49, "num_statements": 59, "percent_covered": 77.77777777777777, "percent_covered_display": "77.78", "missing_lines": 10, "excluded_lines": 0, "num_branches": 4, "num_partial_branches": 0, "covered_branches": 0, "missing_branches": 4}, "missing_lines": [127, 132, 133, 134, 135, 140, 141, 142, 146, 150], "excluded_lines": [], "executed_branches": [], "missing_branches": [[132, 133], [132, 134], [140, 141], [140, 142]], "functions": {"LoanApplication.__hash__": {"executed_lines": [], "summary": {"covered_lines": 0, "num_statements": 1, "percent_covered": 0.0, "percent_covered_display": "0.00", "missing_lines": 1, "excluded_lines": 0, "num_branches": 0, "num_partial_branches": 0, "covered_branches": 0, "missing_branches": 0}, "missing_lines": [127], "excluded_lines": [], "executed_branches": [], "missing_branches": []}, "LoanApplication.debt_to_income_ratio": {"executed_lines": [], "summary": {"covered_lines": 0, "num_statements": 4, "percent_covered": 0.0, "percent_covered_display": "0.00", "missing_lines": 4, "excluded_lines": 0, "num_branches": 2, "num_partial_branches": 0, "covered_branches": 0, "missing_branches": 2}, "missing_lines": [132, 133, 134, 135], "excluded_lines": [], "executed_branches": [], "missing_branches": [[132, 133], [132, 134]]}, "LoanApplication.loan_to_income_ratio": {"executed_lines": [], "summary": {"covered_lines": 0, "num_statements": 3, "percent_covered": 0.0, "percent_covered_display": "0.00", "missing_lines": 3, "excluded_lines": 0, "num_branches": 2, "num_partial_branches": 0, "covered_branches": 0, "missing_branches": 2}, "missing_lines": [140, 141, 142], "excluded_lines": [], "executed_branches": [], "missing_branches": [[140, 141], [140, 142]]}, "LoanApplication.add_custom_field": {"executed_lines": [], "summary": {"covered_lines": 0, "num_statements": 1, "percent_covered": 0.0, "percent_covered_display": "0.00", "missing_lines": 1, "excluded_lines": 0, "num_branches": 0, "num_partial_branches": 0, "covered_branches": 0, "missing_branches": 0}, "missing_lines": [146], "excluded_lines": [], "executed_branches": [], "missing_branches": []}, "LoanApplication.get_custom_field": {"executed_lines": [], "summary": {"covered_lines": 0, "num_statements": 1, "percent_covered": 0.0, "percent_covered_display": "0.00", "missing_lines": 1, "excluded_lines": 0, "num_branches": 0, "num_partial_branches": 0, "covered_branches": 0, "missing_branches": 0}, "missing_lines": [150], "excluded_lines": [], "executed_branches": [], "missing_branches": []}, "": {"executed_lines": [1, 8, 10, 11, 12, 13, 15, 18, 19, 21, 22, 23, 24, 25, 28, 29, 31, 32, 33, 34, 35, 36, 37, 40, 41, 49, 55, 57, 62, 64, 69, 72, 74, 76, 83, 85, 87, 89, 92, 96, 100, 102, 107, 110, 114, 125, 129, 130, 137, 138, 144, 148, 153], "summary": {"covered_lines": 49, "num_statements": 49, "percent_covered": 100.0, "percent_covered_display": "100.00", "missing_lines": 0, "excluded_lines": 0, "num_branches": 0, "num_partial_branches": 0, "covered_branches": 0, "missing_branches": 0}, "missing_lines": [], "excluded_lines": [], "executed_branches": [], "missing_branches": []}}, "classes": {"EmploymentStatus": {"executed_lines": [], "summary": {"covered_lines": 0, "num_statements": 0, "percent_covered": 100.0, "percent_covered_display": "100.00", "missing_lines": 0, "excluded_lines": 0, "num_branches": 0, "num_partial_branches": 0, "covered_branches": 0, "missing_branches": 0}, "missing_lines": [], "excluded_lines": [], "executed_branches": [], "missing_branches": []}, "LoanPurpose": {"executed_lines": [], "summary": {"covered_lines": 0, "num_statements": 0, "percent_covered": 100.0, "percent_covered_display": "100.00", "missing_lines": 0, "excluded_lines": 0, "num_branches": 0, "num_partial_branches": 0, "covered_branches": 0, "missing_branches": 0}, "missing_lines": [], "excluded_lines": [], "executed_branches": [], "missing_branches": []}, "LoanApplication": {"executed_lines": [], "summary": {"covered_lines": 0, "num_statements": 10, "percent_covered": 0.0, "percent_covered_display": "0.00", "missing_lines": 10, "excluded_lines": 0, "num_branches": 4, "num_partial_branches": 0, "covered_branches": 0, "missing_branches": 4}, "missing_lines": [127, 132, 133, 134, 135, 140, 141, 142, 146, 150], "excluded_lines": [], "executed_branches": [], "missing_branches": [[132, 133], [132, 134], [140, 141], [140, 142]]}, "": {"executed_lines": [1, 8, 10, 11, 12, 13, 15, 18, 19, 21, 22, 23, 24, 25, 28, 29, 31, 32, 33, 34, 35, 36, 37, 40, 41, 49, 55, 57, 62, 64, 69, 72, 74, 76, 83, 85, 87, 89, 92, 96, 100, 102, 107, 110, 114, 125, 129, 130, 137, 138, 144, 148, 153], "summary": {"covered_lines": 49, "num_statements": 49, "percent_covered": 100.0, "percent_covered_display": "100.00", "missing_lines": 0, "excluded_lines": 0, "num_branches": 0, "num_partial_branches": 0, "covered_branches": 0, "missing_branches": 0}, "missing_lines": [], "excluded_lines": [], "executed_branches": [], "missing_branches": []}}}, "loan_avengers/models/assessment.py": {"executed_lines": [1, 8, 10, 11, 12, 13, 15, 18, 19, 21, 22, 23, 24, 25, 28, 29, 31, 32, 33, 34, 37, 38, 40, 42, 44, 46, 48, 50, 52, 54, 57, 58, 60, 63, 65, 68, 70, 72, 74, 76, 78, 81, 83, 85, 88, 89, 91, 94, 96, 98, 100, 103, 105, 107, 110, 112, 115, 119, 121, 124, 125, 127, 130, 132, 135, 137, 139, 141, 143, 146, 148, 151, 153, 157, 159, 162, 163, 170, 173, 175, 177, 180, 184, 186, 191, 193, 198], "summary": {"covered_lines": 79, "num_statements": 79, "percent_covered": 100.0, "percent_covered_display": "100.00", "missing_lines": 0, "excluded_lines": 0, "num_branches": 0, "num_partial_branches": 0, "covered_branches": 0, "missing_branches": 0}, "missing_lines": [], "excluded_lines": [], "executed_branches": [], "missing_branches": [], "functions": {"": {"executed_lines": [1, 8, 10, 11, 12, 13, 15, 18, 19, 21, 22, 23, 24, 25, 28, 29, 31, 32, 33, 34, 37, 38, 40, 42, 44, 46, 48, 50, 52, 54, 57, 58, 60, 63, 65, 68, 70, 72, 74, 76, 78, 81, 83, 85, 88, 89, 91, 94, 96, 98, 100, 103, 105, 107, 110, 112, 115, 119, 121, 124, 125, 127, 130, 132, 135, 137, 139, 141, 143, 146, 148, 151, 153, 157, 159, 162, 163, 170, 173, 175, 177, 180, 184, 186, 191, 193, 198], "summary": {"covered_lines": 79, "num_statements": 79, "percent_covered": 100.0, "percent_covered_display": "100.00", "missing_lines": 0, "excluded_lines": 0, "num_branches": 0, "num_partial_branches": 0, "covered_branches": 0, "missing_branches": 0}, "missing_lines": [], "excluded_lines": [], "executed_branches": [], "missing_branches": []}}, "classes": {"AssessmentStatus": {"executed_lines": [], "summary": {"covered_lines": 0, "num_statements": 0, "percent_covered": 100.0, "percent_covered_display": "100.00", "missing_lines": 0, "excluded_lines": 0, "num_branches": 0, "num_partial_branches": 0, "covered_branches": 0, "missing_branches": 0}, "missing_lines": [], "excluded_lines": [], "executed_branches": [], "missing_branches": []}, "RiskLevel": {"executed_lines": [], "summary": {"covered_lines": 0, "num_statements": 0, "percent_covered": 100.0, "percent_covered_display": "100.00", "missing_lines": 0, "excluded_lines": 0, "num_branches": 0, "num_partial_branches": 0, "covered_branches": 0, "missing_branches": 0}, "missing_lines": [], "excluded_lines": [], "executed_branches": [], "missing_branches": []}, "BaseAssessment": {"executed_lines": [], "summary": {"covered_lines": 0, "num_statements": 0, "percent_covered": 100.0, "percent_covered_display": "100.00", "missing_lines": 0, "excluded_lines": 0, "num_branches": 0, "num_partial_branches": 0, "covered_branches": 0, "missing_branches": 0}, "missing_lines": [], "excluded_lines": [], "executed_branches": [], "missing_branches": []}, "CreditAssessment": {"executed_lines": [], "summary": {"covered_lines": 0, "num_statements": 0, "percent_covered": 100.0, "percent_covered_display": "100.00", "missing_lines": 0, "excluded_lines": 0, "num_branches": 0, "num_partial_branches": 0, "covered_branches": 0, "missing_branches": 0}, "missing_lines": [], "excluded_lines": [], "executed_branches": [], "missing_branches": []}, "IncomeVerification": {"executed_lines": [], "summary": {"covered_lines": 0, "num_statements": 0, "percent_covered": 100.0, "percent_covered_display": "100.00", "missing_lines": 0, "excluded_lines": 0, "num_branches": 0, "num_partial_branches": 0, "covered_branches": 0, "missing_branches": 0}, "missing_lines": [], "excluded_lines": [], "executed_branches": [], "missing_branches": []}, "RiskAssessment": {"executed_lines": [], "summary": {"covered_lines": 0, "num_statements": 0, "percent_covered": 100.0, "percent_covered_display": "100.00", "missing_lines": 0, "excluded_lines": 0, "num_branches": 0, "num_partial_branches": 0, "covered_branches": 0, "missing_branches": 0}, "missing_lines": [], "excluded_lines": [], "executed_branches": [], "missing_branches": []}, "ComprehensiveAssessment": {"executed_lines": [], "summary": {"covered_lines": 0, "num_statements": 0, "percent_covered": 100.0, "percent_covered_display": "100.00", "missing_lines": 0, "excluded_lines": 0, "num_branches": 0, "num_partial_branches": 0, "covered_branches": 0, "missing_branches": 0}, "missing_lines": [], "excluded_lines": [], "executed_branches": [], "missing_branches": []}, "": {"executed_lines": [1, 8, 10, 11, 12, 13, 15, 18, 19, 21, 22, 23, 24, 25, 28, 29, 31, 32, 33, 34, 37, 38, 40, 42, 44, 46, 48, 50, 52, 54, 57, 58, 60, 63, 65, 68, 70, 72, 74, 76, 78, 81, 83, 85, 88, 89, 91, 94, 96, 98, 100, 103, 105, 107, 110, 112, 115, 119, 121, 124, 125, 127, 130, 132, 135, 137, 139, 141, 143, 146, 148, 151, 153, 157, 159, 162, 163, 170, 173, 175, 177, 180, 184, 186, 191, 193, 198], "summary": {"covered_lines": 79, "num_statements": 79, "percent_covered": 100.0, "percent_covered_display": "100.00", "missing_lines": 0, "excluded_lines": 0, "num_branches": 0, "num_partial_branches": 0, "covered_branches": 0, "missing_branches": 0}, "missing_lines": [], "excluded_lines": [], "executed_branches": [], "missing_branches": []}}}, "loan_avengers/models/decision.py": {"executed_lines": [1, 8, 10, 11, 12, 14, 17, 18, 20, 21, 22, 23, 24, 27, 28, 35, 38, 40, 42, 45, 49, 51, 54, 56, 59, 61, 63, 65, 70, 72, 74, 77, 79, 81, 83, 84, 88, 89, 97, 102, 108, 109, 116, 118, 120, 122, 124, 126, 128, 131], "summary": {"covered_lines": 46, "num_statements": 52, "percent_covered": 82.14285714285714, "percent_covered_display": "82.14", "missing_lines": 6, "excluded_lines": 0, "num_branches": 4, "num_partial_branches": 0, "covered_branches": 0, "missing_branches": 4}, "missing_lines": [86, 91, 99, 100, 104, 105], "excluded_lines": [], "executed_branches": [], "missing_branches": [[99, -97], [99, 100], [104, -102], [104, 105]], "functions": {"LoanDecision.is_approved": {"executed_lines": [], "summary": {"covered_lines": 0, "num_statements": 1, "percent_covered": 0.0, "percent_covered_display": "0.00", "missing_lines": 1, "excluded_lines": 0, "num_branches": 0, "num_partial_branches": 0, "covered_branches": 0, "missing_branches": 0}, "missing_lines": [86], "excluded_lines": [], "executed_branches": [], "missing_branches": []}, "LoanDecision.requires_action": {"executed_lines": [], "summary": {"covered_lines": 0, "num_statements": 1, "percent_covered": 0.0, "percent_covered_display": "0.00", "missing_lines": 1, "excluded_lines": 0, "num_branches": 0, "num_partial_branches": 0, "covered_branches": 0, "missing_branches": 0}, "missing_lines": [91], "excluded_lines": [], "executed_branches": [], "missing_branches": []}, "LoanDecision.add_condition": {"executed_lines": [], "summary": {"covered_lines": 0, "num_statements": 2, "percent_covered": 0.0, "percent_covered_display": "0.00", "missing_lines": 2, "excluded_lines": 0, "num_branches": 2, "num_partial_branches": 0, "covered_branches": 0, "missing_branches": 2}, "missing_lines": [99, 100], "excluded_lines": [], "executed_branches": [], "missing_branches": [[99, -97], [99, 100]]}, "LoanDecision.add_required_document": {"executed_lines": [], "summary": {"covered_lines": 0, "num_statements": 2, "percent_covered": 0.0, "percent_covered_display": "0.00", "missing_lines": 2, "excluded_lines": 0, "num_branches": 2, "num_partial_branches": 0, "covered_branches": 0, "missing_branches": 2}, "missing_lines": [104, 105], "excluded_lines": [], "executed_branches": [], "missing_branches": [[104, -102], [104, 105]]}, "": {"executed_lines": [1, 8, 10, 11, 12, 14, 17, 18, 20, 21, 22, 23, 24, 27, 28, 35, 38, 40, 42, 45, 49, 51, 54, 56, 59, 61, 63, 65, 70, 72, 74, 77, 79, 81, 83, 84, 88, 89, 97, 102, 108, 109, 116, 118, 120, 122, 124, 126, 128, 131], "summary": {"covered_lines": 46, "num_statements": 46, "percent_covered": 100.0, "percent_covered_display": "100.00", "missing_lines": 0, "excluded_lines": 0, "num_branches": 0, "num_partial_branches": 0, "covered_branches": 0, "missing_branches": 0}, "missing_lines": [], "excluded_lines": [], "executed_branches": [], "missing_branches": []}}, "classes": {"LoanDecisionStatus": {"executed_lines": [], "summary": {"covered_lines": 0, "num_statements": 0, "percent_covered": 100.0, "percent_covered_display": "100.00", "missing_lines": 0, "excluded_lines": 0, "num_branches": 0, "num_partial_branches": 0, "covered_branches": 0, "missing_branches": 0}, "missing_lines": [], "excluded_lines": [], "executed_branches": [], "missing_branches": []}, "LoanDecision": {"executed_lines": [], "summary": {"covered_lines": 0, "num_statements": 6, "percent_covered": 0.0, "percent_covered_display": "0.00", "missing_lines": 6, "excluded_lines": 0, "num_branches": 4, "num_partial_branches": 0, "covered_branches": 0, "missing_branches": 4}, "missing_lines": [86, 91, 99, 100, 104, 105], "excluded_lines": [], "executed_branches": [], "missing_branches": [[99, -97], [99, 100], [104, -102], [104, 105]]}, "DecisionAuditLog": {"executed_lines": [], "summary": {"covered_lines": 0, "num_statements": 0, "percent_covered": 100.0, "percent_covered_display": "100.00", "missing_lines": 0, "excluded_lines": 0, "num_branches": 0, "num_partial_branches": 0, "covered_branches": 0, "missing_branches": 0}, "missing_lines": [], "excluded_lines": [], "executed_branches": [], "missing_branches": []}, "": {"executed_lines": [1, 8, 10, 11, 12, 14, 17, 18, 20, 21, 22, 23, 24, 27, 28, 35, 38, 40, 42, 45, 49, 51, 54, 56, 59, 61, 63, 65, 70, 72, 74, 77, 79, 81, 83, 84, 88, 89, 97, 102, 108, 109, 116, 118, 120, 122, 124, 126, 128, 131], "summary": {"covered_lines": 46, "num_statements": 46, "percent_covered": 100.0, "percent_covered_display": "100.00", "missing_lines": 0, "excluded_lines": 0, "num_branches": 0, "num_partial_branches": 0, "covered_branches": 0, "missing_branches": 0}, "missing_lines": [], "excluded_lines": [], "executed_branches": [], "missing_branches": []}}}, "loan_avengers/models/responses.py": {"executed_lines": [1, 8, 10, 12, 15, 16, 24, 28, 32, 34, 36, 38, 41, 43, 45, 47, 50, 54, 59, 60, 66, 70, 72, 74, 76, 78, 80, 83, 84, 90, 92, 96, 100, 102, 104, 106, 109, 110, 116, 120, 122, 124, 128, 132, 134, 137, 138, 144, 148, 150, 152, 154, 156, 158, 160, 163], "summary": {"covered_lines": 50, "num_statements": 50, "percent_covered": 100.0, "percent_covered_display": "100.00", "missing_lines": 0, "excluded_lines": 0, "num_branches": 0, "num_partial_branches": 0, "covered_branches": 0, "missing_branches": 0}, "missing_lines": [], "excluded_lines": [], "executed_branches": [], "missing_branches": [], "functions": {"": {"executed_lines": [1, 8, 10, 12, 15, 16, 24, 28, 32, 34, 36, 38, 41, 43, 45, 47, 50, 54, 59, 60, 66, 70, 72, 74, 76, 78, 80, 83, 84, 90, 92, 96, 100, 102, 104, 106, 109, 110, 116, 120, 122, 124, 128, 132, 134, 137, 138, 144, 148, 150, 152, 154, 156, 158, 160, 163], "summary": {"covered_lines": 50, "num_statements": 50, "percent_covered": 100.0, "percent_covered_display": "100.00", "missing_lines": 0, "excluded_lines": 0, "num_branches": 0, "num_partial_branches": 0, "covered_branches": 0, "missing_branches": 0}, "missing_lines": [], "excluded_lines": [], "executed_branches": [], "missing_branches": []}}, "classes": {"IntakeAssessment": {"executed_lines": [], "summary": {"covered_lines": 0, "num_statements": 0, "percent_covered": 100.0, "percent_covered_display": "100.00", "missing_lines": 0, "excluded_lines": 0, "num_branches": 0, "num_partial_branches": 0, "covered_branches": 0, "missing_branches": 0}, "missing_lines": [], "excluded_lines": [], "executed_branches": [], "missing_branches": []}, "CreditAssessment": {"executed_lines": [], "summary": {"covered_lines": 0, "num_statements": 0, "percent_covered": 100.0, "percent_covered_display": "100.00", "missing_lines": 0, "excluded_lines": 0, "num_branches": 0, "num_partial_branches": 0, "covered_branches": 0, "missing_branches": 0}, "missing_lines": [], "excluded_lines": [], "executed_branches": [], "missing_branches": []}, "IncomeAssessment": {"executed_lines": [], "summary": {"covered_lines": 0, "num_statements": 0, "percent_covered": 100.0, "percent_covered_display": "100.00", "missing_lines": 0, "excluded_lines": 0, "num_branches": 0, "num_partial_branches": 0, "covered_branches": 0, "missing_branches": 0}, "missing_lines": [], "excluded_lines": [], "executed_branches": [], "missing_branches": []}, "RiskAssessment": {"executed_lines": [], "summary": {"covered_lines": 0, "num_statements": 0, "percent_covered": 100.0, "percent_covered_display": "100.00", "missing_lines": 0, "excluded_lines": 0, "num_branches": 0, "num_partial_branches": 0, "covered_branches": 0, "missing_branches": 0}, "missing_lines": [], "excluded_lines": [], "executed_branches": [], "missing_branches": []}, "LoanDecision": {"executed_lines": [], "summary": {"covered_lines": 0, "num_statements": 0, "percent_covered": 100.0, "percent_covered_display": "100.00", "missing_lines": 0, "excluded_lines": 0, "num_branches": 0, "num_partial_branches": 0, "covered_branches": 0, "missing_branches": 0}, "missing_lines": [], "excluded_lines": [], "executed_branches": [], "missing_branches": []}, "": {"executed_lines": [1, 8, 10, 12, 15, 16, 24, 28, 32, 34, 36, 38, 41, 43, 45, 47, 50, 54, 59, 60, 66, 70, 72, 74, 76, 78, 80, 83, 84, 90, 92, 96, 100, 102, 104, 106, 109, 110, 116, 120, 122, 124, 128, 132, 134, 137, 138, 144, 148, 150, 152, 154, 156, 158, 160, 163], "summary": {"covered_lines": 50, "num_statements": 50, "percent_covered": 100.0, "percent_covered_display": "100.00", "missing_lines": 0, "excluded_lines": 0, "num_branches": 0, "num_partial_branches": 0, "covered_branches": 0, "missing_branches": 0}, "missing_lines": [], "excluded_lines": [], "executed_branches": [], "missing_branches": []}}}, "loan_avengers/tools/__init__.py": {"executed_lines": [1, 9, 11], "summary": {"covered_lines": 2, "num_statements": 2, "percent_covered": 100.0, "percent_covered_display": "100.00", "missing_lines": 0, "excluded_lines": 0, "num_branches": 0, "num_partial_branches": 0, "covered_branches": 0, "missing_branches": 0}, "missing_lines": [], "excluded_lines": [], "executed_branches": [], "missing_branches": [], "functions": {"": {"executed_lines": [1, 9, 11], "summary": {"covered_lines": 2, "num_statements": 2, "percent_covered": 100.0, "percent_covered_display": "100.00", "missing_lines": 0, "excluded_lines": 0, "num_branches": 0, "num_partial_branches": 0, "covered_branches": 0, "missing_branches": 0}, "missing_lines": [], "excluded_lines": [], "executed_branches": [], "missing_branches": []}}, "classes": {"": {"executed_lines": [1, 9, 11], "summary": {"covered_lines": 2, "num_statements": 2, "percent_covered": 100.0, "percent_covered_display": "100.00", "missing_lines": 0, "excluded_lines": 0, "num_branches": 0, "num_partial_branches": 0, "covered_branches": 0, "missing_branches": 0}, "missing_lines": [], "excluded_lines": [], "executed_branches": [], "missing_branches": []}}}, "loan_avengers/tools/mcp_servers/application_verification/__init__.py": {"executed_lines": [1, 12, 13, 15], "summary": {"covered_lines": 3, "num_statements": 3, "percent_covered": 100.0, "percent_covered_display": "100.00", "missing_lines": 0, "excluded_lines": 0, "num_branches": 0, "num_partial_branches": 0, "covered_branches": 0, "missing_branches": 0}, "missing_lines": [], "excluded_lines": [], "executed_branches": [], "missing_branches": [], "functions": {"": {"executed_lines": [1, 12, 13, 15], "summary": {"covered_lines": 3, "num_statements": 3, "percent_covered": 100.0, "percent_covered_display": "100.00", "missing_lines": 0, "excluded_lines": 0, "num_branches": 0, "num_partial_branches": 0, "covered_branches": 0, "missing_branches": 0}, "missing_lines": [], "excluded_lines": [], "executed_branches": [], "missing_branches": []}}, "classes": {"": {"executed_lines": [1, 12, 13, 15], "summary": {"covered_lines": 3, "num_statements": 3, "percent_covered": 100.0, "percent_covered_display": "100.00", "missing_lines": 0, "excluded_lines": 0, "num_branches": 0, "num_partial_branches": 0, "covered_branches": 0, "missing_branches": 0}, "missing_lines": [], "excluded_lines": [], "executed_branches": [], "missing_branches": []}}}, "loan_avengers/tools/mcp_servers/application_verification/server.py": {"executed_lines": [1, 4, 6, 7, 8, 11, 13, 16, 17, 19, 20, 22, 25, 28, 29, 30, 33, 35, 38, 39, 46, 47, 54, 55, 62, 63, 70, 71, 82, 83, 104, 105, 120], "summary": {"covered_lines": 31, "num_statements": 55, "percent_covered": 56.36363636363637, "percent_covered_display": "56.36", "missing_lines": 24, "excluded_lines": 9, "num_branches": 0, "num_partial_branches": 0, "covered_branches": 0, "missing_branches": 0}, "missing_lines": [41, 42, 43, 49, 50, 51, 57, 58, 59, 65, 66, 67, 73, 74, 75, 76, 77, 78, 79, 99, 100, 101, 107, 109], "excluded_lines": [120, 122, 123, 124, 126, 127, 128, 129, 131], "executed_branches": [], "missing_branches": [], "functions": {"retrieve_credit_report": {"executed_lines": [], "summary": {"covered_lines": 0, "num_statements": 3, "percent_covered": 0.0, "percent_covered_display": "0.00", "missing_lines": 3, "excluded_lines": 0, "num_branches": 0, "num_partial_branches": 0, "covered_branches": 0, "missing_branches": 0}, "missing_lines": [41, 42, 43], "excluded_lines": [], "executed_branches": [], "missing_branches": []}, "verify_employment": {"executed_lines": [], "summary": {"covered_lines": 0, "num_statements": 3, "percent_covered": 0.0, "percent_covered_display": "0.00", "missing_lines": 3, "excluded_lines": 0, "num_branches": 0, "num_partial_branches": 0, "covered_branches": 0, "missing_branches": 0}, "missing_lines": [49, 50, 51], "excluded_lines": [], "executed_branches": [], "missing_branches": []}, "get_bank_account_data": {"executed_lines": [], "summary": {"covered_lines": 0, "num_statements": 3, "percent_covered": 0.0, "percent_covered_display": "0.00", "missing_lines": 3, "excluded_lines": 0, "num_branches": 0, "num_partial_branches": 0, "covered_branches": 0, "missing_branches": 0}, "missing_lines": [57, 58, 59], "excluded_lines": [], "executed_branches": [], "missing_branches": []}, "get_tax_transcript_data": {"executed_lines": [], "summary": {"covered_lines": 0, "num_statements": 3, "percent_covered": 0.0, "percent_covered_display": "0.00", "missing_lines": 3, "excluded_lines": 0, "num_branches": 0, "num_partial_branches": 0, "covered_branches": 0, "missing_branches": 0}, "missing_lines": [65, 66, 67], "excluded_lines": [], "executed_branches": [], "missing_branches": []}, "verify_asset_information": {"executed_lines": [], "summary": {"covered_lines": 0, "num_statements": 7, "percent_covered": 0.0, "percent_covered_display": "0.00", "missing_lines": 7, "excluded_lines": 0, "num_branches": 0, "num_partial_branches": 0, "covered_branches": 0, "missing_branches": 0}, "missing_lines": [73, 74, 75, 76, 77, 78, 79], "excluded_lines": [], "executed_branches": [], "missing_branches": []}, "validate_basic_parameters": {"executed_lines": [], "summary": {"covered_lines": 0, "num_statements": 3, "percent_covered": 0.0, "percent_covered_display": "0.00", "missing_lines": 3, "excluded_lines": 0, "num_branches": 0, "num_partial_branches": 0, "covered_branches": 0, "missing_branches": 0}, "missing_lines": [99, 100, 101], "excluded_lines": [], "executed_branches": [], "missing_branches": []}, "application_verification_health_check": {"executed_lines": [], "summary": {"covered_lines": 0, "num_statements": 2, "percent_covered": 0.0, "percent_covered_display": "0.00", "missing_lines": 2, "excluded_lines": 0, "num_branches": 0, "num_partial_branches": 0, "covered_branches": 0, "missing_branches": 0}, "missing_lines": [107, 109], "excluded_lines": [], "executed_branches": [], "missing_branches": []}, "": {"executed_lines": [1, 4, 6, 7, 8, 11, 13, 16, 17, 19, 20, 22, 25, 28, 29, 30, 33, 35, 38, 39, 46, 47, 54, 55, 62, 63, 70, 71, 82, 83, 104, 105, 120], "summary": {"covered_lines": 31, "num_statements": 31, "percent_covered": 100.0, "percent_covered_display": "100.00", "missing_lines": 0, "excluded_lines": 9, "num_branches": 0, "num_partial_branches": 0, "covered_branches": 0, "missing_branches": 0}, "missing_lines": [], "excluded_lines": [120, 122, 123, 124, 126, 127, 128, 129, 131], "executed_branches": [], "missing_branches": []}}, "classes": {"": {"executed_lines": [1, 4, 6, 7, 8, 11, 13, 16, 17, 19, 20, 22, 25, 28, 29, 30, 33, 35, 38, 39, 46, 47, 54, 55, 62, 63, 70, 71, 82, 83, 104, 105, 120], "summary": {"covered_lines": 31, "num_statements": 55, "percent_covered": 56.36363636363637, "percent_covered_display": "56.36", "missing_lines": 24, "excluded_lines": 9, "num_branches": 0, "num_partial_branches": 0, "covered_branches": 0, "missing_branches": 0}, "missing_lines": [41, 42, 43, 49, 50, 51, 57, 58, 59, 65, 66, 67, 73, 74, 75, 76, 77, 78, 79, 99, 100, 101, 107, 109], "excluded_lines": [120, 122, 123, 124, 126, 127, 128, 129, 131], "executed_branches": [], "missing_branches": []}}}, "loan_avengers/tools/mcp_servers/application_verification/service.py": {"executed_lines": [1, 8, 10, 11, 12, 13, 14, 17, 19, 22, 23, 25, 26, 29, 32, 33, 38, 39, 41, 42, 43, 44, 46, 47, 49, 53, 70, 71, 73, 74, 75, 77, 79, 84, 99, 100, 102, 117, 132, 146, 158, 160, 162, 164, 167, 168, 169, 170, 173, 187, 188, 189, 191, 192, 193, 194, 199, 208, 209, 210, 211, 212, 213, 214, 217, 220, 223, 224, 228, 229, 230, 231, 237, 238, 239, 240, 246, 247, 249, 250, 257, 259, 261, 262, 263, 264, 267, 271, 274, 290, 291, 292, 293, 294, 297, 298, 300, 305, 307, 308, 309, 324, 325, 326], "summary": {"covered_lines": 102, "num_statements": 121, "percent_covered": 79.64071856287426, "percent_covered_display": "79.64", "missing_lines": 19, "excluded_lines": 0, "num_branches": 46, "num_partial_branches": 13, "covered_branches": 31, "missing_branches": 15}, "missing_lines": [118, 120, 133, 135, 196, 225, 232, 233, 234, 241, 242, 243, 251, 252, 254, 265, 266, 268, 295], "excluded_lines": [], "executed_branches": [[187, 188], [187, 199], [189, 191], [191, 192], [191, 193], [193, 194], [208, 209], [208, 217], [210, 208], [210, 211], [211, 212], [211, 213], [213, 214], [223, 224], [224, 228], [228, 229], [231, 237], [237, 238], [240, 246], [249, 250], [259, 261], [259, 267], [263, 264], [263, 271], [267, 271], [290, 291], [292, 293], [292, 294], [294, 297], [297, 298], [297, 300]], "missing_branches": [[189, 196], [193, 187], [213, 208], [223, 228], [224, 225], [228, 237], [231, 232], [237, 246], [240, 241], [249, 251], [251, 252], [251, 254], [267, 268], [290, 297], [294, 295]], "functions": {"ApplicationVerificationServiceImpl.retrieve_credit_report": {"executed_lines": [39, 41, 42, 43, 44, 46, 47, 49, 53], "summary": {"covered_lines": 9, "num_statements": 9, "percent_covered": 100.0, "percent_covered_display": "100.00", "missing_lines": 0, "excluded_lines": 0, "num_branches": 0, "num_partial_branches": 0, "covered_branches": 0, "missing_branches": 0}, "missing_lines": [], "excluded_lines": [], "executed_branches": [], "missing_branches": []}, "ApplicationVerificationServiceImpl.verify_employment": {"executed_lines": [71, 73, 74, 75, 77, 79, 84], "summary": {"covered_lines": 7, "num_statements": 7, "percent_covered": 100.0, "percent_covered_display": "100.00", "missing_lines": 0, "excluded_lines": 0, "num_branches": 0, "num_partial_branches": 0, "covered_branches": 0, "missing_branches": 0}, "missing_lines": [], "excluded_lines": [], "executed_branches": [], "missing_branches": []}, "ApplicationVerificationServiceImpl.get_bank_account_data": {"executed_lines": [100, 102], "summary": {"covered_lines": 2, "num_statements": 2, "percent_covered": 100.0, "percent_covered_display": "100.00", "missing_lines": 0, "excluded_lines": 0, "num_branches": 0, "num_partial_branches": 0, "covered_branches": 0, "missing_branches": 0}, "missing_lines": [], "excluded_lines": [], "executed_branches": [], "missing_branches": []}, "ApplicationVerificationServiceImpl.get_tax_transcript_data": {"executed_lines": [], "summary": {"covered_lines": 0, "num_statements": 2, "percent_covered": 0.0, "percent_covered_display": "0.00", "missing_lines": 2, "excluded_lines": 0, "num_branches": 0, "num_partial_branches": 0, "covered_branches": 0, "missing_branches": 0}, "missing_lines": [118, 120], "excluded_lines": [], "executed_branches": [], "missing_branches": []}, "ApplicationVerificationServiceImpl.verify_asset_information": {"executed_lines": [], "summary": {"covered_lines": 0, "num_statements": 2, "percent_covered": 0.0, "percent_covered_display": "0.00", "missing_lines": 2, "excluded_lines": 0, "num_branches": 0, "num_partial_branches": 0, "covered_branches": 0, "missing_branches": 0}, "missing_lines": [133, 135], "excluded_lines": [], "executed_branches": [], "missing_branches": []}, "ApplicationVerificationServiceImpl.validate_basic_parameters": {"executed_lines": [158, 160, 162, 164, 167, 168, 169, 170, 173, 187, 188, 189, 191, 192, 193, 194, 199, 208, 209, 210, 211, 212, 213, 214, 217, 220, 223, 224, 228, 229, 230, 231, 237, 238, 239, 240, 246, 247, 249, 250, 257, 259, 261, 262, 263, 264, 267, 271, 274, 290, 291, 292, 293, 294, 297, 298, 300, 305, 307, 308, 309, 324, 325, 326], "summary": {"covered_lines": 64, "num_statements": 79, "percent_covered": 76.0, "percent_covered_display": "76.00", "missing_lines": 15, "excluded_lines": 0, "num_branches": 46, "num_partial_branches": 13, "covered_branches": 31, "missing_branches": 15}, "missing_lines": [196, 225, 232, 233, 234, 241, 242, 243, 251, 252, 254, 265, 266, 268, 295], "excluded_lines": [], "executed_branches": [[187, 188], [187, 199], [189, 191], [191, 192], [191, 193], [193, 194], [208, 209], [208, 217], [210, 208], [210, 211], [211, 212], [211, 213], [213, 214], [223, 224], [224, 228], [228, 229], [231, 237], [237, 238], [240, 246], [249, 250], [259, 261], [259, 267], [263, 264], [263, 271], [267, 271], [290, 291], [292, 293], [292, 294], [294, 297], [297, 298], [297, 300]], "missing_branches": [[189, 196], [193, 187], [213, 208], [223, 228], [224, 225], [228, 237], [231, 232], [237, 246], [240, 241], [249, 251], [251, 252], [251, 254], [267, 268], [290, 297], [294, 295]]}, "": {"executed_lines": [1, 8, 10, 11, 12, 13, 14, 17, 19, 22, 23, 25, 26, 29, 32, 33, 38, 70, 99, 117, 132, 146], "summary": {"covered_lines": 20, "num_statements": 20, "percent_covered": 100.0, "percent_covered_display": "100.00", "missing_lines": 0, "excluded_lines": 0, "num_branches": 0, "num_partial_branches": 0, "covered_branches": 0, "missing_branches": 0}, "missing_lines": [], "excluded_lines": [], "executed_branches": [], "missing_branches": []}}, "classes": {"ApplicationVerificationServiceImpl": {"executed_lines": [39, 41, 42, 43, 44, 46, 47, 49, 53, 71, 73, 74, 75, 77, 79, 84, 100, 102, 158, 160, 162, 164, 167, 168, 169, 170, 173, 187, 188, 189, 191, 192, 193, 194, 199, 208, 209, 210, 211, 212, 213, 214, 217, 220, 223, 224, 228, 229, 230, 231, 237, 238, 239, 240, 246, 247, 249, 250, 257, 259, 261, 262, 263, 264, 267, 271, 274, 290, 291, 292, 293, 294, 297, 298, 300, 305, 307, 308, 309, 324, 325, 326], "summary": {"covered_lines": 82, "num_statements": 101, "percent_covered": 76.87074829931973, "percent_covered_display": "76.87", "missing_lines": 19, "excluded_lines": 0, "num_branches": 46, "num_partial_branches": 13, "covered_branches": 31, "missing_branches": 15}, "missing_lines": [118, 120, 133, 135, 196, 225, 232, 233, 234, 241, 242, 243, 251, 252, 254, 265, 266, 268, 295], "excluded_lines": [], "executed_branches": [[187, 188], [187, 199], [189, 191], [191, 192], [191, 193], [193, 194], [208, 209], [208, 217], [210, 208], [210, 211], [211, 212], [211, 213], [213, 214], [223, 224], [224, 228], [228, 229], [231, 237], [237, 238], [240, 246], [249, 250], [259, 261], [259, 267], [263, 264], [263, 271], [267, 271], [290, 291], [292, 293], [292, 294], [294, 297], [297, 298], [297, 300]], "missing_branches": [[189, 196], [193, 187], [213, 208], [223, 228], [224, 225], [228, 237], [231, 232], [237, 246], [240, 241], [249, 251], [251, 252], [251, 254], [267, 268], [290, 297], [294, 295]]}, "": {"executed_lines": [1, 8, 10, 11, 12, 13, 14, 17, 19, 22, 23, 25, 26, 29, 32, 33, 38, 70, 99, 117, 132, 146], "summary": {"covered_lines": 20, "num_statements": 20, "percent_covered": 100.0, "percent_covered_display": "100.00", "missing_lines": 0, "excluded_lines": 0, "num_branches": 0, "num_partial_branches": 0, "covered_branches": 0, "missing_branches": 0}, "missing_lines": [], "excluded_lines": [], "executed_branches": [], "missing_branches": []}}}, "loan_avengers/tools/services/__init__.py": {"executed_lines": [1, 15, 18, 19, 20, 21, 23], "summary": {"covered_lines": 6, "num_statements": 6, "percent_covered": 100.0, "percent_covered_display": "100.00", "missing_lines": 0, "excluded_lines": 0, "num_branches": 0, "num_partial_branches": 0, "covered_branches": 0, "missing_branches": 0}, "missing_lines": [], "excluded_lines": [], "executed_branches": [], "missing_branches": [], "functions": {"": {"executed_lines": [1, 15, 18, 19, 20, 21, 23], "summary": {"covered_lines": 6, "num_statements": 6, "percent_covered": 100.0, "percent_covered_display": "100.00", "missing_lines": 0, "excluded_lines": 0, "num_branches": 0, "num_partial_branches": 0, "covered_branches": 0, "missing_branches": 0}, "missing_lines": [], "excluded_lines": [], "executed_branches": [], "missing_branches": []}}, "classes": {"": {"executed_lines": [1, 15, 18, 19, 20, 21, 23], "summary": {"covered_lines": 6, "num_statements": 6, "percent_covered": 100.0, "percent_covered_display": "100.00", "missing_lines": 0, "excluded_lines": 0, "num_branches": 0, "num_partial_branches": 0, "covered_branches": 0, "missing_branches": 0}, "missing_lines": [], "excluded_lines": [], "executed_branches": [], "missing_branches": []}}}, "loan_avengers/tools/services/application_verification.py": {"executed_lines": [1, 8, 10, 11, 14, 15, 32, 33, 51, 52, 69, 70, 86, 87, 103, 104, 109, 110], "summary": {"covered_lines": 4, "num_statements": 4, "percent_covered": 100.0, "percent_covered_display": "100.00", "missing_lines": 0, "excluded_lines": 92, "num_branches": 0, "num_partial_branches": 0, "covered_branches": 0, "missing_branches": 0}, "missing_lines": [], "excluded_lines": [32, 33, 34, 35, 36, 37, 38, 39, 40, 41, 42, 43, 44, 45, 46, 47, 48, 49, 51, 52, 53, 54, 55, 56, 57, 58, 59, 60, 61, 62, 63, 64, 65, 66, 67, 69, 70, 71, 72, 73, 74, 75, 76, 77, 78, 79, 80, 81, 82, 83, 84, 86, 87, 88, 89, 90, 91, 92, 93, 94, 95, 96, 97, 98, 99, 100, 101, 103, 104, 105, 106, 107, 109, 110, 111, 112, 113, 114, 115, 116, 117, 118, 119, 120, 121, 122, 123, 124, 125, 126, 127, 128], "executed_branches": [], "missing_branches": [], "functions": {"ApplicationVerificationService.retrieve_credit_report": {"executed_lines": [], "summary": {"covered_lines": 0, "num_statements": 0, "percent_covered": 100.0, "percent_covered_display": "100.00", "missing_lines": 0, "excluded_lines": 16, "num_branches": 0, "num_partial_branches": 0, "covered_branches": 0, "missing_branches": 0}, "missing_lines": [], "excluded_lines": [34, 35, 36, 37, 38, 39, 40, 41, 42, 43, 44, 45, 46, 47, 48, 49], "executed_branches": [], "missing_branches": []}, "ApplicationVerificationService.verify_employment": {"executed_lines": [], "summary": {"covered_lines": 0, "num_statements": 0, "percent_covered": 100.0, "percent_covered_display": "100.00", "missing_lines": 0, "excluded_lines": 15, "num_branches": 0, "num_partial_branches": 0, "covered_branches": 0, "missing_branches": 0}, "missing_lines": [], "excluded_lines": [53, 54, 55, 56, 57, 58, 59, 60, 61, 62, 63, 64, 65, 66, 67], "executed_branches": [], "missing_branches": []}, "ApplicationVerificationService.get_bank_account_data": {"executed_lines": [], "summary": {"covered_lines": 0, "num_statements": 0, "percent_covered": 100.0, "percent_covered_display": "100.00", "missing_lines": 0, "excluded_lines": 14, "num_branches": 0, "num_partial_branches": 0, "covered_branches": 0, "missing_branches": 0}, "missing_lines": [], "excluded_lines": [71, 72, 73, 74, 75, 76, 77, 78, 79, 80, 81, 82, 83, 84], "executed_branches": [], "missing_branches": []}, "ApplicationVerificationService.get_tax_transcript_data": {"executed_lines": [], "summary": {"covered_lines": 0, "num_statements": 0, "percent_covered": 100.0, "percent_covered_display": "100.00", "missing_lines": 0, "excluded_lines": 14, "num_branches": 0, "num_partial_branches": 0, "covered_branches": 0, "missing_branches": 0}, "missing_lines": [], "excluded_lines": [88, 89, 90, 91, 92, 93, 94, 95, 96, 97, 98, 99, 100, 101], "executed_branches": [], "missing_branches": []}, "ApplicationVerificationService.verify_asset_information": {"executed_lines": [], "summary": {"covered_lines": 0, "num_statements": 0, "percent_covered": 100.0, "percent_covered_display": "100.00", "missing_lines": 0, "excluded_lines": 3, "num_branches": 0, "num_partial_branches": 0, "covered_branches": 0, "missing_branches": 0}, "missing_lines": [], "excluded_lines": [105, 106, 107], "executed_branches": [], "missing_branches": []}, "ApplicationVerificationService.validate_basic_parameters": {"executed_lines": [], "summary": {"covered_lines": 0, "num_statements": 0, "percent_covered": 100.0, "percent_covered_display": "100.00", "missing_lines": 0, "excluded_lines": 18, "num_branches": 0, "num_partial_branches": 0, "covered_branches": 0, "missing_branches": 0}, "missing_lines": [], "excluded_lines": [111, 112, 113, 114, 115, 116, 117, 118, 119, 120, 121, 122, 123, 124, 125, 126, 127, 128], "executed_branches": [], "missing_branches": []}, "": {"executed_lines": [1, 8, 10, 11, 14, 15, 32, 33, 51, 52, 69, 70, 86, 87, 103, 104, 109, 110], "summary": {"covered_lines": 4, "num_statements": 4, "percent_covered": 100.0, "percent_covered_display": "100.00", "missing_lines": 0, "excluded_lines": 12, "num_branches": 0, "num_partial_branches": 0, "covered_branches": 0, "missing_branches": 0}, "missing_lines": [], "excluded_lines": [32, 33, 51, 52, 69, 70, 86, 87, 103, 104, 109, 110], "executed_branches": [], "missing_branches": []}}, "classes": {"ApplicationVerificationService": {"executed_lines": [], "summary": {"covered_lines": 0, "num_statements": 0, "percent_covered": 100.0, "percent_covered_display": "100.00", "missing_lines": 0, "excluded_lines": 80, "num_branches": 0, "num_partial_branches": 0, "covered_branches": 0, "missing_branches": 0}, "missing_lines": [], "excluded_lines": [34, 35, 36, 37, 38, 39, 40, 41, 42, 43, 44, 45, 46, 47, 48, 49, 53, 54, 55, 56, 57, 58, 59, 60, 61, 62, 63, 64, 65, 66, 67, 71, 72, 73, 74, 75, 76, 77, 78, 79, 80, 81, 82, 83, 84, 88, 89, 90, 91, 92, 93, 94, 95, 96, 97, 98, 99, 100, 101, 105, 106, 107, 111, 112, 113, 114, 115, 116, 117, 118, 119, 120, 121, 122, 123, 124, 125, 126, 127, 128], "executed_branches": [], "missing_branches": []}, "": {"executed_lines": [1, 8, 10, 11, 14, 15, 32, 33, 51, 52, 69, 70, 86, 87, 103, 104, 109, 110], "summary": {"covered_lines": 4, "num_statements": 4, "percent_covered": 100.0, "percent_covered_display": "100.00", "missing_lines": 0, "excluded_lines": 12, "num_branches": 0, "num_partial_branches": 0, "covered_branches": 0, "missing_branches": 0}, "missing_lines": [], "excluded_lines": [32, 33, 51, 52, 69, 70, 86, 87, 103, 104, 109, 110], "executed_branches": [], "missing_branches": []}}}, "loan_avengers/tools/services/compliance_validation.py": {"executed_lines": [1, 8, 10, 11, 14, 15, 33, 34, 49, 50, 65, 66, 82, 83, 99, 100, 116, 117], "summary": {"covered_lines": 4, "num_statements": 4, "percent_covered": 100.0, "percent_covered_display": "100.00", "missing_lines": 0, "excluded_lines": 94, "num_branches": 0, "num_partial_branches": 0, "covered_branches": 0, "missing_branches": 0}, "missing_lines": [], "excluded_lines": [33, 34, 35, 36, 37, 38, 39, 40, 41, 42, 43, 44, 45, 46, 47, 49, 50, 51, 52, 53, 54, 55, 56, 57, 58, 59, 60, 61, 62, 63, 65, 66, 67, 68, 69, 70, 71, 72, 73, 74, 75, 76, 77, 78, 79, 80, 82, 83, 84, 85, 86, 87, 88, 89, 90, 91, 92, 93, 94, 95, 96, 97, 99, 100, 101, 102, 103, 104, 105, 106, 107, 108, 109, 110, 111, 112, 113, 114, 116, 117, 118, 119, 120, 121, 122, 123, 124, 125, 126, 127, 128, 129, 130, 131], "executed_branches": [], "missing_branches": [], "functions": {"ComplianceValidationService.check_fraud_patterns": {"executed_lines": [], "summary": {"covered_lines": 0, "num_statements": 0, "percent_covered": 100.0, "percent_covered_display": "100.00", "missing_lines": 0, "excluded_lines": 13, "num_branches": 0, "num_partial_branches": 0, "covered_branches": 0, "missing_branches": 0}, "missing_lines": [], "excluded_lines": [35, 36, 37, 38, 39, 40, 41, 42, 43, 44, 45, 46, 47], "executed_branches": [], "missing_branches": []}, "ComplianceValidationService.validate_identity_consistency": {"executed_lines": [], "summary": {"covered_lines": 0, "num_statements": 0, "percent_covered": 100.0, "percent_covered_display": "100.00", "missing_lines": 0, "excluded_lines": 13, "num_branches": 0, "num_partial_branches": 0, "covered_branches": 0, "missing_branches": 0}, "missing_lines": [], "excluded_lines": [51, 52, 53, 54, 55, 56, 57, 58, 59, 60, 61, 62, 63], "executed_branches": [], "missing_branches": []}, "ComplianceValidationService.check_regulatory_compliance": {"executed_lines": [], "summary": {"covered_lines": 0, "num_statements": 0, "percent_covered": 100.0, "percent_covered_display": "100.00", "missing_lines": 0, "excluded_lines": 14, "num_branches": 0, "num_partial_branches": 0, "covered_branches": 0, "missing_branches": 0}, "missing_lines": [], "excluded_lines": [67, 68, 69, 70, 71, 72, 73, 74, 75, 76, 77, 78, 79, 80], "executed_branches": [], "missing_branches": []}, "ComplianceValidationService.validate_documentation_completeness": {"executed_lines": [], "summary": {"covered_lines": 0, "num_statements": 0, "percent_covered": 100.0, "percent_covered_display": "100.00", "missing_lines": 0, "excluded_lines": 14, "num_branches": 0, "num_partial_branches": 0, "covered_branches": 0, "missing_branches": 0}, "missing_lines": [], "excluded_lines": [84, 85, 86, 87, 88, 89, 90, 91, 92, 93, 94, 95, 96, 97], "executed_branches": [], "missing_branches": []}, "ComplianceValidationService.check_sanctions_and_watchlists": {"executed_lines": [], "summary": {"covered_lines": 0, "num_statements": 0, "percent_covered": 100.0, "percent_covered_display": "100.00", "missing_lines": 0, "excluded_lines": 14, "num_branches": 0, "num_partial_branches": 0, "covered_branches": 0, "missing_branches": 0}, "missing_lines": [], "excluded_lines": [101, 102, 103, 104, 105, 106, 107, 108, 109, 110, 111, 112, 113, 114], "executed_branches": [], "missing_branches": []}, "ComplianceValidationService.validate_lending_policy_compliance": {"executed_lines": [], "summary": {"covered_lines": 0, "num_statements": 0, "percent_covered": 100.0, "percent_covered_display": "100.00", "missing_lines": 0, "excluded_lines": 14, "num_branches": 0, "num_partial_branches": 0, "covered_branches": 0, "missing_branches": 0}, "missing_lines": [], "excluded_lines": [118, 119, 120, 121, 122, 123, 124, 125, 126, 127, 128, 129, 130, 131], "executed_branches": [], "missing_branches": []}, "": {"executed_lines": [1, 8, 10, 11, 14, 15, 33, 34, 49, 50, 65, 66, 82, 83, 99, 100, 116, 117], "summary": {"covered_lines": 4, "num_statements": 4, "percent_covered": 100.0, "percent_covered_display": "100.00", "missing_lines": 0, "excluded_lines": 12, "num_branches": 0, "num_partial_branches": 0, "covered_branches": 0, "missing_branches": 0}, "missing_lines": [], "excluded_lines": [33, 34, 49, 50, 65, 66, 82, 83, 99, 100, 116, 117], "executed_branches": [], "missing_branches": []}}, "classes": {"ComplianceValidationService": {"executed_lines": [], "summary": {"covered_lines": 0, "num_statements": 0, "percent_covered": 100.0, "percent_covered_display": "100.00", "missing_lines": 0, "excluded_lines": 82, "num_branches": 0, "num_partial_branches": 0, "covered_branches": 0, "missing_branches": 0}, "missing_lines": [], "excluded_lines": [35, 36, 37, 38, 39, 40, 41, 42, 43, 44, 45, 46, 47, 51, 52, 53, 54, 55, 56, 57, 58, 59, 60, 61, 62, 63, 67, 68, 69, 70, 71, 72, 73, 74, 75, 76, 77, 78, 79, 80, 84, 85, 86, 87, 88, 89, 90, 91, 92, 93, 94, 95, 96, 97, 101, 102, 103, 104, 105, 106, 107, 108, 109, 110, 111, 112, 113, 114, 118, 119, 120, 121, 122, 123, 124, 125, 126, 127, 128, 129, 130, 131], "executed_branches": [], "missing_branches": []}, "": {"executed_lines": [1, 8, 10, 11, 14, 15, 33, 34, 49, 50, 65, 66, 82, 83, 99, 100, 116, 117], "summary": {"covered_lines": 4, "num_statements": 4, "percent_covered": 100.0, "percent_covered_display": "100.00", "missing_lines": 0, "excluded_lines": 12, "num_branches": 0, "num_partial_branches": 0, "covered_branches": 0, "missing_branches": 0}, "missing_lines": [], "excluded_lines": [33, 34, 49, 50, 65, 66, 82, 83, 99, 100, 116, 117], "executed_branches": [], "missing_branches": []}}}, "loan_avengers/tools/services/document_processing.py": {"executed_lines": [1, 8, 10, 11, 14, 15, 32, 33, 49, 50, 65, 66, 82, 83, 99, 100], "summary": {"covered_lines": 4, "num_statements": 4, "percent_covered": 100.0, "percent_covered_display": "100.00", "missing_lines": 0, "excluded_lines": 79, "num_branches": 0, "num_partial_branches": 0, "covered_branches": 0, "missing_branches": 0}, "missing_lines": [], "excluded_lines": [32, 33, 34, 35, 36, 37, 38, 39, 40, 41, 42, 43, 44, 45, 46, 47, 49, 50, 51, 52, 53, 54, 55, 56, 57, 58, 59, 60, 61, 62, 63, 65, 66, 67, 68, 69, 70, 71, 72, 73, 74, 75, 76, 77, 78, 79, 80, 82, 83, 84, 85, 86, 87, 88, 89, 90, 91, 92, 93, 94, 95, 96, 97, 99, 100, 101, 102, 103, 104, 105, 106, 107, 108, 109, 110, 111, 112, 113, 114], "executed_branches": [], "missing_branches": [], "functions": {"DocumentProcessingService.extract_text_from_document": {"executed_lines": [], "summary": {"covered_lines": 0, "num_statements": 0, "percent_covered": 100.0, "percent_covered_display": "100.00", "missing_lines": 0, "excluded_lines": 14, "num_branches": 0, "num_partial_branches": 0, "covered_branches": 0, "missing_branches": 0}, "missing_lines": [], "excluded_lines": [34, 35, 36, 37, 38, 39, 40, 41, 42, 43, 44, 45, 46, 47], "executed_branches": [], "missing_branches": []}, "DocumentProcessingService.classify_document_type": {"executed_lines": [], "summary": {"covered_lines": 0, "num_statements": 0, "percent_covered": 100.0, "percent_covered_display": "100.00", "missing_lines": 0, "excluded_lines": 13, "num_branches": 0, "num_partial_branches": 0, "covered_branches": 0, "missing_branches": 0}, "missing_lines": [], "excluded_lines": [51, 52, 53, 54, 55, 56, 57, 58, 59, 60, 61, 62, 63], "executed_branches": [], "missing_branches": []}, "DocumentProcessingService.validate_document_format": {"executed_lines": [], "summary": {"covered_lines": 0, "num_statements": 0, "percent_covered": 100.0, "percent_covered_display": "100.00", "missing_lines": 0, "excluded_lines": 14, "num_branches": 0, "num_partial_branches": 0, "covered_branches": 0, "missing_branches": 0}, "missing_lines": [], "excluded_lines": [67, 68, 69, 70, 71, 72, 73, 74, 75, 76, 77, 78, 79, 80], "executed_branches": [], "missing_branches": []}, "DocumentProcessingService.extract_structured_data": {"executed_lines": [], "summary": {"covered_lines": 0, "num_statements": 0, "percent_covered": 100.0, "percent_covered_display": "100.00", "missing_lines": 0, "excluded_lines": 14, "num_branches": 0, "num_partial_branches": 0, "covered_branches": 0, "missing_branches": 0}, "missing_lines": [], "excluded_lines": [84, 85, 86, 87, 88, 89, 90, 91, 92, 93, 94, 95, 96, 97], "executed_branches": [], "missing_branches": []}, "DocumentProcessingService.convert_document_format": {"executed_lines": [], "summary": {"covered_lines": 0, "num_statements": 0, "percent_covered": 100.0, "percent_covered_display": "100.00", "missing_lines": 0, "excluded_lines": 14, "num_branches": 0, "num_partial_branches": 0, "covered_branches": 0, "missing_branches": 0}, "missing_lines": [], "excluded_lines": [101, 102, 103, 104, 105, 106, 107, 108, 109, 110, 111, 112, 113, 114], "executed_branches": [], "missing_branches": []}, "": {"executed_lines": [1, 8, 10, 11, 14, 15, 32, 33, 49, 50, 65, 66, 82, 83, 99, 100], "summary": {"covered_lines": 4, "num_statements": 4, "percent_covered": 100.0, "percent_covered_display": "100.00", "missing_lines": 0, "excluded_lines": 10, "num_branches": 0, "num_partial_branches": 0, "covered_branches": 0, "missing_branches": 0}, "missing_lines": [], "excluded_lines": [32, 33, 49, 50, 65, 66, 82, 83, 99, 100], "executed_branches": [], "missing_branches": []}}, "classes": {"DocumentProcessingService": {"executed_lines": [], "summary": {"covered_lines": 0, "num_statements": 0, "percent_covered": 100.0, "percent_covered_display": "100.00", "missing_lines": 0, "excluded_lines": 69, "num_branches": 0, "num_partial_branches": 0, "covered_branches": 0, "missing_branches": 0}, "missing_lines": [], "excluded_lines": [34, 35, 36, 37, 38, 39, 40, 41, 42, 43, 44, 45, 46, 47, 51, 52, 53, 54, 55, 56, 57, 58, 59, 60, 61, 62, 63, 67, 68, 69, 70, 71, 72, 73, 74, 75, 76, 77, 78, 79, 80, 84, 85, 86, 87, 88, 89, 90, 91, 92, 93, 94, 95, 96, 97, 101, 102, 103, 104, 105, 106, 107, 108, 109, 110, 111, 112, 113, 114], "executed_branches": [], "missing_branches": []}, "": {"executed_lines": [1, 8, 10, 11, 14, 15, 32, 33, 49, 50, 65, 66, 82, 83, 99, 100], "summary": {"covered_lines": 4, "num_statements": 4, "percent_covered": 100.0, "percent_covered_display": "100.00", "missing_lines": 0, "excluded_lines": 10, "num_branches": 0, "num_partial_branches": 0, "covered_branches": 0, "missing_branches": 0}, "missing_lines": [], "excluded_lines": [32, 33, 49, 50, 65, 66, 82, 83, 99, 100], "executed_branches": [], "missing_branches": []}}}, "loan_avengers/tools/services/financial_calculations.py": {"executed_lines": [1, 8, 10, 11, 14, 15, 33, 34, 52, 53, 71, 72, 98, 99, 123, 124, 142, 143], "summary": {"covered_lines": 4, "num_statements": 4, "percent_covered": 100.0, "percent_covered_display": "100.00", "missing_lines": 0, "excluded_lines": 130, "num_branches": 0, "num_partial_branches": 0, "covered_branches": 0, "missing_branches": 0}, "missing_lines": [], "excluded_lines": [33, 34, 35, 36, 37, 38, 39, 40, 41, 42, 43, 44, 45, 46, 47, 48, 49, 50, 52, 53, 54, 55, 56, 57, 58, 59, 60, 61, 62, 63, 64, 65, 66, 67, 68, 69, 71, 72, 73, 74, 75, 76, 77, 78, 79, 80, 81, 82, 83, 84, 85, 86, 87, 88, 89, 90, 91, 92, 93, 94, 95, 96, 98, 99, 100, 101, 102, 103, 104, 105, 106, 107, 108, 109, 110, 111, 112, 113, 114, 115, 116, 117, 118, 119, 120, 121, 123, 124, 125, 126, 127, 128, 129, 130, 131, 132, 133, 134, 135, 136, 137, 138, 139, 140, 142, 143, 144, 145, 146, 147, 148, 149, 150, 151, 152, 153, 154, 155, 156, 157, 158, 159, 160, 161, 162, 163, 164, 165, 166, 167], "executed_branches": [], "missing_branches": [], "functions": {"FinancialCalculationsService.calculate_debt_to_income_ratio": {"executed_lines": [], "summary": {"covered_lines": 0, "num_statements": 0, "percent_covered": 100.0, "percent_covered_display": "100.00", "missing_lines": 0, "excluded_lines": 14, "num_branches": 0, "num_partial_branches": 0, "covered_branches": 0, "missing_branches": 0}, "missing_lines": [], "excluded_lines": [37, 38, 39, 40, 41, 42, 43, 44, 45, 46, 47, 48, 49, 50], "executed_branches": [], "missing_branches": []}, "FinancialCalculationsService.calculate_credit_utilization_ratio": {"executed_lines": [], "summary": {"covered_lines": 0, "num_statements": 0, "percent_covered": 100.0, "percent_covered_display": "100.00", "missing_lines": 0, "excluded_lines": 14, "num_branches": 0, "num_partial_branches": 0, "covered_branches": 0, "missing_branches": 0}, "missing_lines": [], "excluded_lines": [56, 57, 58, 59, 60, 61, 62, 63, 64, 65, 66, 67, 68, 69], "executed_branches": [], "missing_branches": []}, "FinancialCalculationsService.calculate_loan_affordability": {"executed_lines": [], "summary": {"covered_lines": 0, "num_statements": 0, "percent_covered": 100.0, "percent_covered_display": "100.00", "missing_lines": 0, "excluded_lines": 17, "num_branches": 0, "num_partial_branches": 0, "covered_branches": 0, "missing_branches": 0}, "missing_lines": [], "excluded_lines": [80, 81, 82, 83, 84, 85, 86, 87, 88, 89, 90, 91, 92, 93, 94, 95, 96], "executed_branches": [], "missing_branches": []}, "FinancialCalculationsService.calculate_monthly_payment": {"executed_lines": [], "summary": {"covered_lines": 0, "num_statements": 0, "percent_covered": 100.0, "percent_covered_display": "100.00", "missing_lines": 0, "excluded_lines": 16, "num_branches": 0, "num_partial_branches": 0, "covered_branches": 0, "missing_branches": 0}, "missing_lines": [], "excluded_lines": [106, 107, 108, 109, 110, 111, 112, 113, 114, 115, 116, 117, 118, 119, 120, 121], "executed_branches": [], "missing_branches": []}, "FinancialCalculationsService.analyze_income_stability": {"executed_lines": [], "summary": {"covered_lines": 0, "num_statements": 0, "percent_covered": 100.0, "percent_covered_display": "100.00", "missing_lines": 0, "excluded_lines": 14, "num_branches": 0, "num_partial_branches": 0, "covered_branches": 0, "missing_branches": 0}, "missing_lines": [], "excluded_lines": [127, 128, 129, 130, 131, 132, 133, 134, 135, 136, 137, 138, 139, 140], "executed_branches": [], "missing_branches": []}, "FinancialCalculationsService.calculate_total_debt_service_ratio": {"executed_lines": [], "summary": {"covered_lines": 0, "num_statements": 0, "percent_covered": 100.0, "percent_covered_display": "100.00", "missing_lines": 0, "excluded_lines": 17, "num_branches": 0, "num_partial_branches": 0, "covered_branches": 0, "missing_branches": 0}, "missing_lines": [], "excluded_lines": [151, 152, 153, 154, 155, 156, 157, 158, 159, 160, 161, 162, 163, 164, 165, 166, 167], "executed_branches": [], "missing_branches": []}, "": {"executed_lines": [1, 8, 10, 11, 14, 15, 33, 34, 52, 53, 71, 72, 98, 99, 123, 124, 142, 143], "summary": {"covered_lines": 4, "num_statements": 4, "percent_covered": 100.0, "percent_covered_display": "100.00", "missing_lines": 0, "excluded_lines": 38, "num_branches": 0, "num_partial_branches": 0, "covered_branches": 0, "missing_branches": 0}, "missing_lines": [], "excluded_lines": [33, 34, 35, 36, 52, 53, 54, 55, 71, 72, 73, 74, 75, 76, 77, 78, 79, 98, 99, 100, 101, 102, 103, 104, 105, 123, 124, 125, 126, 142, 143, 144, 145, 146, 147, 148, 149, 150], "executed_branches": [], "missing_branches": []}}, "classes": {"FinancialCalculationsService": {"executed_lines": [], "summary": {"covered_lines": 0, "num_statements": 0, "percent_covered": 100.0, "percent_covered_display": "100.00", "missing_lines": 0, "excluded_lines": 92, "num_branches": 0, "num_partial_branches": 0, "covered_branches": 0, "missing_branches": 0}, "missing_lines": [], "excluded_lines": [37, 38, 39, 40, 41, 42, 43, 44, 45, 46, 47, 48, 49, 50, 56, 57, 58, 59, 60, 61, 62, 63, 64, 65, 66, 67, 68, 69, 80, 81, 82, 83, 84, 85, 86, 87, 88, 89, 90, 91, 92, 93, 94, 95, 96, 106, 107, 108, 109, 110, 111, 112, 113, 114, 115, 116, 117, 118, 119, 120, 121, 127, 128, 129, 130, 131, 132, 133, 134, 135, 136, 137, 138, 139, 140, 151, 152, 153, 154, 155, 156, 157, 158, 159, 160, 161, 162, 163, 164, 165, 166, 167], "executed_branches": [], "missing_branches": []}, "": {"executed_lines": [1, 8, 10, 11, 14, 15, 33, 34, 52, 53, 71, 72, 98, 99, 123, 124, 142, 143], "summary": {"covered_lines": 4, "num_statements": 4, "percent_covered": 100.0, "percent_covered_display": "100.00", "missing_lines": 0, "excluded_lines": 38, "num_branches": 0, "num_partial_branches": 0, "covered_branches": 0, "missing_branches": 0}, "missing_lines": [], "excluded_lines": [33, 34, 35, 36, 52, 53, 54, 55, 71, 72, 73, 74, 75, 76, 77, 78, 79, 98, 99, 100, 101, 102, 103, 104, 105, 123, 124, 125, 126, 142, 143, 144, 145, 146, 147, 148, 149, 150], "executed_branches": [], "missing_branches": []}}}, "loan_avengers/utils/__init__.py": {"executed_lines": [1, 12, 13, 14, 17], "summary": {"covered_lines": 4, "num_statements": 4, "percent_covered": 100.0, "percent_covered_display": "100.00", "missing_lines": 0, "excluded_lines": 0, "num_branches": 0, "num_partial_branches": 0, "covered_branches": 0, "missing_branches": 0}, "missing_lines": [], "excluded_lines": [], "executed_branches": [], "missing_branches": [], "functions": {"": {"executed_lines": [1, 12, 13, 14, 17], "summary": {"covered_lines": 4, "num_statements": 4, "percent_covered": 100.0, "percent_covered_display": "100.00", "missing_lines": 0, "excluded_lines": 0, "num_branches": 0, "num_partial_branches": 0, "covered_branches": 0, "missing_branches": 0}, "missing_lines": [], "excluded_lines": [], "executed_branches": [], "missing_branches": []}}, "classes": {"": {"executed_lines": [1, 12, 13, 14, 17], "summary": {"covered_lines": 4, "num_statements": 4, "percent_covered": 100.0, "percent_covered_display": "100.00", "missing_lines": 0, "excluded_lines": 0, "num_branches": 0, "num_partial_branches": 0, "covered_branches": 0, "missing_branches": 0}, "missing_lines": [], "excluded_lines": [], "executed_branches": [], "missing_branches": []}}}, "loan_avengers/utils/config_loader.py": {"executed_lines": [1, 9, 11, 12, 14, 17, 18, 20, 22, 23, 45, 46, 56, 57, 66, 67, 72, 73, 78, 79, 84, 85, 90], "summary": {"covered_lines": 21, "num_statements": 50, "percent_covered": 33.87096774193548, "percent_covered_display": "33.87", "missing_lines": 29, "excluded_lines": 0, "num_branches": 12, "num_partial_branches": 0, "covered_branches": 0, "missing_branches": 12}, "missing_lines": [25, 26, 28, 30, 31, 33, 34, 37, 38, 39, 40, 42, 43, 48, 50, 51, 52, 54, 59, 61, 62, 64, 69, 70, 75, 76, 81, 82, 87], "excluded_lines": [], "executed_branches": [], "missing_branches": [[25, 26], [25, 28], [30, 31], [30, 33], [38, 39], [38, 42], [39, 38], [39, 40], [50, 51], [50, 54], [61, 62], [61, 64]], "functions": {"ConfigurationLoader.load_config": {"executed_lines": [], "summary": {"covered_lines": 0, "num_statements": 13, "percent_covered": 0.0, "percent_covered_display": "0.00", "missing_lines": 13, "excluded_lines": 0, "num_branches": 8, "num_partial_branches": 0, "covered_branches": 0, "missing_branches": 8}, "missing_lines": [25, 26, 28, 30, 31, 33, 34, 37, 38, 39, 40, 42, 43], "excluded_lines": [], "executed_branches": [], "missing_branches": [[25, 26], [25, 28], [30, 31], [30, 33], [38, 39], [38, 42], [39, 38], [39, 40]]}, "ConfigurationLoader.get_agent_config": {"executed_lines": [], "summary": {"covered_lines": 0, "num_statements": 5, "percent_covered": 0.0, "percent_covered_display": "0.00", "missing_lines": 5, "excluded_lines": 0, "num_branches": 2, "num_partial_branches": 0, "covered_branches": 0, "missing_branches": 2}, "missing_lines": [48, 50, 51, 52, 54], "excluded_lines": [], "executed_branches": [], "missing_branches": [[50, 51], [50, 54]]}, "ConfigurationLoader.get_mcp_server_config": {"executed_lines": [], "summary": {"covered_lines": 0, "num_statements": 4, "percent_covered": 0.0, "percent_covered_display": "0.00", "missing_lines": 4, "excluded_lines": 0, "num_branches": 2, "num_partial_branches": 0, "covered_branches": 0, "missing_branches": 2}, "missing_lines": [59, 61, 62, 64], "excluded_lines": [], "executed_branches": [], "missing_branches": [[61, 62], [61, 64]]}, "ConfigurationLoader.list_agent_types": {"executed_lines": [], "summary": {"covered_lines": 0, "num_statements": 2, "percent_covered": 0.0, "percent_covered_display": "0.00", "missing_lines": 2, "excluded_lines": 0, "num_branches": 0, "num_partial_branches": 0, "covered_branches": 0, "missing_branches": 0}, "missing_lines": [69, 70], "excluded_lines": [], "executed_branches": [], "missing_branches": []}, "ConfigurationLoader.list_mcp_server_types": {"executed_lines": [], "summary": {"covered_lines": 0, "num_statements": 2, "percent_covered": 0.0, "percent_covered_display": "0.00", "missing_lines": 2, "excluded_lines": 0, "num_branches": 0, "num_partial_branches": 0, "covered_branches": 0, "missing_branches": 0}, "missing_lines": [75, 76], "excluded_lines": [], "executed_branches": [], "missing_branches": []}, "ConfigurationLoader.get_agent_capabilities": {"executed_lines": [], "summary": {"covered_lines": 0, "num_statements": 2, "percent_covered": 0.0, "percent_covered_display": "0.00", "missing_lines": 2, "excluded_lines": 0, "num_branches": 0, "num_partial_branches": 0, "covered_branches": 0, "missing_branches": 0}, "missing_lines": [81, 82], "excluded_lines": [], "executed_branches": [], "missing_branches": []}, "ConfigurationLoader.reload_configuration": {"executed_lines": [], "summary": {"covered_lines": 0, "num_statements": 1, "percent_covered": 0.0, "percent_covered_display": "0.00", "missing_lines": 1, "excluded_lines": 0, "num_branches": 0, "num_partial_branches": 0, "covered_branches": 0, "missing_branches": 0}, "missing_lines": [87], "excluded_lines": [], "executed_branches": [], "missing_branches": []}, "": {"executed_lines": [1, 9, 11, 12, 14, 17, 18, 20, 22, 23, 45, 46, 56, 57, 66, 67, 72, 73, 78, 79, 84, 85, 90], "summary": {"covered_lines": 21, "num_statements": 21, "percent_covered": 100.0, "percent_covered_display": "100.00", "missing_lines": 0, "excluded_lines": 0, "num_branches": 0, "num_partial_branches": 0, "covered_branches": 0, "missing_branches": 0}, "missing_lines": [], "excluded_lines": [], "executed_branches": [], "missing_branches": []}}, "classes": {"ConfigurationLoader": {"executed_lines": [], "summary": {"covered_lines": 0, "num_statements": 29, "percent_covered": 0.0, "percent_covered_display": "0.00", "missing_lines": 29, "excluded_lines": 0, "num_branches": 12, "num_partial_branches": 0, "covered_branches": 0, "missing_branches": 12}, "missing_lines": [25, 26, 28, 30, 31, 33, 34, 37, 38, 39, 40, 42, 43, 48, 50, 51, 52, 54, 59, 61, 62, 64, 69, 70, 75, 76, 81, 82, 87], "excluded_lines": [], "executed_branches": [], "missing_branches": [[25, 26], [25, 28], [30, 31], [30, 33], [38, 39], [38, 42], [39, 38], [39, 40], [50, 51], [50, 54], [61, 62], [61, 64]]}, "": {"executed_lines": [1, 9, 11, 12, 14, 17, 18, 20, 22, 23, 45, 46, 56, 57, 66, 67, 72, 73, 78, 79, 84, 85, 90], "summary": {"covered_lines": 21, "num_statements": 21, "percent_covered": 100.0, "percent_covered_display": "100.00", "missing_lines": 0, "excluded_lines": 0, "num_branches": 0, "num_partial_branches": 0, "covered_branches": 0, "missing_branches": 0}, "missing_lines": [], "excluded_lines": [], "executed_branches": [], "missing_branches": []}}}, "loan_avengers/utils/observability.py": {"executed_lines": [1, 8, 10, 11, 13, 14, 17, 18, 20, 22, 23, 30, 31, 34, 35, 36, 39, 46, 54, 56, 58, 59, 70, 75, 76, 78, 79, 83, 84, 89], "summary": {"covered_lines": 28, "num_statements": 32, "percent_covered": 86.11111111111111, "percent_covered_display": "86.11", "missing_lines": 4, "excluded_lines": 0, "num_branches": 4, "num_partial_branches": 1, "covered_branches": 3, "missing_branches": 1}, "missing_lines": [47, 52, 81, 86], "excluded_lines": [], "executed_branches": [[30, 31], [30, 34], [46, 54]], "missing_branches": [[46, 47]], "functions": {"Observability.initialize": {"executed_lines": [30, 31, 34, 35, 36, 39, 46, 54, 56], "summary": {"covered_lines": 9, "num_statements": 11, "percent_covered": 80.0, "percent_covered_display": "80.00", "missing_lines": 2, "excluded_lines": 0, "num_branches": 4, "num_partial_branches": 1, "covered_branches": 3, "missing_branches": 1}, "missing_lines": [47, 52], "excluded_lines": [], "executed_branches": [[30, 31], [30, 34], [46, 54]], "missing_branches": [[46, 47]]}, "Observability.get_logger": {"executed_lines": [70, 75, 76], "summary": {"covered_lines": 3, "num_statements": 3, "percent_covered": 100.0, "percent_covered_display": "100.00", "missing_lines": 0, "excluded_lines": 0, "num_branches": 0, "num_partial_branches": 0, "covered_branches": 0, "missing_branches": 0}, "missing_lines": [], "excluded_lines": [], "executed_branches": [], "missing_branches": []}, "Observability.is_application_insights_enabled": {"executed_lines": [], "summary": {"covered_lines": 0, "num_statements": 1, "percent_covered": 0.0, "percent_covered_display": "0.00", "missing_lines": 1, "excluded_lines": 0, "num_branches": 0, "num_partial_branches": 0, "covered_branches": 0, "missing_branches": 0}, "missing_lines": [81], "excluded_lines": [], "executed_branches": [], "missing_branches": []}, "Observability.get_log_level": {"executed_lines": [], "summary": {"covered_lines": 0, "num_statements": 1, "percent_covered": 0.0, "percent_covered_display": "0.00", "missing_lines": 1, "excluded_lines": 0, "num_branches": 0, "num_partial_branches": 0, "covered_branches": 0, "missing_branches": 0}, "missing_lines": [86], "excluded_lines": [], "executed_branches": [], "missing_branches": []}, "": {"executed_lines": [1, 8, 10, 11, 13, 14, 17, 18, 20, 22, 23, 58, 59, 78, 79, 83, 84, 89], "summary": {"covered_lines": 16, "num_statements": 16, "percent_covered": 100.0, "percent_covered_display": "100.00", "missing_lines": 0, "excluded_lines": 0, "num_branches": 0, "num_partial_branches": 0, "covered_branches": 0, "missing_branches": 0}, "missing_lines": [], "excluded_lines": [], "executed_branches": [], "missing_branches": []}}, "classes": {"Observability": {"executed_lines": [30, 31, 34, 35, 36, 39, 46, 54, 56, 70, 75, 76], "summary": {"covered_lines": 12, "num_statements": 16, "percent_covered": 75.0, "percent_covered_display": "75.00", "missing_lines": 4, "excluded_lines": 0, "num_branches": 4, "num_partial_branches": 1, "covered_branches": 3, "missing_branches": 1}, "missing_lines": [47, 52, 81, 86], "excluded_lines": [], "executed_branches": [[30, 31], [30, 34], [46, 54]], "missing_branches": [[46, 47]]}, "": {"executed_lines": [1, 8, 10, 11, 13, 14, 17, 18, 20, 22, 23, 58, 59, 78, 79, 83, 84, 89], "summary": {"covered_lines": 16, "num_statements": 16, "percent_covered": 100.0, "percent_covered_display": "100.00", "missing_lines": 0, "excluded_lines": 0, "num_branches": 0, "num_partial_branches": 0, "covered_branches": 0, "missing_branches": 0}, "missing_lines": [], "excluded_lines": [], "executed_branches": [], "missing_branches": []}}}, "loan_avengers/utils/persona_loader.py": {"executed_lines": [1, 8, 10, 11, 13, 16, 17, 19, 20, 36, 37, 49, 50, 61, 62, 81, 86], "summary": {"covered_lines": 15, "num_statements": 33, "percent_covered": 40.54054054054054, "percent_covered_display": "40.54", "missing_lines": 18, "excluded_lines": 0, "num_branches": 4, "num_partial_branches": 0, "covered_branches": 0, "missing_branches": 4}, "missing_lines": [27, 28, 29, 30, 31, 32, 46, 47, 59, 68, 69, 70, 72, 73, 74, 75, 77, 83], "excluded_lines": [], "executed_branches": [], "missing_branches": [[69, 70], [69, 72], [73, 74], [73, 77]], "functions": {"PersonaLoader.load_persona": {"executed_lines": [], "summary": {"covered_lines": 0, "num_statements": 6, "percent_covered": 0.0, "percent_covered_display": "0.00", "missing_lines": 6, "excluded_lines": 0, "num_branches": 0, "num_partial_branches": 0, "covered_branches": 0, "missing_branches": 0}, "missing_lines": [27, 28, 29, 30, 31, 32], "excluded_lines": [], "executed_branches": [], "missing_branches": []}, "PersonaLoader.get_persona_path": {"executed_lines": [], "summary": {"covered_lines": 0, "num_statements": 2, "percent_covered": 0.0, "percent_covered_display": "0.00", "missing_lines": 2, "excluded_lines": 0, "num_branches": 0, "num_partial_branches": 0, "covered_branches": 0, "missing_branches": 0}, "missing_lines": [46, 47], "excluded_lines": [], "executed_branches": [], "missing_branches": []}, "PersonaLoader.persona_exists": {"executed_lines": [], "summary": {"covered_lines": 0, "num_statements": 1, "percent_covered": 0.0, "percent_covered_display": "0.00", "missing_lines": 1, "excluded_lines": 0, "num_branches": 0, "num_partial_branches": 0, "covered_branches": 0, "missing_branches": 0}, "missing_lines": [59], "excluded_lines": [], "executed_branches": [], "missing_branches": []}, "PersonaLoader.list_available_personas": {"executed_lines": [], "summary": {"covered_lines": 0, "num_statements": 8, "percent_covered": 0.0, "percent_covered_display": "0.00", "missing_lines": 8, "excluded_lines": 0, "num_branches": 4, "num_partial_branches": 0, "covered_branches": 0, "missing_branches": 4}, "missing_lines": [68, 69, 70, 72, 73, 74, 75, 77], "excluded_lines": [], "executed_branches": [], "missing_branches": [[69, 70], [69, 72], [73, 74], [73, 77]]}, "load_persona": {"executed_lines": [], "summary": {"covered_lines": 0, "num_statements": 1, "percent_covered": 0.0, "percent_covered_display": "0.00", "missing_lines": 1, "excluded_lines": 0, "num_branches": 0, "num_partial_branches": 0, "covered_branches": 0, "missing_branches": 0}, "missing_lines": [83], "excluded_lines": [], "executed_branches": [], "missing_branches": []}, "": {"executed_lines": [1, 8, 10, 11, 13, 16, 17, 19, 20, 36, 37, 49, 50, 61, 62, 81, 86], "summary": {"covered_lines": 15, "num_statements": 15, "percent_covered": 100.0, "percent_covered_display": "100.00", "missing_lines": 0, "excluded_lines": 0, "num_branches": 0, "num_partial_branches": 0, "covered_branches": 0, "missing_branches": 0}, "missing_lines": [], "excluded_lines": [], "executed_branches": [], "missing_branches": []}}, "classes": {"PersonaLoader": {"executed_lines": [], "summary": {"covered_lines": 0, "num_statements": 17, "percent_covered": 0.0, "percent_covered_display": "0.00", "missing_lines": 17, "excluded_lines": 0, "num_branches": 4, "num_partial_branches": 0, "covered_branches": 0, "missing_branches": 4}, "missing_lines": [27, 28, 29, 30, 31, 32, 46, 47, 59, 68, 69, 70, 72, 73, 74, 75, 77], "excluded_lines": [], "executed_branches": [], "missing_branches": [[69, 70], [69, 72], [73, 74], [73, 77]]}, "": {"executed_lines": [1, 8, 10, 11, 13, 16, 17, 19, 20, 36, 37, 49, 50, 61, 62, 81, 86], "summary": {"covered_lines": 15, "num_statements": 16, "percent_covered": 93.75, "percent_covered_display": "93.75", "missing_lines": 1, "excluded_lines": 0, "num_branches": 0, "num_partial_branches": 0, "covered_branches": 0, "missing_branches": 0}, "missing_lines": [83], "excluded_lines": [], "executed_branches": [], "missing_branches": []}}}}, "totals": {"covered_lines": 461, "num_statements": 662, "percent_covered": 65.82446808510639, "percent_covered_display": "65.82", "missing_lines": 201, "excluded_lines": 404, "num_branches": 90, "num_partial_branches": 14, "covered_branches": 34, "missing_branches": 56}}